\o Program:		@(#)$CDS: libManager version 31.09 09/10/2010 11:17 (cat91amd) $
\o Sub version:		sub-version  s005 
\o Arguments:		-unmapped -mpssession virtuoso7833 -mpshost hostname1 
\o Working Directory:	hostname1:/root/TSMC180PDK/analog_training_pdk
\o Qt version: 		4.4.1
\o changeWorkingDir("/root/TSMC180PDK/analog_training_pdk") unnecessary.
\o ddSetForcedLib("") unnecessary.
\o Log file is "/root/TSMC180PDK/analog_training_pdk/libManager.log".
\o Opening libManager window.
\a nrSetWindowVisibility(cdsLibManager "show")
\o MPS service: map window
\o Library Manager customization server connected.
\a nrSetCurrentWindow(cdsLibManager)
\a nrResizeWindow(cdsLibManager list(55 23 771 798))
\a cdsLibManager->FileNewLibButton->value = t
\a NewLibShell->QLineEdit2->value = ""
\a nrSetWindowVisibility(NewLibShell->subDialog "show")
\a nrSetWindowVisibility(NewLibShell "show")
\a NewLibShell->QLineEdit2->value = "/root/TSMC180PDK/analog_training_pdk/"
\a nrSetCurrentWindow(NewLibShell)
\a nrSetCurrentWindow(NewLibShell->subDialog)
\a nrResizeWindow(NewLibShell->subDialog list(0 0 414 260))
\a nrResizeWindow(NewLibShell list(0 0 462 512))
\a NewLibShell->newLibNameText->value = "QH"
\a nrDialogAccept(NewLibShell)
\a NewLibShell->subDialog->value = '("/root/TSMC180PDK/analog_training_pdk" "/root/TSMC180PDK/analog_training_pdk/")
\a NewLibShell->newLibOKButton->value = t
\a nrSetWindowVisibility(workingDialogForm "show")
\a NewLibShell->newLibNameText->value = "QH"
\o Created new library "QH" at /root/TSMC180PDK/analog_training_pdk/QH.
\a nrSetCurrentWindow(workingDialogForm)
\a nrSetCurrentWindow(cdsLibManager)
\a nrResizeWindow(workingDialogForm list(5 22 278 131))
\a nrSetCurrentWindow(cdsLibManager)
\a nrSetCurrentWindow(cdsLibManager)
\a nrSetCurrentWindow(cdsLibManager)
\a nrSetCurrentWindow(cdsLibManager)
\a cdsLibManager->libListBox->value = "QH"
\a cdsLibManager->libLineEdit->value = "QH"
\a cdsLibManager->FileNewCVButton->value = t
\a nrSetCurrentWindow(cdsLibManager)
\a cdsLibManager->cellListBox->value = "INV"
\a cdsLibManager->viewListBox->value = "schematic"
\a cdsLibManager->viewLineEdit->value = "schematic"
\a cdsLibManager->cellLineEdit->value = "INV"
\a nrSetCurrentWindow(cdsLibManager)
\o MPS service: shutdown
\o libManager is exiting.
\a nrSetWindowVisibility(cdsLibManager "hide")
\a exit(0)
