
       - TSMC Process Ddesign Kit (PDK) Install Utility V1.0a -

    This perl script is used to install TSMC PDKs from the directory that 
contains the original distribution source files (a super-set of PDKs) to a 
specified destination directory according to the user specified options.

*Avaliable types of MIM cap are: 
   1 - 1.0fF
   2 - 2.0fF
Please enter your choice: (1,2...)
*Avaliable choices are: 
   1 - 1P6M_4X1U(20K UTM)
   2 - 1P5M_3X1U(20K UTM)
   3 - 1P4M_2X1U(20K UTM)
   4 - 1P6M_4X1U(40K UTM)
   5 - 1P5M_3X1U(40K UTM)
   6 - 1P4M_2X1U(40K UTM)
Please enter your choice: (1,2...)
Please enter your Installation Directory Name(Not Directory path): 
Please confirm with your selection : 
*********************************************************
*** Select mimcap : 2.0fF
*** Select package : 1P6M_4X1U(20K UTM)
*** Install to directory : analog_training_pdk
*********************************************************
Are these correct (y|n) ?
====== Unpacking tar files ======
>>> Unpacking tsmc18_lib.tar.gz ......Complete 
>>> Unpacking tsmc18_models.tar.gz ......Complete 
>>> Unpacking tsmc18_techfiles.tar.gz ......Complete 
>>> Unpacking DOC_tsmc18.tar.gz ......Complete 
====== Installing pdk library ======
Running "macro CLEAR_SYMBOLIC" ......
	Running "rm -rf tsmc18/M1_*" ......
	Running "rm -rf tsmc18/M2_*" ......
	Running "rm -rf tsmc18/M3_*" ......
	Running "rm -rf tsmc18/M4_*" ......
	Running "rm -rf tsmc18/M5_*" ......
	Running "rm -rf tsmc18/M6_*" ......
	Running "rm -rf tsmc18/MD_*" ......
	Running "rm -rf tsmc18/MICO_M*" ......
	Running "rm -rf tsmc18/MD_M*" ......
	Running "rm -rf tsmc18/m1_*" ......
	Running "rm -rf tsmc18/m2_*" ......
	Running "rm -rf tsmc18/m3_*" ......
	Running "rm -rf tsmc18/m4_*" ......
	Running "rm -rf tsmc18/m5_*" ......
	Running "rm -rf tsmc18/m6_*" ......
	Running "rm -rf tsmc18/md_*" ......
	Running "rm -rf tsmc18/mico_*" ......
	Running "rm -rf tsmc18/poly1_*" ......
	Running "rm -rf skill/rc_*" ......
Running "cp -f PDK_doc/ReleaseNote.txt ReleaseNote.txt" ......
Running "cp -f TechFiles/font.map font.map" ......
Running "cp -f TechFiles/techfile.6m20k techfile" ......
Running "cp -f TechFiles/Raphael_table/RC_1P6M_4X1U_20K/* skill/" ......
Running "mkdir Assura" ......
Running "mkdir Assura/drc" ......
Running "mkdir Assura/lvs_rcx" ......
Running "cp -f TechFiles/Assura/assura_tech.lib ." ......
Running "cp -f TechFiles/Assura/source.added Assura/lvs_rcx/source.added" ......
Running "cp -f TechFiles/Assura/techRuleSets.6m Assura/techRuleSets" ......
Running "mkdir Calibre" ......
Running "mkdir Calibre/drc" ......
Running "mkdir Calibre/lvs" ......
Running "mkdir Calibre/rcx" ......
Running "cp -rf TechFiles/Calibre/source.added Calibre/lvs/" ......
Running "cp -rf TechFiles/Calibre/source.added Calibre/rcx/" ......
Running "cp -rf TechFiles/Calibre/calview.cellmap Calibre/rcx/calview.cellmap" ......
Running "cp -rf TechFiles/Calibre/xcell Calibre/rcx/" ......
Running "cp -f TechFiles/Calibre_DRC/calibre.drc.6m20k Calibre/drc/calibre.drc" ......
Running "cp -f TechFiles/Calibre_RCX/rules.6m20k Calibre/rcx/rules" ......
Running "tar -xf TechFiles/lib_6m20k.tar" ......
Running "mv -f  tsmc18/rmt_m6    tsmc18/rmt" ......
Running "rm -rf tsmc18/rmt_m5" ......
Running "rm -rf tsmc18/rmt_m4" ......
Running "rm -rf tsmc18/rmu_40k_m*" ......
Running "mv -f  tsmc18/crtmom_m6 tsmc18/crtmom" ......
Running "rm -rf tsmc18/crtmom_m5" ......
Running "rm -rf tsmc18/crtmom_m4" ......
Running "mv -f  tsmc18/cfmom_m6 tsmc18/cfmom" ......
Running "rm -rf tsmc18/cfmom_m5" ......
Running "rm -rf tsmc18/cfmom_m4" ......
Running "mv -f  tsmc18/cfmom_mx_m6 tsmc18/cfmom_mx" ......
Running "rm -rf tsmc18/cfmom_mx_m5" ......
Running "rm -rf tsmc18/cfmom_mx_m4" ......
Running "mv -f  tsmc18/cfmom_rf_m6 tsmc18/cfmom_rf" ......
Running "rm -rf tsmc18/cfmom_rf_m5" ......
Running "rm -rf tsmc18/cfmom_rf_m4" ......
Running "mv -f  tsmc18/spiral_std_mu_x_20k_m6 tsmc18/spiral_std_mu_x_20k" ......
Running "rm -rf tsmc18/spiral_std_mu_x_20k_m5" ......
Running "rm -rf tsmc18/spiral_std_mu_x_20k_m4" ......
Running "rm -rf tsmc18/spiral_std_mu_x_40k_m*" ......
Running "mv -f  tsmc18/spiral_sym_mu_x_20k_m6 tsmc18/spiral_sym_mu_x_20k" ......
Running "rm -rf tsmc18/spiral_sym_mu_x_20k_m5" ......
Running "rm -rf tsmc18/spiral_sym_mu_x_20k_m4" ......
Running "rm -rf tsmc18/spiral_sym_mu_x_40k_m*" ......
Running "mv -f  tsmc18/spiral_sym_ct_mu_x_20k_m6 tsmc18/spiral_sym_ct_mu_x_20k" ......
Running "rm -rf tsmc18/spiral_sym_ct_mu_x_20k_m5" ......
Running "rm -rf tsmc18/spiral_sym_ct_mu_x_20k_m4" ......
Running "rm -rf tsmc18/spiral_sym_ct_mu_x_40k_m*" ......
Running "rm -rf tsmc18/mimcap_rf_40k_m*" ......
Running "rm -rf tsmc18/mimcap_rf_40k_2p0_m*" ......
Running "mv -f  tsmc18/mimcap_2p0_sin_m6 tsmc18/mimcap_2p0_sin" ......
Running "rm -rf tsmc18/mimcap_2p0_sin_m5" ......
Running "rm -rf tsmc18/mimcap_2p0_sin_m4" ......
Running "mv -f  tsmc18/mimcap_2p0_sin_3t_m6 tsmc18/mimcap_2p0_sin_3t" ......
Running "rm -rf tsmc18/mimcap_2p0_sin_3t_m5" ......
Running "rm -rf tsmc18/mimcap_2p0_sin_3t_m4" ......
Running "rm -rf tsmc18/mimcap_1p0_sin_m6" ......
Running "rm -rf tsmc18/mimcap_1p0_sin_m5" ......
Running "rm -rf tsmc18/mimcap_1p0_sin_m4" ......
Running "rm -rf tsmc18/mimcap_1p0_sin_3t_m6" ......
Running "rm -rf tsmc18/mimcap_1p0_sin_3t_m5" ......
Running "rm -rf tsmc18/mimcap_1p0_sin_3t_m4" ......
Running "mv -f  tsmc18/mimcap_rf_2p0_m6 tsmc18/mimcap_rf_2p0" ......
Running "rm -rf tsmc18/mimcap_rf_2p0_m5" ......
Running "rm -rf tsmc18/mimcap_rf_2p0_m4" ......
Running "rm -rf tsmc18/mimcap_rf_m*" ......
Running "cp -rf TechFiles/Assura_DRC/6m/20k2p0/* Assura/drc/" ......
Running "cp -f TechFiles/Assura/switches_PDK_LVS.20k2p0 Assura/lvs_rcx/switches_PDK_LVS" ......
Running "cp -f TechFiles/Assura_LVS_RCX/6m/20k1p0/* Assura/lvs_rcx" ......
Running "cp -f TechFiles/Calibre_DRC/ant.drc.6m20k2p0 Calibre/drc/ant.drc" ......
Running "cp -f TechFiles/Calibre_LVS/calibre.lvs.6m20k2p0 Calibre/lvs/calibre.lvs" ......
Running "cp -f TechFiles/Calibre_LVS/calibre.rcx.6m20k2p0 Calibre/rcx/calibre.rcx" ......
Running "rm -rf ./TechFiles" ......
