KLayout 0.30.3
"polygons" in: FreePDK45_beol_noant.lydrc:42
    Polygons (raw): 16997 (flat)  107 (hierarchical)
    Elapsed: 0.010s  Memory: 433.00M
"polygons" in: FreePDK45_beol_noant.lydrc:43
    Polygons (raw): 14299 (flat)  51 (hierarchical)
    Elapsed: 0.010s  Memory: 433.00M
"polygons" in: FreePDK45_beol_noant.lydrc:44
    Polygons (raw): 14299 (flat)  51 (hierarchical)
    Elapsed: 0.010s  Memory: 433.00M
"polygons" in: FreePDK45_beol_noant.lydrc:45
    Polygons (raw): 13946 (flat)  50 (hierarchical)
    Elapsed: 0.000s  Memory: 433.00M
"polygons" in: FreePDK45_beol_noant.lydrc:46
    Polygons (raw): 13946 (flat)  50 (hierarchical)
    Elapsed: 0.010s  Memory: 433.00M
"polygons" in: FreePDK45_beol_noant.lydrc:47
    Polygons (raw): 0 (flat)  0 (hierarchical)
    Elapsed: 0.000s  Memory: 433.00M
"polygons" in: FreePDK45_beol_noant.lydrc:48
    Polygons (raw): 0 (flat)  0 (hierarchical)
    Elapsed: 0.000s  Memory: 433.00M
"polygons" in: FreePDK45_beol_noant.lydrc:49
    Polygons (raw): 0 (flat)  0 (hierarchical)
    Elapsed: 0.000s  Memory: 433.00M
"polygons" in: FreePDK45_beol_noant.lydrc:50
    Polygons (raw): 40412 (flat)  275 (hierarchical)
    Elapsed: 0.000s  Memory: 433.00M
"polygons" in: FreePDK45_beol_noant.lydrc:51
    Polygons (raw): 118522 (flat)  1138 (hierarchical)
    Elapsed: 0.010s  Memory: 433.00M
"polygons" in: FreePDK45_beol_noant.lydrc:52
    Polygons (raw): 96436 (flat)  659 (hierarchical)
    Elapsed: 0.010s  Memory: 434.00M
"polygons" in: FreePDK45_beol_noant.lydrc:53
    Polygons (raw): 17532 (flat)  5 (hierarchical)
    Elapsed: 0.000s  Memory: 434.00M
"polygons" in: FreePDK45_beol_noant.lydrc:54
    Polygons (raw): 43170 (flat)  15098 (hierarchical)
    Elapsed: 0.020s  Memory: 434.00M
"polygons" in: FreePDK45_beol_noant.lydrc:55
    Polygons (raw): 12533 (flat)  4 (hierarchical)
    Elapsed: 0.010s  Memory: 434.00M
"polygons" in: FreePDK45_beol_noant.lydrc:56
    Polygons (raw): 19224 (flat)  6862 (hierarchical)
    Elapsed: 0.010s  Memory: 434.00M
"polygons" in: FreePDK45_beol_noant.lydrc:57
    Polygons (raw): 1821 (flat)  4 (hierarchical)
    Elapsed: 0.010s  Memory: 435.00M
"polygons" in: FreePDK45_beol_noant.lydrc:58
    Polygons (raw): 1341 (flat)  268 (hierarchical)
    Elapsed: 0.010s  Memory: 435.00M
"polygons" in: FreePDK45_beol_noant.lydrc:59
    Polygons (raw): 691 (flat)  11 (hierarchical)
    Elapsed: 0.000s  Memory: 435.00M
"polygons" in: FreePDK45_beol_noant.lydrc:60
    Polygons (raw): 450 (flat)  145 (hierarchical)
    Elapsed: 0.010s  Memory: 435.00M
"polygons" in: FreePDK45_beol_noant.lydrc:61
    Polygons (raw): 500 (flat)  11 (hierarchical)
    Elapsed: 0.000s  Memory: 435.00M
"polygons" in: FreePDK45_beol_noant.lydrc:62
    Polygons (raw): 130 (flat)  25 (hierarchical)
    Elapsed: 0.010s  Memory: 435.00M
"polygons" in: FreePDK45_beol_noant.lydrc:63
    Polygons (raw): 196 (flat)  4 (hierarchical)
    Elapsed: 0.010s  Memory: 435.00M
"polygons" in: FreePDK45_beol_noant.lydrc:64
    Polygons (raw): 77 (flat)  29 (hierarchical)
    Elapsed: 0.010s  Memory: 435.00M
"polygons" in: FreePDK45_beol_noant.lydrc:65
    Polygons (raw): 0 (flat)  0 (hierarchical)
    Elapsed: 0.010s  Memory: 435.00M
"polygons" in: FreePDK45_beol_noant.lydrc:66
    Polygons (raw): 0 (flat)  0 (hierarchical)
    Elapsed: 0.000s  Memory: 435.00M
"polygons" in: FreePDK45_beol_noant.lydrc:67
    Polygons (raw): 0 (flat)  0 (hierarchical)
    Elapsed: 0.000s  Memory: 435.00M
"polygons" in: FreePDK45_beol_noant.lydrc:68
    Polygons (raw): 0 (flat)  0 (hierarchical)
    Elapsed: 0.000s  Memory: 435.00M
"polygons" in: FreePDK45_beol_noant.lydrc:69
    Polygons (raw): 0 (flat)  0 (hierarchical)
    Elapsed: 0.000s  Memory: 435.00M
"polygons" in: FreePDK45_beol_noant.lydrc:70
    Polygons (raw): 0 (flat)  0 (hierarchical)
    Elapsed: 0.000s  Memory: 435.00M
BEOL checks
"width" in: FreePDK45_beol_noant.lydrc:143
    Edge pairs: 0 (flat)  0 (hierarchical)
    Elapsed: 0.870s  Memory: 448.00M
"output" in: FreePDK45_beol_noant.lydrc:143
    Edge pairs: 0 (flat)  0 (hierarchical)
    Elapsed: 0.020s  Memory: 448.00M
"space" in: FreePDK45_beol_noant.lydrc:144
    Edge pairs: 0 (flat)  0 (hierarchical)
    Elapsed: 5.200s  Memory: 482.00M
"output" in: FreePDK45_beol_noant.lydrc:144
    Edge pairs: 0 (flat)  0 (hierarchical)
    Elapsed: 0.020s  Memory: 451.00M
"enclosing" in: FreePDK45_beol_noant.lydrc:145
    Edge pairs: 222653 (flat)  151109 (hierarchical)
    Elapsed: 2.030s  Memory: 482.00M
"second_edges" in: FreePDK45_beol_noant.lydrc:145
    Edges: 222653 (flat)  151109 (hierarchical)
    Elapsed: 0.020s  Memory: 487.00M
"width" in: FreePDK45_beol_noant.lydrc:146
    Edge pairs: 0 (flat)  0 (hierarchical)
    Elapsed: 0.590s  Memory: 531.00M
"polygons" in: FreePDK45_beol_noant.lydrc:147
    Polygons (raw): 0 (flat)  0 (hierarchical)
    Elapsed: 0.010s  Memory: 526.00M
"interacting" in: FreePDK45_beol_noant.lydrc:147
    Polygons (raw): 0 (flat)  0 (hierarchical)
    Elapsed: 0.000s  Memory: 526.00M
"output" in: FreePDK45_beol_noant.lydrc:147
    Polygons (raw): 0 (flat)  0 (hierarchical)
    Elapsed: 0.000s  Memory: 526.00M
"enclosing" in: FreePDK45_beol_noant.lydrc:148
    Edge pairs: 22401 (flat)  22401 (hierarchical)
    Elapsed: 0.330s  Memory: 527.00M
"second_edges" in: FreePDK45_beol_noant.lydrc:148
    Edges: 22401 (flat)  22401 (hierarchical)
    Elapsed: 0.010s  Memory: 527.00M
"width" in: FreePDK45_beol_noant.lydrc:149
    Edge pairs: 0 (flat)  0 (hierarchical)
    Elapsed: 0.060s  Memory: 527.00M
"polygons" in: FreePDK45_beol_noant.lydrc:150
    Polygons (raw): 0 (flat)  0 (hierarchical)
    Elapsed: 0.000s  Memory: 527.00M
"interacting" in: FreePDK45_beol_noant.lydrc:150
    Polygons (raw): 0 (flat)  0 (hierarchical)
    Elapsed: 0.010s  Memory: 527.00M
"output" in: FreePDK45_beol_noant.lydrc:150
    Polygons (raw): 0 (flat)  0 (hierarchical)
    Elapsed: 0.000s  Memory: 527.00M
"sized" in: FreePDK45_beol_noant.lydrc:78
    Polygons (raw): 15213 (flat)  11917 (hierarchical)
    Elapsed: 0.240s  Memory: 527.00M
"sized" in: FreePDK45_beol_noant.lydrc:78
    Polygons (raw): 15213 (flat)  11917 (hierarchical)
    Elapsed: 0.030s  Memory: 527.00M
"sized" in: FreePDK45_beol_noant.lydrc:78
    Polygons (raw): 1 (flat)  1 (hierarchical)
    Elapsed: 0.200s  Memory: 527.00M
"sized" in: FreePDK45_beol_noant.lydrc:78
    Polygons (raw): 1 (flat)  1 (hierarchical)
    Elapsed: 0.030s  Memory: 527.00M
"sized" in: FreePDK45_beol_noant.lydrc:78
    Polygons (raw): 0 (flat)  0 (hierarchical)
    Elapsed: 0.010s  Memory: 527.00M
"sized" in: FreePDK45_beol_noant.lydrc:78
    Polygons (raw): 0 (flat)  0 (hierarchical)
    Elapsed: 0.010s  Memory: 527.00M
"sized" in: FreePDK45_beol_noant.lydrc:78
    Polygons (raw): 0 (flat)  0 (hierarchical)
    Elapsed: 0.000s  Memory: 527.00M
"sized" in: FreePDK45_beol_noant.lydrc:78
    Polygons (raw): 0 (flat)  0 (hierarchical)
    Elapsed: 0.010s  Memory: 527.00M
"sized" in: FreePDK45_beol_noant.lydrc:78
    Polygons (raw): 0 (flat)  0 (hierarchical)
    Elapsed: 0.000s  Memory: 527.00M
"sized" in: FreePDK45_beol_noant.lydrc:78
    Polygons (raw): 0 (flat)  0 (hierarchical)
    Elapsed: 0.000s  Memory: 527.00M
"edges" in: FreePDK45_beol_noant.lydrc:152
    Edges: 74176 (flat)  60992 (hierarchical)
    Elapsed: 0.010s  Memory: 527.00M
"with_length" in: FreePDK45_beol_noant.lydrc:152
    Edges: 11390 (flat)  8112 (hierarchical)
    Elapsed: 0.010s  Memory: 527.00M
"space" in: FreePDK45_beol_noant.lydrc:152
    Edge pairs: 0 (flat)  0 (hierarchical)
    Elapsed: 0.030s  Memory: 528.00M
"output" in: FreePDK45_beol_noant.lydrc:152
    Edge pairs: 0 (flat)  0 (hierarchical)
    Elapsed: 0.010s  Memory: 528.00M
"edges" in: FreePDK45_beol_noant.lydrc:153
    Edges: 4 (flat)  4 (hierarchical)
    Elapsed: 0.000s  Memory: 528.00M
"with_length" in: FreePDK45_beol_noant.lydrc:153
    Edges: 0 (flat)  0 (hierarchical)
    Elapsed: 0.000s  Memory: 528.00M
"space" in: FreePDK45_beol_noant.lydrc:153
    Edge pairs: 0 (flat)  0 (hierarchical)
    Elapsed: 0.010s  Memory: 528.00M
"output" in: FreePDK45_beol_noant.lydrc:153
    Edge pairs: 0 (flat)  0 (hierarchical)
    Elapsed: 0.010s  Memory: 528.00M
"edges" in: FreePDK45_beol_noant.lydrc:154
    Edges: 0 (flat)  0 (hierarchical)
    Elapsed: 0.000s  Memory: 528.00M
"with_length" in: FreePDK45_beol_noant.lydrc:154
    Edges: 0 (flat)  0 (hierarchical)
    Elapsed: 0.010s  Memory: 528.00M
"space" in: FreePDK45_beol_noant.lydrc:154
    Edge pairs: 0 (flat)  0 (hierarchical)
    Elapsed: 0.010s  Memory: 528.00M
"output" in: FreePDK45_beol_noant.lydrc:154
    Edge pairs: 0 (flat)  0 (hierarchical)
    Elapsed: 0.010s  Memory: 528.00M
"edges" in: FreePDK45_beol_noant.lydrc:155
    Edges: 0 (flat)  0 (hierarchical)
    Elapsed: 0.010s  Memory: 528.00M
"with_length" in: FreePDK45_beol_noant.lydrc:155
    Edges: 0 (flat)  0 (hierarchical)
    Elapsed: 0.010s  Memory: 528.00M
"space" in: FreePDK45_beol_noant.lydrc:155
    Edge pairs: 0 (flat)  0 (hierarchical)
    Elapsed: 0.010s  Memory: 528.00M
"output" in: FreePDK45_beol_noant.lydrc:155
    Edge pairs: 0 (flat)  0 (hierarchical)
    Elapsed: 0.010s  Memory: 528.00M
"edges" in: FreePDK45_beol_noant.lydrc:156
    Edges: 0 (flat)  0 (hierarchical)
    Elapsed: 0.010s  Memory: 528.00M
"with_length" in: FreePDK45_beol_noant.lydrc:156
    Edges: 0 (flat)  0 (hierarchical)
    Elapsed: 0.010s  Memory: 528.00M
"space" in: FreePDK45_beol_noant.lydrc:156
    Edge pairs: 0 (flat)  0 (hierarchical)
    Elapsed: 0.010s  Memory: 528.00M
"output" in: FreePDK45_beol_noant.lydrc:156
    Edge pairs: 0 (flat)  0 (hierarchical)
    Elapsed: 0.000s  Memory: 528.00M
"width" in: FreePDK45_beol_noant.lydrc:159
    Edge pairs: 0 (flat)  0 (hierarchical)
    Elapsed: 0.040s  Memory: 528.00M
"output" in: FreePDK45_beol_noant.lydrc:159
    Edge pairs: 0 (flat)  0 (hierarchical)
    Elapsed: 0.010s  Memory: 528.00M
"space" in: FreePDK45_beol_noant.lydrc:160
    Edge pairs: 0 (flat)  0 (hierarchical)
    Elapsed: 0.060s  Memory: 528.00M
"output" in: FreePDK45_beol_noant.lydrc:160
    Edge pairs: 0 (flat)  0 (hierarchical)
    Elapsed: 0.010s  Memory: 528.00M
"-" in: FreePDK45_beol_noant.lydrc:161
    Polygons (raw): 0 (flat)  0 (hierarchical)
    Elapsed: 0.160s  Memory: 528.00M
"output" in: FreePDK45_beol_noant.lydrc:161
    Polygons (raw): 0 (flat)  0 (hierarchical)
    Elapsed: 0.030s  Memory: 528.00M
"-" in: FreePDK45_beol_noant.lydrc:162
    Polygons (raw): 0 (flat)  0 (hierarchical)
    Elapsed: 0.140s  Memory: 528.00M
"output" in: FreePDK45_beol_noant.lydrc:162
    Polygons (raw): 0 (flat)  0 (hierarchical)
    Elapsed: 0.010s  Memory: 528.00M
"width" in: FreePDK45_beol_noant.lydrc:165
    Edge pairs: 0 (flat)  0 (hierarchical)
    Elapsed: 0.370s  Memory: 528.00M
"output" in: FreePDK45_beol_noant.lydrc:165
    Edge pairs: 0 (flat)  0 (hierarchical)
    Elapsed: 0.030s  Memory: 528.00M
"space" in: FreePDK45_beol_noant.lydrc:166
    Edge pairs: 0 (flat)  0 (hierarchical)
    Elapsed: 0.630s  Memory: 538.00M
"output" in: FreePDK45_beol_noant.lydrc:166
    Edge pairs: 0 (flat)  0 (hierarchical)
    Elapsed: 0.010s  Memory: 538.00M
"enclosing" in: FreePDK45_beol_noant.lydrc:167
    Edge pairs: 28778 (flat)  28778 (hierarchical)
    Elapsed: 0.220s  Memory: 539.00M
"second_edges" in: FreePDK45_beol_noant.lydrc:167
    Edges: 28778 (flat)  28778 (hierarchical)
    Elapsed: 0.000s  Memory: 539.00M
"width" in: FreePDK45_beol_noant.lydrc:168
    Edge pairs: 0 (flat)  0 (hierarchical)
    Elapsed: 0.070s  Memory: 539.00M
"polygons" in: FreePDK45_beol_noant.lydrc:169
    Polygons (raw): 0 (flat)  0 (hierarchical)
    Elapsed: 0.000s  Memory: 539.00M
"interacting" in: FreePDK45_beol_noant.lydrc:169
    Polygons (raw): 0 (flat)  0 (hierarchical)
    Elapsed: 0.000s  Memory: 539.00M
"output" in: FreePDK45_beol_noant.lydrc:169
    Polygons (raw): 0 (flat)  0 (hierarchical)
    Elapsed: 0.010s  Memory: 539.00M
"enclosing" in: FreePDK45_beol_noant.lydrc:170
    Edge pairs: 21919 (flat)  21919 (hierarchical)
    Elapsed: 0.160s  Memory: 539.00M
"second_edges" in: FreePDK45_beol_noant.lydrc:170
    Edges: 21919 (flat)  21919 (hierarchical)
    Elapsed: 0.000s  Memory: 539.00M
"width" in: FreePDK45_beol_noant.lydrc:171
    Edge pairs: 0 (flat)  0 (hierarchical)
    Elapsed: 0.060s  Memory: 539.00M
"polygons" in: FreePDK45_beol_noant.lydrc:172
    Polygons (raw): 0 (flat)  0 (hierarchical)
    Elapsed: 0.000s  Memory: 539.00M
"interacting" in: FreePDK45_beol_noant.lydrc:172
    Polygons (raw): 0 (flat)  0 (hierarchical)
    Elapsed: 0.000s  Memory: 539.00M
"output" in: FreePDK45_beol_noant.lydrc:172
    Polygons (raw): 0 (flat)  0 (hierarchical)
    Elapsed: 0.010s  Memory: 539.00M
"sized" in: FreePDK45_beol_noant.lydrc:78
    Polygons (raw): 503 (flat)  503 (hierarchical)
    Elapsed: 0.060s  Memory: 539.00M
"sized" in: FreePDK45_beol_noant.lydrc:78
    Polygons (raw): 503 (flat)  503 (hierarchical)
    Elapsed: 0.000s  Memory: 539.00M
"sized" in: FreePDK45_beol_noant.lydrc:78
    Polygons (raw): 0 (flat)  0 (hierarchical)
    Elapsed: 0.010s  Memory: 539.00M
"sized" in: FreePDK45_beol_noant.lydrc:78
    Polygons (raw): 0 (flat)  0 (hierarchical)
    Elapsed: 0.010s  Memory: 539.00M
"sized" in: FreePDK45_beol_noant.lydrc:78
    Polygons (raw): 0 (flat)  0 (hierarchical)
    Elapsed: 0.000s  Memory: 539.00M
"sized" in: FreePDK45_beol_noant.lydrc:78
    Polygons (raw): 0 (flat)  0 (hierarchical)
    Elapsed: 0.000s  Memory: 539.00M
"sized" in: FreePDK45_beol_noant.lydrc:78
    Polygons (raw): 0 (flat)  0 (hierarchical)
    Elapsed: 0.000s  Memory: 539.00M
"sized" in: FreePDK45_beol_noant.lydrc:78
    Polygons (raw): 0 (flat)  0 (hierarchical)
    Elapsed: 0.010s  Memory: 539.00M
"sized" in: FreePDK45_beol_noant.lydrc:78
    Polygons (raw): 0 (flat)  0 (hierarchical)
    Elapsed: 0.000s  Memory: 539.00M
"sized" in: FreePDK45_beol_noant.lydrc:78
    Polygons (raw): 0 (flat)  0 (hierarchical)
    Elapsed: 0.000s  Memory: 539.00M
"edges" in: FreePDK45_beol_noant.lydrc:174
    Edges: 2012 (flat)  2012 (hierarchical)
    Elapsed: 0.000s  Memory: 539.00M
"with_length" in: FreePDK45_beol_noant.lydrc:174
    Edges: 994 (flat)  994 (hierarchical)
    Elapsed: 0.000s  Memory: 539.00M
"space" in: FreePDK45_beol_noant.lydrc:174
    Edge pairs: 0 (flat)  0 (hierarchical)
    Elapsed: 0.010s  Memory: 539.00M
"output" in: FreePDK45_beol_noant.lydrc:174
    Edge pairs: 0 (flat)  0 (hierarchical)
    Elapsed: 0.000s  Memory: 539.00M
"edges" in: FreePDK45_beol_noant.lydrc:175
    Edges: 0 (flat)  0 (hierarchical)
    Elapsed: 0.010s  Memory: 539.00M
"with_length" in: FreePDK45_beol_noant.lydrc:175
    Edges: 0 (flat)  0 (hierarchical)
    Elapsed: 0.010s  Memory: 539.00M
"space" in: FreePDK45_beol_noant.lydrc:175
    Edge pairs: 0 (flat)  0 (hierarchical)
    Elapsed: 0.010s  Memory: 539.00M
"output" in: FreePDK45_beol_noant.lydrc:175
    Edge pairs: 0 (flat)  0 (hierarchical)
    Elapsed: 0.010s  Memory: 539.00M
"edges" in: FreePDK45_beol_noant.lydrc:176
    Edges: 0 (flat)  0 (hierarchical)
    Elapsed: 0.000s  Memory: 539.00M
"with_length" in: FreePDK45_beol_noant.lydrc:176
    Edges: 0 (flat)  0 (hierarchical)
    Elapsed: 0.010s  Memory: 539.00M
"space" in: FreePDK45_beol_noant.lydrc:176
    Edge pairs: 0 (flat)  0 (hierarchical)
    Elapsed: 0.020s  Memory: 539.00M
"output" in: FreePDK45_beol_noant.lydrc:176
    Edge pairs: 0 (flat)  0 (hierarchical)
    Elapsed: 0.000s  Memory: 539.00M
"edges" in: FreePDK45_beol_noant.lydrc:177
    Edges: 0 (flat)  0 (hierarchical)
    Elapsed: 0.000s  Memory: 539.00M
"with_length" in: FreePDK45_beol_noant.lydrc:177
    Edges: 0 (flat)  0 (hierarchical)
    Elapsed: 0.010s  Memory: 539.00M
"space" in: FreePDK45_beol_noant.lydrc:177
    Edge pairs: 0 (flat)  0 (hierarchical)
    Elapsed: 0.000s  Memory: 539.00M
"output" in: FreePDK45_beol_noant.lydrc:177
    Edge pairs: 0 (flat)  0 (hierarchical)
    Elapsed: 0.000s  Memory: 539.00M
"edges" in: FreePDK45_beol_noant.lydrc:178
    Edges: 0 (flat)  0 (hierarchical)
    Elapsed: 0.000s  Memory: 539.00M
"with_length" in: FreePDK45_beol_noant.lydrc:178
    Edges: 0 (flat)  0 (hierarchical)
    Elapsed: 0.010s  Memory: 539.00M
"space" in: FreePDK45_beol_noant.lydrc:178
    Edge pairs: 0 (flat)  0 (hierarchical)
    Elapsed: 0.010s  Memory: 539.00M
"output" in: FreePDK45_beol_noant.lydrc:178
    Edge pairs: 0 (flat)  0 (hierarchical)
    Elapsed: 0.000s  Memory: 539.00M
"width" in: FreePDK45_beol_noant.lydrc:181
    Edge pairs: 0 (flat)  0 (hierarchical)
    Elapsed: 0.030s  Memory: 539.00M
"output" in: FreePDK45_beol_noant.lydrc:181
    Edge pairs: 0 (flat)  0 (hierarchical)
    Elapsed: 0.010s  Memory: 539.00M
"space" in: FreePDK45_beol_noant.lydrc:182
    Edge pairs: 0 (flat)  0 (hierarchical)
    Elapsed: 0.040s  Memory: 541.00M
"output" in: FreePDK45_beol_noant.lydrc:182
    Edge pairs: 0 (flat)  0 (hierarchical)
    Elapsed: 0.000s  Memory: 541.00M
"-" in: FreePDK45_beol_noant.lydrc:183
    Polygons (raw): 0 (flat)  0 (hierarchical)
    Elapsed: 0.100s  Memory: 545.00M
"output" in: FreePDK45_beol_noant.lydrc:183
    Polygons (raw): 0 (flat)  0 (hierarchical)
    Elapsed: 0.010s  Memory: 545.00M
"-" in: FreePDK45_beol_noant.lydrc:184
    Polygons (raw): 0 (flat)  0 (hierarchical)
    Elapsed: 0.100s  Memory: 550.00M
"output" in: FreePDK45_beol_noant.lydrc:184
    Polygons (raw): 0 (flat)  0 (hierarchical)
    Elapsed: 0.000s  Memory: 550.00M
"width" in: FreePDK45_beol_noant.lydrc:187
    Edge pairs: 0 (flat)  0 (hierarchical)
    Elapsed: 0.140s  Memory: 550.00M
"output" in: FreePDK45_beol_noant.lydrc:187
    Edge pairs: 0 (flat)  0 (hierarchical)
    Elapsed: 0.000s  Memory: 550.00M
"space" in: FreePDK45_beol_noant.lydrc:188
    Edge pairs: 0 (flat)  0 (hierarchical)
    Elapsed: 0.220s  Memory: 552.00M
"output" in: FreePDK45_beol_noant.lydrc:188
    Edge pairs: 0 (flat)  0 (hierarchical)
    Elapsed: 0.010s  Memory: 552.00M
"enclosing" in: FreePDK45_beol_noant.lydrc:189
    Edge pairs: 21987 (flat)  21987 (hierarchical)
    Elapsed: 0.160s  Memory: 552.00M
"second_edges" in: FreePDK45_beol_noant.lydrc:189
    Edges: 21987 (flat)  21987 (hierarchical)
    Elapsed: 0.000s  Memory: 552.00M
"width" in: FreePDK45_beol_noant.lydrc:190
    Edge pairs: 0 (flat)  0 (hierarchical)
    Elapsed: 0.050s  Memory: 552.00M
"polygons" in: FreePDK45_beol_noant.lydrc:191
    Polygons (raw): 0 (flat)  0 (hierarchical)
    Elapsed: 0.000s  Memory: 552.00M
"interacting" in: FreePDK45_beol_noant.lydrc:191
    Polygons (raw): 0 (flat)  0 (hierarchical)
    Elapsed: 0.010s  Memory: 552.00M
"output" in: FreePDK45_beol_noant.lydrc:191
    Polygons (raw): 0 (flat)  0 (hierarchical)
    Elapsed: 0.010s  Memory: 552.00M
"enclosing" in: FreePDK45_beol_noant.lydrc:192
    Edge pairs: 656 (flat)  656 (hierarchical)
    Elapsed: 0.020s  Memory: 552.00M
"second_edges" in: FreePDK45_beol_noant.lydrc:192
    Edges: 656 (flat)  656 (hierarchical)
    Elapsed: 0.000s  Memory: 552.00M
"width" in: FreePDK45_beol_noant.lydrc:193
    Edge pairs: 0 (flat)  0 (hierarchical)
    Elapsed: 0.020s  Memory: 552.00M
"polygons" in: FreePDK45_beol_noant.lydrc:194
    Polygons (raw): 0 (flat)  0 (hierarchical)
    Elapsed: 0.000s  Memory: 552.00M
"interacting" in: FreePDK45_beol_noant.lydrc:194
    Polygons (raw): 0 (flat)  0 (hierarchical)
    Elapsed: 0.000s  Memory: 552.00M
"output" in: FreePDK45_beol_noant.lydrc:194
    Polygons (raw): 0 (flat)  0 (hierarchical)
    Elapsed: 0.000s  Memory: 552.00M
"sized" in: FreePDK45_beol_noant.lydrc:78
    Polygons (raw): 497 (flat)  497 (hierarchical)
    Elapsed: 0.020s  Memory: 552.00M
"sized" in: FreePDK45_beol_noant.lydrc:78
    Polygons (raw): 497 (flat)  497 (hierarchical)
    Elapsed: 0.000s  Memory: 552.00M
"sized" in: FreePDK45_beol_noant.lydrc:78
    Polygons (raw): 0 (flat)  0 (hierarchical)
    Elapsed: 0.010s  Memory: 552.00M
"sized" in: FreePDK45_beol_noant.lydrc:78
    Polygons (raw): 0 (flat)  0 (hierarchical)
    Elapsed: 0.010s  Memory: 552.00M
"sized" in: FreePDK45_beol_noant.lydrc:78
    Polygons (raw): 0 (flat)  0 (hierarchical)
    Elapsed: 0.000s  Memory: 552.00M
"sized" in: FreePDK45_beol_noant.lydrc:78
    Polygons (raw): 0 (flat)  0 (hierarchical)
    Elapsed: 0.020s  Memory: 552.00M
"sized" in: FreePDK45_beol_noant.lydrc:78
    Polygons (raw): 0 (flat)  0 (hierarchical)
    Elapsed: 0.000s  Memory: 552.00M
"sized" in: FreePDK45_beol_noant.lydrc:78
    Polygons (raw): 0 (flat)  0 (hierarchical)
    Elapsed: 0.010s  Memory: 552.00M
"sized" in: FreePDK45_beol_noant.lydrc:78
    Polygons (raw): 0 (flat)  0 (hierarchical)
    Elapsed: 0.010s  Memory: 552.00M
"sized" in: FreePDK45_beol_noant.lydrc:78
    Polygons (raw): 0 (flat)  0 (hierarchical)
    Elapsed: 0.000s  Memory: 552.00M
"edges" in: FreePDK45_beol_noant.lydrc:196
    Edges: 1988 (flat)  1988 (hierarchical)
    Elapsed: 0.000s  Memory: 552.00M
"with_length" in: FreePDK45_beol_noant.lydrc:196
    Edges: 994 (flat)  994 (hierarchical)
    Elapsed: 0.010s  Memory: 552.00M
"space" in: FreePDK45_beol_noant.lydrc:196
    Edge pairs: 0 (flat)  0 (hierarchical)
    Elapsed: 0.010s  Memory: 552.00M
"output" in: FreePDK45_beol_noant.lydrc:196
    Edge pairs: 0 (flat)  0 (hierarchical)
    Elapsed: 0.010s  Memory: 552.00M
"edges" in: FreePDK45_beol_noant.lydrc:197
    Edges: 0 (flat)  0 (hierarchical)
    Elapsed: 0.010s  Memory: 552.00M
"with_length" in: FreePDK45_beol_noant.lydrc:197
    Edges: 0 (flat)  0 (hierarchical)
    Elapsed: 0.010s  Memory: 552.00M
"space" in: FreePDK45_beol_noant.lydrc:197
    Edge pairs: 0 (flat)  0 (hierarchical)
    Elapsed: 0.010s  Memory: 552.00M
"output" in: FreePDK45_beol_noant.lydrc:197
    Edge pairs: 0 (flat)  0 (hierarchical)
    Elapsed: 0.010s  Memory: 552.00M
"edges" in: FreePDK45_beol_noant.lydrc:198
    Edges: 0 (flat)  0 (hierarchical)
    Elapsed: 0.010s  Memory: 552.00M
"with_length" in: FreePDK45_beol_noant.lydrc:198
    Edges: 0 (flat)  0 (hierarchical)
    Elapsed: 0.010s  Memory: 552.00M
"space" in: FreePDK45_beol_noant.lydrc:198
    Edge pairs: 0 (flat)  0 (hierarchical)
    Elapsed: 0.010s  Memory: 552.00M
"output" in: FreePDK45_beol_noant.lydrc:198
    Edge pairs: 0 (flat)  0 (hierarchical)
    Elapsed: 0.010s  Memory: 552.00M
"edges" in: FreePDK45_beol_noant.lydrc:199
    Edges: 0 (flat)  0 (hierarchical)
    Elapsed: 0.010s  Memory: 552.00M
"with_length" in: FreePDK45_beol_noant.lydrc:199
    Edges: 0 (flat)  0 (hierarchical)
    Elapsed: 0.010s  Memory: 552.00M
"space" in: FreePDK45_beol_noant.lydrc:199
    Edge pairs: 0 (flat)  0 (hierarchical)
    Elapsed: 0.000s  Memory: 552.00M
"output" in: FreePDK45_beol_noant.lydrc:199
    Edge pairs: 0 (flat)  0 (hierarchical)
    Elapsed: 0.010s  Memory: 552.00M
"edges" in: FreePDK45_beol_noant.lydrc:200
    Edges: 0 (flat)  0 (hierarchical)
    Elapsed: 0.010s  Memory: 552.00M
"with_length" in: FreePDK45_beol_noant.lydrc:200
    Edges: 0 (flat)  0 (hierarchical)
    Elapsed: 0.010s  Memory: 552.00M
"space" in: FreePDK45_beol_noant.lydrc:200
    Edge pairs: 0 (flat)  0 (hierarchical)
    Elapsed: 0.010s  Memory: 552.00M
"output" in: FreePDK45_beol_noant.lydrc:200
    Edge pairs: 0 (flat)  0 (hierarchical)
    Elapsed: 0.010s  Memory: 552.00M
"width" in: FreePDK45_beol_noant.lydrc:203
    Edge pairs: 0 (flat)  0 (hierarchical)
    Elapsed: 0.020s  Memory: 552.00M
"output" in: FreePDK45_beol_noant.lydrc:203
    Edge pairs: 0 (flat)  0 (hierarchical)
    Elapsed: 0.010s  Memory: 552.00M
"space" in: FreePDK45_beol_noant.lydrc:204
    Edge pairs: 0 (flat)  0 (hierarchical)
    Elapsed: 0.010s  Memory: 552.00M
"output" in: FreePDK45_beol_noant.lydrc:204
    Edge pairs: 0 (flat)  0 (hierarchical)
    Elapsed: 0.000s  Memory: 552.00M
"-" in: FreePDK45_beol_noant.lydrc:205
    Polygons (raw): 0 (flat)  0 (hierarchical)
    Elapsed: 0.040s  Memory: 552.00M
"output" in: FreePDK45_beol_noant.lydrc:205
    Polygons (raw): 0 (flat)  0 (hierarchical)
    Elapsed: 0.010s  Memory: 552.00M
"-" in: FreePDK45_beol_noant.lydrc:206
    Polygons (raw): 0 (flat)  0 (hierarchical)
    Elapsed: 0.030s  Memory: 552.00M
"output" in: FreePDK45_beol_noant.lydrc:206
    Polygons (raw): 0 (flat)  0 (hierarchical)
    Elapsed: 0.010s  Memory: 552.00M
"width" in: FreePDK45_beol_noant.lydrc:209
    Edge pairs: 0 (flat)  0 (hierarchical)
    Elapsed: 0.030s  Memory: 552.00M
"output" in: FreePDK45_beol_noant.lydrc:209
    Edge pairs: 0 (flat)  0 (hierarchical)
    Elapsed: 0.010s  Memory: 552.00M
"space" in: FreePDK45_beol_noant.lydrc:210
    Edge pairs: 0 (flat)  0 (hierarchical)
    Elapsed: 0.030s  Memory: 552.00M
"output" in: FreePDK45_beol_noant.lydrc:210
    Edge pairs: 0 (flat)  0 (hierarchical)
    Elapsed: 0.020s  Memory: 552.00M
"sized" in: FreePDK45_beol_noant.lydrc:78
    Polygons (raw): 7 (flat)  7 (hierarchical)
    Elapsed: 0.010s  Memory: 552.00M
"sized" in: FreePDK45_beol_noant.lydrc:78
    Polygons (raw): 7 (flat)  7 (hierarchical)
    Elapsed: 0.010s  Memory: 552.00M
"sized" in: FreePDK45_beol_noant.lydrc:78
    Polygons (raw): 0 (flat)  0 (hierarchical)
    Elapsed: 0.010s  Memory: 552.00M
"sized" in: FreePDK45_beol_noant.lydrc:78
    Polygons (raw): 0 (flat)  0 (hierarchical)
    Elapsed: 0.010s  Memory: 552.00M
"sized" in: FreePDK45_beol_noant.lydrc:78
    Polygons (raw): 0 (flat)  0 (hierarchical)
    Elapsed: 0.010s  Memory: 552.00M
"sized" in: FreePDK45_beol_noant.lydrc:78
    Polygons (raw): 0 (flat)  0 (hierarchical)
    Elapsed: 0.000s  Memory: 552.00M
"edges" in: FreePDK45_beol_noant.lydrc:212
    Edges: 28 (flat)  28 (hierarchical)
    Elapsed: 0.000s  Memory: 552.00M
"with_length" in: FreePDK45_beol_noant.lydrc:212
    Edges: 14 (flat)  14 (hierarchical)
    Elapsed: 0.010s  Memory: 552.00M
"space" in: FreePDK45_beol_noant.lydrc:212
    Edge pairs: 0 (flat)  0 (hierarchical)
    Elapsed: 0.010s  Memory: 552.00M
"output" in: FreePDK45_beol_noant.lydrc:212
    Edge pairs: 0 (flat)  0 (hierarchical)
    Elapsed: 0.010s  Memory: 552.00M
"edges" in: FreePDK45_beol_noant.lydrc:213
    Edges: 0 (flat)  0 (hierarchical)
    Elapsed: 0.010s  Memory: 552.00M
"with_length" in: FreePDK45_beol_noant.lydrc:213
    Edges: 0 (flat)  0 (hierarchical)
    Elapsed: 0.010s  Memory: 552.00M
"space" in: FreePDK45_beol_noant.lydrc:213
    Edge pairs: 0 (flat)  0 (hierarchical)
    Elapsed: 0.010s  Memory: 552.00M
"output" in: FreePDK45_beol_noant.lydrc:213
    Edge pairs: 0 (flat)  0 (hierarchical)
    Elapsed: 0.010s  Memory: 552.00M
"edges" in: FreePDK45_beol_noant.lydrc:214
    Edges: 0 (flat)  0 (hierarchical)
    Elapsed: 0.010s  Memory: 552.00M
"with_length" in: FreePDK45_beol_noant.lydrc:214
    Edges: 0 (flat)  0 (hierarchical)
    Elapsed: 0.010s  Memory: 552.00M
"space" in: FreePDK45_beol_noant.lydrc:214
    Edge pairs: 0 (flat)  0 (hierarchical)
    Elapsed: 0.010s  Memory: 552.00M
"output" in: FreePDK45_beol_noant.lydrc:214
    Edge pairs: 0 (flat)  0 (hierarchical)
    Elapsed: 0.010s  Memory: 552.00M
"width" in: FreePDK45_beol_noant.lydrc:217
    Edge pairs: 0 (flat)  0 (hierarchical)
    Elapsed: 0.020s  Memory: 552.00M
"output" in: FreePDK45_beol_noant.lydrc:217
    Edge pairs: 0 (flat)  0 (hierarchical)
    Elapsed: 0.010s  Memory: 552.00M
"space" in: FreePDK45_beol_noant.lydrc:218
    Edge pairs: 0 (flat)  0 (hierarchical)
    Elapsed: 0.010s  Memory: 552.00M
"output" in: FreePDK45_beol_noant.lydrc:218
    Edge pairs: 0 (flat)  0 (hierarchical)
    Elapsed: 0.010s  Memory: 552.00M
"-" in: FreePDK45_beol_noant.lydrc:219
    Polygons (raw): 0 (flat)  0 (hierarchical)
    Elapsed: 0.020s  Memory: 552.00M
"output" in: FreePDK45_beol_noant.lydrc:219
    Polygons (raw): 0 (flat)  0 (hierarchical)
    Elapsed: 0.000s  Memory: 552.00M
"-" in: FreePDK45_beol_noant.lydrc:220
    Polygons (raw): 0 (flat)  0 (hierarchical)
    Elapsed: 0.020s  Memory: 552.00M
"output" in: FreePDK45_beol_noant.lydrc:220
    Polygons (raw): 0 (flat)  0 (hierarchical)
    Elapsed: 0.010s  Memory: 552.00M
"width" in: FreePDK45_beol_noant.lydrc:223
    Edge pairs: 0 (flat)  0 (hierarchical)
    Elapsed: 0.010s  Memory: 552.00M
"output" in: FreePDK45_beol_noant.lydrc:223
    Edge pairs: 0 (flat)  0 (hierarchical)
    Elapsed: 0.010s  Memory: 552.00M
"space" in: FreePDK45_beol_noant.lydrc:224
    Edge pairs: 0 (flat)  0 (hierarchical)
    Elapsed: 0.020s  Memory: 552.00M
"output" in: FreePDK45_beol_noant.lydrc:224
    Edge pairs: 0 (flat)  0 (hierarchical)
    Elapsed: 0.010s  Memory: 552.00M
"sized" in: FreePDK45_beol_noant.lydrc:78
    Polygons (raw): 49 (flat)  49 (hierarchical)
    Elapsed: 0.000s  Memory: 552.00M
"sized" in: FreePDK45_beol_noant.lydrc:78
    Polygons (raw): 49 (flat)  49 (hierarchical)
    Elapsed: 0.000s  Memory: 552.00M
"sized" in: FreePDK45_beol_noant.lydrc:78
    Polygons (raw): 0 (flat)  0 (hierarchical)
    Elapsed: 0.020s  Memory: 552.00M
"sized" in: FreePDK45_beol_noant.lydrc:78
    Polygons (raw): 0 (flat)  0 (hierarchical)
    Elapsed: 0.010s  Memory: 552.00M
"sized" in: FreePDK45_beol_noant.lydrc:78
    Polygons (raw): 0 (flat)  0 (hierarchical)
    Elapsed: 0.000s  Memory: 552.00M
"sized" in: FreePDK45_beol_noant.lydrc:78
    Polygons (raw): 0 (flat)  0 (hierarchical)
    Elapsed: 0.000s  Memory: 552.00M
"edges" in: FreePDK45_beol_noant.lydrc:226
    Edges: 196 (flat)  196 (hierarchical)
    Elapsed: 0.000s  Memory: 552.00M
"with_length" in: FreePDK45_beol_noant.lydrc:226
    Edges: 98 (flat)  98 (hierarchical)
    Elapsed: 0.010s  Memory: 552.00M
"space" in: FreePDK45_beol_noant.lydrc:226
    Edge pairs: 0 (flat)  0 (hierarchical)
    Elapsed: 0.010s  Memory: 552.00M
"output" in: FreePDK45_beol_noant.lydrc:226
    Edge pairs: 0 (flat)  0 (hierarchical)
    Elapsed: 0.010s  Memory: 552.00M
"edges" in: FreePDK45_beol_noant.lydrc:227
    Edges: 0 (flat)  0 (hierarchical)
    Elapsed: 0.000s  Memory: 552.00M
"with_length" in: FreePDK45_beol_noant.lydrc:227
    Edges: 0 (flat)  0 (hierarchical)
    Elapsed: 0.010s  Memory: 552.00M
"space" in: FreePDK45_beol_noant.lydrc:227
    Edge pairs: 0 (flat)  0 (hierarchical)
    Elapsed: 0.010s  Memory: 552.00M
"output" in: FreePDK45_beol_noant.lydrc:227
    Edge pairs: 0 (flat)  0 (hierarchical)
    Elapsed: 0.010s  Memory: 552.00M
"edges" in: FreePDK45_beol_noant.lydrc:228
    Edges: 0 (flat)  0 (hierarchical)
    Elapsed: 0.010s  Memory: 552.00M
"with_length" in: FreePDK45_beol_noant.lydrc:228
    Edges: 0 (flat)  0 (hierarchical)
    Elapsed: 0.010s  Memory: 552.00M
"space" in: FreePDK45_beol_noant.lydrc:228
    Edge pairs: 0 (flat)  0 (hierarchical)
    Elapsed: 0.000s  Memory: 552.00M
"output" in: FreePDK45_beol_noant.lydrc:228
    Edge pairs: 0 (flat)  0 (hierarchical)
    Elapsed: 0.000s  Memory: 552.00M
"width" in: FreePDK45_beol_noant.lydrc:231
    Edge pairs: 0 (flat)  0 (hierarchical)
    Elapsed: 0.020s  Memory: 552.00M
"output" in: FreePDK45_beol_noant.lydrc:231
    Edge pairs: 0 (flat)  0 (hierarchical)
    Elapsed: 0.000s  Memory: 552.00M
"space" in: FreePDK45_beol_noant.lydrc:232
    Edge pairs: 0 (flat)  0 (hierarchical)
    Elapsed: 0.010s  Memory: 552.00M
"output" in: FreePDK45_beol_noant.lydrc:232
    Edge pairs: 0 (flat)  0 (hierarchical)
    Elapsed: 0.000s  Memory: 552.00M
"-" in: FreePDK45_beol_noant.lydrc:233
    Polygons (raw): 0 (flat)  0 (hierarchical)
    Elapsed: 0.010s  Memory: 552.00M
"output" in: FreePDK45_beol_noant.lydrc:233
    Polygons (raw): 0 (flat)  0 (hierarchical)
    Elapsed: 0.000s  Memory: 552.00M
"-" in: FreePDK45_beol_noant.lydrc:234
    Polygons (raw): 0 (flat)  0 (hierarchical)
    Elapsed: 0.020s  Memory: 552.00M
"output" in: FreePDK45_beol_noant.lydrc:234
    Polygons (raw): 0 (flat)  0 (hierarchical)
    Elapsed: 0.000s  Memory: 552.00M
"width" in: FreePDK45_beol_noant.lydrc:237
    Edge pairs: 0 (flat)  0 (hierarchical)
    Elapsed: 0.010s  Memory: 552.00M
"output" in: FreePDK45_beol_noant.lydrc:237
    Edge pairs: 0 (flat)  0 (hierarchical)
    Elapsed: 0.000s  Memory: 552.00M
"space" in: FreePDK45_beol_noant.lydrc:238
    Edge pairs: 0 (flat)  0 (hierarchical)
    Elapsed: 0.000s  Memory: 552.00M
"output" in: FreePDK45_beol_noant.lydrc:238
    Edge pairs: 0 (flat)  0 (hierarchical)
    Elapsed: 0.000s  Memory: 552.00M
"sized" in: FreePDK45_beol_noant.lydrc:78
    Polygons (raw): 49 (flat)  49 (hierarchical)
    Elapsed: 0.010s  Memory: 552.00M
"sized" in: FreePDK45_beol_noant.lydrc:78
    Polygons (raw): 49 (flat)  49 (hierarchical)
    Elapsed: 0.010s  Memory: 552.00M
"sized" in: FreePDK45_beol_noant.lydrc:78
    Polygons (raw): 0 (flat)  0 (hierarchical)
    Elapsed: 0.010s  Memory: 552.00M
"sized" in: FreePDK45_beol_noant.lydrc:78
    Polygons (raw): 0 (flat)  0 (hierarchical)
    Elapsed: 0.000s  Memory: 552.00M
"sized" in: FreePDK45_beol_noant.lydrc:78
    Polygons (raw): 0 (flat)  0 (hierarchical)
    Elapsed: 0.010s  Memory: 552.00M
"sized" in: FreePDK45_beol_noant.lydrc:78
    Polygons (raw): 0 (flat)  0 (hierarchical)
    Elapsed: 0.000s  Memory: 552.00M
"edges" in: FreePDK45_beol_noant.lydrc:240
    Edges: 196 (flat)  196 (hierarchical)
    Elapsed: 0.000s  Memory: 552.00M
"with_length" in: FreePDK45_beol_noant.lydrc:240
    Edges: 98 (flat)  98 (hierarchical)
    Elapsed: 0.010s  Memory: 552.00M
"space" in: FreePDK45_beol_noant.lydrc:240
    Edge pairs: 0 (flat)  0 (hierarchical)
    Elapsed: 0.010s  Memory: 552.00M
"output" in: FreePDK45_beol_noant.lydrc:240
    Edge pairs: 0 (flat)  0 (hierarchical)
    Elapsed: 0.010s  Memory: 552.00M
"edges" in: FreePDK45_beol_noant.lydrc:241
    Edges: 0 (flat)  0 (hierarchical)
    Elapsed: 0.000s  Memory: 552.00M
"with_length" in: FreePDK45_beol_noant.lydrc:241
    Edges: 0 (flat)  0 (hierarchical)
    Elapsed: 0.010s  Memory: 552.00M
"space" in: FreePDK45_beol_noant.lydrc:241
    Edge pairs: 0 (flat)  0 (hierarchical)
    Elapsed: 0.010s  Memory: 552.00M
"output" in: FreePDK45_beol_noant.lydrc:241
    Edge pairs: 0 (flat)  0 (hierarchical)
    Elapsed: 0.010s  Memory: 552.00M
"edges" in: FreePDK45_beol_noant.lydrc:242
    Edges: 0 (flat)  0 (hierarchical)
    Elapsed: 0.000s  Memory: 552.00M
"with_length" in: FreePDK45_beol_noant.lydrc:242
    Edges: 0 (flat)  0 (hierarchical)
    Elapsed: 0.010s  Memory: 552.00M
"space" in: FreePDK45_beol_noant.lydrc:242
    Edge pairs: 0 (flat)  0 (hierarchical)
    Elapsed: 0.010s  Memory: 552.00M
"output" in: FreePDK45_beol_noant.lydrc:242
    Edge pairs: 0 (flat)  0 (hierarchical)
    Elapsed: 0.020s  Memory: 552.00M
"width" in: FreePDK45_beol_noant.lydrc:245
    Edge pairs: 0 (flat)  0 (hierarchical)
    Elapsed: 0.010s  Memory: 552.00M
"output" in: FreePDK45_beol_noant.lydrc:245
    Edge pairs: 0 (flat)  0 (hierarchical)
    Elapsed: 0.000s  Memory: 552.00M
"space" in: FreePDK45_beol_noant.lydrc:246
    Edge pairs: 0 (flat)  0 (hierarchical)
    Elapsed: 0.010s  Memory: 552.00M
"output" in: FreePDK45_beol_noant.lydrc:246
    Edge pairs: 0 (flat)  0 (hierarchical)
    Elapsed: 0.010s  Memory: 552.00M
"-" in: FreePDK45_beol_noant.lydrc:247
    Polygons (raw): 0 (flat)  0 (hierarchical)
    Elapsed: 0.020s  Memory: 552.00M
"output" in: FreePDK45_beol_noant.lydrc:247
    Polygons (raw): 0 (flat)  0 (hierarchical)
    Elapsed: 0.010s  Memory: 552.00M
"-" in: FreePDK45_beol_noant.lydrc:248
    Polygons (raw): 0 (flat)  0 (hierarchical)
    Elapsed: 0.010s  Memory: 552.00M
"output" in: FreePDK45_beol_noant.lydrc:248
    Polygons (raw): 0 (flat)  0 (hierarchical)
    Elapsed: 0.000s  Memory: 552.00M
"width" in: FreePDK45_beol_noant.lydrc:251
    Edge pairs: 0 (flat)  0 (hierarchical)
    Elapsed: 0.010s  Memory: 552.00M
"output" in: FreePDK45_beol_noant.lydrc:251
    Edge pairs: 0 (flat)  0 (hierarchical)
    Elapsed: 0.000s  Memory: 552.00M
"space" in: FreePDK45_beol_noant.lydrc:252
    Edge pairs: 0 (flat)  0 (hierarchical)
    Elapsed: 0.010s  Memory: 552.00M
"output" in: FreePDK45_beol_noant.lydrc:252
    Edge pairs: 0 (flat)  0 (hierarchical)
    Elapsed: 0.000s  Memory: 552.00M
"sized" in: FreePDK45_beol_noant.lydrc:78
    Polygons (raw): 14 (flat)  14 (hierarchical)
    Elapsed: 0.000s  Memory: 552.00M
"sized" in: FreePDK45_beol_noant.lydrc:78
    Polygons (raw): 14 (flat)  14 (hierarchical)
    Elapsed: 0.000s  Memory: 552.00M
"sized" in: FreePDK45_beol_noant.lydrc:78
    Polygons (raw): 14 (flat)  14 (hierarchical)
    Elapsed: 0.020s  Memory: 552.00M
"sized" in: FreePDK45_beol_noant.lydrc:78
    Polygons (raw): 14 (flat)  14 (hierarchical)
    Elapsed: 0.000s  Memory: 552.00M
"sized" in: FreePDK45_beol_noant.lydrc:78
    Polygons (raw): 0 (flat)  0 (hierarchical)
    Elapsed: 0.010s  Memory: 552.00M
"sized" in: FreePDK45_beol_noant.lydrc:78
    Polygons (raw): 0 (flat)  0 (hierarchical)
    Elapsed: 0.000s  Memory: 552.00M
"edges" in: FreePDK45_beol_noant.lydrc:254
    Edges: 56 (flat)  56 (hierarchical)
    Elapsed: 0.000s  Memory: 552.00M
"with_length" in: FreePDK45_beol_noant.lydrc:254
    Edges: 28 (flat)  28 (hierarchical)
    Elapsed: 0.000s  Memory: 552.00M
"space" in: FreePDK45_beol_noant.lydrc:254
    Edge pairs: 0 (flat)  0 (hierarchical)
    Elapsed: 0.010s  Memory: 552.00M
"output" in: FreePDK45_beol_noant.lydrc:254
    Edge pairs: 0 (flat)  0 (hierarchical)
    Elapsed: 0.000s  Memory: 552.00M
"edges" in: FreePDK45_beol_noant.lydrc:255
    Edges: 56 (flat)  56 (hierarchical)
    Elapsed: 0.000s  Memory: 552.00M
"with_length" in: FreePDK45_beol_noant.lydrc:255
    Edges: 28 (flat)  28 (hierarchical)
    Elapsed: 0.010s  Memory: 552.00M
"space" in: FreePDK45_beol_noant.lydrc:255
    Edge pairs: 0 (flat)  0 (hierarchical)
    Elapsed: 0.010s  Memory: 552.00M
"output" in: FreePDK45_beol_noant.lydrc:255
    Edge pairs: 0 (flat)  0 (hierarchical)
    Elapsed: 0.000s  Memory: 552.00M
"edges" in: FreePDK45_beol_noant.lydrc:256
    Edges: 0 (flat)  0 (hierarchical)
    Elapsed: 0.000s  Memory: 552.00M
"with_length" in: FreePDK45_beol_noant.lydrc:256
    Edges: 0 (flat)  0 (hierarchical)
    Elapsed: 0.010s  Memory: 552.00M
"space" in: FreePDK45_beol_noant.lydrc:256
    Edge pairs: 0 (flat)  0 (hierarchical)
    Elapsed: 0.010s  Memory: 552.00M
"output" in: FreePDK45_beol_noant.lydrc:256
    Edge pairs: 0 (flat)  0 (hierarchical)
    Elapsed: 0.000s  Memory: 552.00M
"width" in: FreePDK45_beol_noant.lydrc:259
    Edge pairs: 0 (flat)  0 (hierarchical)
    Elapsed: 0.000s  Memory: 552.00M
"output" in: FreePDK45_beol_noant.lydrc:259
    Edge pairs: 0 (flat)  0 (hierarchical)
    Elapsed: 0.010s  Memory: 552.00M
"space" in: FreePDK45_beol_noant.lydrc:260
    Edge pairs: 0 (flat)  0 (hierarchical)
    Elapsed: 0.010s  Memory: 552.00M
"output" in: FreePDK45_beol_noant.lydrc:260
    Edge pairs: 0 (flat)  0 (hierarchical)
    Elapsed: 0.010s  Memory: 552.00M
"-" in: FreePDK45_beol_noant.lydrc:261
    Polygons (raw): 0 (flat)  0 (hierarchical)
    Elapsed: 0.000s  Memory: 552.00M
"output" in: FreePDK45_beol_noant.lydrc:261
    Polygons (raw): 0 (flat)  0 (hierarchical)
    Elapsed: 0.010s  Memory: 552.00M
"-" in: FreePDK45_beol_noant.lydrc:262
    Polygons (raw): 0 (flat)  0 (hierarchical)
    Elapsed: 0.000s  Memory: 552.00M
"output" in: FreePDK45_beol_noant.lydrc:262
    Polygons (raw): 0 (flat)  0 (hierarchical)
    Elapsed: 0.000s  Memory: 552.00M
"width" in: FreePDK45_beol_noant.lydrc:265
    Edge pairs: 0 (flat)  0 (hierarchical)
    Elapsed: 0.010s  Memory: 552.00M
"output" in: FreePDK45_beol_noant.lydrc:265
    Edge pairs: 0 (flat)  0 (hierarchical)
    Elapsed: 0.010s  Memory: 552.00M
"space" in: FreePDK45_beol_noant.lydrc:266
    Edge pairs: 0 (flat)  0 (hierarchical)
    Elapsed: 0.020s  Memory: 552.00M
"output" in: FreePDK45_beol_noant.lydrc:266
    Edge pairs: 0 (flat)  0 (hierarchical)
    Elapsed: 0.000s  Memory: 552.00M
"sized" in: FreePDK45_beol_noant.lydrc:78
    Polygons (raw): 0 (flat)  0 (hierarchical)
    Elapsed: 0.010s  Memory: 552.00M
"sized" in: FreePDK45_beol_noant.lydrc:78
    Polygons (raw): 0 (flat)  0 (hierarchical)
    Elapsed: 0.000s  Memory: 552.00M
"sized" in: FreePDK45_beol_noant.lydrc:78
    Polygons (raw): 0 (flat)  0 (hierarchical)
    Elapsed: 0.000s  Memory: 552.00M
"sized" in: FreePDK45_beol_noant.lydrc:78
    Polygons (raw): 0 (flat)  0 (hierarchical)
    Elapsed: 0.010s  Memory: 552.00M
"sized" in: FreePDK45_beol_noant.lydrc:78
    Polygons (raw): 0 (flat)  0 (hierarchical)
    Elapsed: 0.010s  Memory: 552.00M
"sized" in: FreePDK45_beol_noant.lydrc:78
    Polygons (raw): 0 (flat)  0 (hierarchical)
    Elapsed: 0.000s  Memory: 552.00M
"edges" in: FreePDK45_beol_noant.lydrc:268
    Edges: 0 (flat)  0 (hierarchical)
    Elapsed: 0.000s  Memory: 552.00M
"with_length" in: FreePDK45_beol_noant.lydrc:268
    Edges: 0 (flat)  0 (hierarchical)
    Elapsed: 0.010s  Memory: 552.00M
"space" in: FreePDK45_beol_noant.lydrc:268
    Edge pairs: 0 (flat)  0 (hierarchical)
    Elapsed: 0.010s  Memory: 552.00M
"output" in: FreePDK45_beol_noant.lydrc:268
    Edge pairs: 0 (flat)  0 (hierarchical)
    Elapsed: 0.010s  Memory: 552.00M
"edges" in: FreePDK45_beol_noant.lydrc:269
    Edges: 0 (flat)  0 (hierarchical)
    Elapsed: 0.000s  Memory: 552.00M
"with_length" in: FreePDK45_beol_noant.lydrc:269
    Edges: 0 (flat)  0 (hierarchical)
    Elapsed: 0.010s  Memory: 552.00M
"space" in: FreePDK45_beol_noant.lydrc:269
    Edge pairs: 0 (flat)  0 (hierarchical)
    Elapsed: 0.010s  Memory: 552.00M
"output" in: FreePDK45_beol_noant.lydrc:269
    Edge pairs: 0 (flat)  0 (hierarchical)
    Elapsed: 0.010s  Memory: 552.00M
"edges" in: FreePDK45_beol_noant.lydrc:270
    Edges: 0 (flat)  0 (hierarchical)
    Elapsed: 0.000s  Memory: 552.00M
"with_length" in: FreePDK45_beol_noant.lydrc:270
    Edges: 0 (flat)  0 (hierarchical)
    Elapsed: 0.010s  Memory: 552.00M
"space" in: FreePDK45_beol_noant.lydrc:270
    Edge pairs: 0 (flat)  0 (hierarchical)
    Elapsed: 0.010s  Memory: 552.00M
"output" in: FreePDK45_beol_noant.lydrc:270
    Edge pairs: 0 (flat)  0 (hierarchical)
    Elapsed: 0.010s  Memory: 552.00M
"width" in: FreePDK45_beol_noant.lydrc:273
    Edge pairs: 0 (flat)  0 (hierarchical)
    Elapsed: 0.010s  Memory: 552.00M
"output" in: FreePDK45_beol_noant.lydrc:273
    Edge pairs: 0 (flat)  0 (hierarchical)
    Elapsed: 0.000s  Memory: 552.00M
"space" in: FreePDK45_beol_noant.lydrc:274
    Edge pairs: 0 (flat)  0 (hierarchical)
    Elapsed: 0.000s  Memory: 552.00M
"output" in: FreePDK45_beol_noant.lydrc:274
    Edge pairs: 0 (flat)  0 (hierarchical)
    Elapsed: 0.000s  Memory: 552.00M
"-" in: FreePDK45_beol_noant.lydrc:275
    Polygons (raw): 0 (flat)  0 (hierarchical)
    Elapsed: 0.010s  Memory: 552.00M
"output" in: FreePDK45_beol_noant.lydrc:275
    Polygons (raw): 0 (flat)  0 (hierarchical)
    Elapsed: 0.000s  Memory: 552.00M
"-" in: FreePDK45_beol_noant.lydrc:276
    Polygons (raw): 0 (flat)  0 (hierarchical)
    Elapsed: 0.000s  Memory: 552.00M
"output" in: FreePDK45_beol_noant.lydrc:276
    Polygons (raw): 0 (flat)  0 (hierarchical)
    Elapsed: 0.010s  Memory: 552.00M
"width" in: FreePDK45_beol_noant.lydrc:279
    Edge pairs: 0 (flat)  0 (hierarchical)
    Elapsed: 0.010s  Memory: 552.00M
"output" in: FreePDK45_beol_noant.lydrc:279
    Edge pairs: 0 (flat)  0 (hierarchical)
    Elapsed: 0.010s  Memory: 552.00M
"space" in: FreePDK45_beol_noant.lydrc:280
    Edge pairs: 0 (flat)  0 (hierarchical)
    Elapsed: 0.000s  Memory: 552.00M
"output" in: FreePDK45_beol_noant.lydrc:280
    Edge pairs: 0 (flat)  0 (hierarchical)
    Elapsed: 0.000s  Memory: 552.00M
"sized" in: FreePDK45_beol_noant.lydrc:78
    Polygons (raw): 0 (flat)  0 (hierarchical)
    Elapsed: 0.010s  Memory: 552.00M
"sized" in: FreePDK45_beol_noant.lydrc:78
    Polygons (raw): 0 (flat)  0 (hierarchical)
    Elapsed: 0.000s  Memory: 552.00M
"sized" in: FreePDK45_beol_noant.lydrc:78
    Polygons (raw): 0 (flat)  0 (hierarchical)
    Elapsed: 0.000s  Memory: 552.00M
"sized" in: FreePDK45_beol_noant.lydrc:78
    Polygons (raw): 0 (flat)  0 (hierarchical)
    Elapsed: 0.000s  Memory: 552.00M
"sized" in: FreePDK45_beol_noant.lydrc:78
    Polygons (raw): 0 (flat)  0 (hierarchical)
    Elapsed: 0.010s  Memory: 552.00M
"sized" in: FreePDK45_beol_noant.lydrc:78
    Polygons (raw): 0 (flat)  0 (hierarchical)
    Elapsed: 0.010s  Memory: 552.00M
"edges" in: FreePDK45_beol_noant.lydrc:282
    Edges: 0 (flat)  0 (hierarchical)
    Elapsed: 0.000s  Memory: 552.00M
"with_length" in: FreePDK45_beol_noant.lydrc:282
    Edges: 0 (flat)  0 (hierarchical)
    Elapsed: 0.020s  Memory: 552.00M
"space" in: FreePDK45_beol_noant.lydrc:282
    Edge pairs: 0 (flat)  0 (hierarchical)
    Elapsed: 0.010s  Memory: 552.00M
"output" in: FreePDK45_beol_noant.lydrc:282
    Edge pairs: 0 (flat)  0 (hierarchical)
    Elapsed: 0.010s  Memory: 552.00M
"edges" in: FreePDK45_beol_noant.lydrc:283
    Edges: 0 (flat)  0 (hierarchical)
    Elapsed: 0.000s  Memory: 552.00M
"with_length" in: FreePDK45_beol_noant.lydrc:283
    Edges: 0 (flat)  0 (hierarchical)
    Elapsed: 0.010s  Memory: 552.00M
"space" in: FreePDK45_beol_noant.lydrc:283
    Edge pairs: 0 (flat)  0 (hierarchical)
    Elapsed: 0.010s  Memory: 552.00M
"output" in: FreePDK45_beol_noant.lydrc:283
    Edge pairs: 0 (flat)  0 (hierarchical)
    Elapsed: 0.020s  Memory: 552.00M
"edges" in: FreePDK45_beol_noant.lydrc:284
    Edges: 0 (flat)  0 (hierarchical)
    Elapsed: 0.010s  Memory: 552.00M
"with_length" in: FreePDK45_beol_noant.lydrc:284
    Edges: 0 (flat)  0 (hierarchical)
    Elapsed: 0.010s  Memory: 552.00M
"space" in: FreePDK45_beol_noant.lydrc:284
    Edge pairs: 0 (flat)  0 (hierarchical)
    Elapsed: 0.000s  Memory: 552.00M
"output" in: FreePDK45_beol_noant.lydrc:284
    Edge pairs: 0 (flat)  0 (hierarchical)
    Elapsed: 0.000s  Memory: 552.00M
"width" in: FreePDK45_beol_noant.lydrc:287
    Edge pairs: 0 (flat)  0 (hierarchical)
    Elapsed: 0.000s  Memory: 552.00M
"output" in: FreePDK45_beol_noant.lydrc:287
    Edge pairs: 0 (flat)  0 (hierarchical)
    Elapsed: 0.010s  Memory: 552.00M
"space" in: FreePDK45_beol_noant.lydrc:288
    Edge pairs: 0 (flat)  0 (hierarchical)
    Elapsed: 0.000s  Memory: 552.00M
"output" in: FreePDK45_beol_noant.lydrc:288
    Edge pairs: 0 (flat)  0 (hierarchical)
    Elapsed: 0.000s  Memory: 552.00M
"-" in: FreePDK45_beol_noant.lydrc:289
    Polygons (raw): 0 (flat)  0 (hierarchical)
    Elapsed: 0.000s  Memory: 552.00M
"output" in: FreePDK45_beol_noant.lydrc:289
    Polygons (raw): 0 (flat)  0 (hierarchical)
    Elapsed: 0.000s  Memory: 552.00M
"-" in: FreePDK45_beol_noant.lydrc:290
    Polygons (raw): 0 (flat)  0 (hierarchical)
    Elapsed: 0.000s  Memory: 552.00M
"output" in: FreePDK45_beol_noant.lydrc:290
    Polygons (raw): 0 (flat)  0 (hierarchical)
    Elapsed: 0.010s  Memory: 552.00M
"width" in: FreePDK45_beol_noant.lydrc:293
    Edge pairs: 0 (flat)  0 (hierarchical)
    Elapsed: 0.010s  Memory: 552.00M
"output" in: FreePDK45_beol_noant.lydrc:293
    Edge pairs: 0 (flat)  0 (hierarchical)
    Elapsed: 0.010s  Memory: 552.00M
"space" in: FreePDK45_beol_noant.lydrc:294
    Edge pairs: 0 (flat)  0 (hierarchical)
    Elapsed: 0.010s  Memory: 552.00M
"output" in: FreePDK45_beol_noant.lydrc:294
    Edge pairs: 0 (flat)  0 (hierarchical)
    Elapsed: 0.000s  Memory: 552.00M
"sized" in: FreePDK45_beol_noant.lydrc:78
    Polygons (raw): 0 (flat)  0 (hierarchical)
    Elapsed: 0.000s  Memory: 552.00M
"sized" in: FreePDK45_beol_noant.lydrc:78
    Polygons (raw): 0 (flat)  0 (hierarchical)
    Elapsed: 0.000s  Memory: 552.00M
"sized" in: FreePDK45_beol_noant.lydrc:78
    Polygons (raw): 0 (flat)  0 (hierarchical)
    Elapsed: 0.010s  Memory: 552.00M
"sized" in: FreePDK45_beol_noant.lydrc:78
    Polygons (raw): 0 (flat)  0 (hierarchical)
    Elapsed: 0.010s  Memory: 552.00M
"sized" in: FreePDK45_beol_noant.lydrc:78
    Polygons (raw): 0 (flat)  0 (hierarchical)
    Elapsed: 0.000s  Memory: 552.00M
"sized" in: FreePDK45_beol_noant.lydrc:78
    Polygons (raw): 0 (flat)  0 (hierarchical)
    Elapsed: 0.000s  Memory: 552.00M
"edges" in: FreePDK45_beol_noant.lydrc:296
    Edges: 0 (flat)  0 (hierarchical)
    Elapsed: 0.010s  Memory: 552.00M
"with_length" in: FreePDK45_beol_noant.lydrc:296
    Edges: 0 (flat)  0 (hierarchical)
    Elapsed: 0.010s  Memory: 552.00M
"space" in: FreePDK45_beol_noant.lydrc:296
    Edge pairs: 0 (flat)  0 (hierarchical)
    Elapsed: 0.010s  Memory: 552.00M
"output" in: FreePDK45_beol_noant.lydrc:296
    Edge pairs: 0 (flat)  0 (hierarchical)
    Elapsed: 0.000s  Memory: 552.00M
"edges" in: FreePDK45_beol_noant.lydrc:297
    Edges: 0 (flat)  0 (hierarchical)
    Elapsed: 0.000s  Memory: 552.00M
"with_length" in: FreePDK45_beol_noant.lydrc:297
    Edges: 0 (flat)  0 (hierarchical)
    Elapsed: 0.010s  Memory: 552.00M
"space" in: FreePDK45_beol_noant.lydrc:297
    Edge pairs: 0 (flat)  0 (hierarchical)
    Elapsed: 0.010s  Memory: 552.00M
"output" in: FreePDK45_beol_noant.lydrc:297
    Edge pairs: 0 (flat)  0 (hierarchical)
    Elapsed: 0.010s  Memory: 552.00M
"edges" in: FreePDK45_beol_noant.lydrc:298
    Edges: 0 (flat)  0 (hierarchical)
    Elapsed: 0.000s  Memory: 552.00M
"with_length" in: FreePDK45_beol_noant.lydrc:298
    Edges: 0 (flat)  0 (hierarchical)
    Elapsed: 0.010s  Memory: 552.00M
"space" in: FreePDK45_beol_noant.lydrc:298
    Edge pairs: 0 (flat)  0 (hierarchical)
    Elapsed: 0.010s  Memory: 552.00M
"output" in: FreePDK45_beol_noant.lydrc:298
    Edge pairs: 0 (flat)  0 (hierarchical)
    Elapsed: 0.010s  Memory: 552.00M
Off-grid checks
Writing report database: /home/chuongvo/OpenROAD-flow-scripts/flow/reports/nangate45/tf_lms_sv/base/6_drc.lyrdb ..
Total elapsed: 17.160s  Memory: 551.00M
Elapsed time: 0:14.88[h:]min:sec. CPU time: user 18.15 sys 0.61 (126%). Peak memory: 578532KB.
