
==========================================================================
global route report_tns
--------------------------------------------------------------------------
tns max 0.00

==========================================================================
global route report_wns
--------------------------------------------------------------------------
wns max 0.00

==========================================================================
global route report_worst_slack
--------------------------------------------------------------------------
worst slack max 15.47

==========================================================================
global route report_clock_min_period
--------------------------------------------------------------------------
clk period_min = 4.53 fmax = 220.57

==========================================================================
global route report_clock_skew
--------------------------------------------------------------------------
Clock clk
   0.20 source latency cflt.tap1.delay_2.shift_reg[6]$_DFF_PN0_/CK ^
  -0.19 target latency cflt.tap2.shifty[8]$_DFF_PN0_/CK ^
   0.20 clock uncertainty
   0.00 CRPR
--------------
   0.21 setup skew


==========================================================================
global route report_checks -path_delay min
--------------------------------------------------------------------------
Startpoint: cflt.tap2.shiftxn[0]$_DFF_PN0_
            (rising edge-triggered flip-flop clocked by clk)
Endpoint: cflt.tap3.u1.d_out_reg[0]$_DFF_PN0_
          (rising edge-triggered flip-flop clocked by clk)
Path Group: clk
Path Type: min

Fanout     Cap    Slew   Delay    Time   Description
-----------------------------------------------------------------------------
                          0.00    0.00   clock clk (rise edge)
                          0.00    0.00   clock source latency
     1   20.25    0.00    0.00    0.00 ^ clock (in)
                                         clock (net)
                  0.00    0.00    0.00 ^ clkbuf_0_clock/A (CLKBUF_X3)
    16   73.17    0.06    0.08    0.08 ^ clkbuf_0_clock/Z (CLKBUF_X3)
                                         clknet_0_clock (net)
                  0.06    0.00    0.09 ^ clkbuf_4_12_0_clock/A (CLKBUF_X3)
     7   25.12    0.02    0.06    0.15 ^ clkbuf_4_12_0_clock/Z (CLKBUF_X3)
                                         clknet_4_12_0_clock (net)
                  0.02    0.00    0.15 ^ clkbuf_leaf_70_clock/A (CLKBUF_X3)
     9   11.96    0.01    0.04    0.19 ^ clkbuf_leaf_70_clock/Z (CLKBUF_X3)
                                         clknet_leaf_70_clock (net)
                  0.01    0.00    0.19 ^ cflt.tap2.shiftxn[0]$_DFF_PN0_/CK (DFFR_X1)
     7   15.21    0.02    0.11    0.30 v cflt.tap2.shiftxn[0]$_DFF_PN0_/Q (DFFR_X1)
                                         cflt.tap2.shiftxn[0] (net)
                  0.02    0.00    0.30 v _6067_/A2 (AND3_X1)
     1    3.18    0.01    0.04    0.35 v _6067_/ZN (AND3_X1)
                                         _1689_ (net)
                  0.01    0.00    0.35 v _9378_/A (HA_X1)
     1    1.95    0.01    0.03    0.37 v _9378_/CO (HA_X1)
                                         _1690_ (net)
                  0.01    0.00    0.37 v _7465_/A1 (NAND2_X1)
     1    2.06    0.01    0.01    0.39 ^ _7465_/ZN (NAND2_X1)
                                         _3190_ (net)
                  0.01    0.00    0.39 ^ _7467_/A1 (NAND2_X1)
     1    4.35    0.01    0.02    0.41 v _7467_/ZN (NAND2_X1)
                                         _2407_ (net)
                  0.01    0.00    0.41 v _9638_/A (HA_X1)
     1    3.04    0.02    0.03    0.44 ^ _9638_/S (HA_X1)
                                         cflt.tap3.mul_xnin_ue.d_out[4] (net)
                  0.02    0.00    0.44 ^ cflt.tap3.u1.d_out_reg[0]$_DFF_PN0_/D (DFFR_X1)
                                  0.44   data arrival time

                          0.00    0.00   clock clk (rise edge)
                          0.00    0.00   clock source latency
     1   20.25    0.00    0.00    0.00 ^ clock (in)
                                         clock (net)
                  0.00    0.00    0.00 ^ clkbuf_0_clock/A (CLKBUF_X3)
    16   73.17    0.06    0.08    0.08 ^ clkbuf_0_clock/Z (CLKBUF_X3)
                                         clknet_0_clock (net)
                  0.06    0.00    0.09 ^ clkbuf_4_13_0_clock/A (CLKBUF_X3)
     8   26.41    0.02    0.06    0.15 ^ clkbuf_4_13_0_clock/Z (CLKBUF_X3)
                                         clknet_4_13_0_clock (net)
                  0.02    0.00    0.15 ^ clkbuf_leaf_58_clock/A (CLKBUF_X3)
     7    9.66    0.01    0.04    0.19 ^ clkbuf_leaf_58_clock/Z (CLKBUF_X3)
                                         clknet_leaf_58_clock (net)
                  0.01    0.00    0.19 ^ cflt.tap3.u1.d_out_reg[0]$_DFF_PN0_/CK (DFFR_X1)
                          0.20    0.39   clock uncertainty
                          0.00    0.39   clock reconvergence pessimism
                          0.01    0.41   library hold time
                                  0.41   data required time
-----------------------------------------------------------------------------
                                  0.41   data required time
                                 -0.44   data arrival time
-----------------------------------------------------------------------------
                                  0.03   slack (MET)



==========================================================================
global route report_checks -path_delay max
--------------------------------------------------------------------------
Startpoint: adapt_en (input port clocked by clk)
Endpoint: err[2] (output port clocked by clk)
Path Group: clk
Path Type: max

Fanout     Cap    Slew   Delay    Time   Description
-----------------------------------------------------------------------------
                          0.00    0.00   clock clk (rise edge)
                          0.00    0.00   clock network delay (propagated)
                          2.00    2.00 ^ input external delay
     1    1.94    0.10    0.00    2.00 ^ adapt_en (in)
                                         adapt_en (net)
                  0.10    0.00    2.00 ^ input1/A (BUF_X1)
     1    2.27    0.01    0.04    2.04 ^ input1/Z (BUF_X1)
                                         net1 (net)
                  0.01    0.00    2.04 ^ _6171_/A1 (NAND2_X1)
     7   22.83    0.05    0.06    2.09 v _6171_/ZN (NAND2_X1)
                                         _2798_ (net)
                  0.05    0.00    2.09 v _6190_/A3 (NOR3_X1)
     5   12.83    0.10    0.15    2.24 ^ _6190_/ZN (NOR3_X1)
                                         net21 (net)
                  0.10    0.00    2.24 ^ place62/A (BUF_X1)
     2   13.00    0.03    0.06    2.30 ^ place62/Z (BUF_X1)
                                         net62 (net)
                  0.03    0.00    2.31 ^ output21/A (BUF_X1)
     1    1.27    0.01    0.03    2.33 ^ output21/Z (BUF_X1)
                                         err[2] (net)
                  0.01    0.00    2.33 ^ err[2] (out)
                                  2.33   data arrival time

                         20.00   20.00   clock clk (rise edge)
                          0.00   20.00   clock network delay (propagated)
                         -0.20   19.80   clock uncertainty
                          0.00   19.80   clock reconvergence pessimism
                         -2.00   17.80   output external delay
                                 17.80   data required time
-----------------------------------------------------------------------------
                                 17.80   data required time
                                 -2.33   data arrival time
-----------------------------------------------------------------------------
                                 15.47   slack (MET)



==========================================================================
global route report_checks -unconstrained
--------------------------------------------------------------------------
Startpoint: adapt_en (input port clocked by clk)
Endpoint: err[2] (output port clocked by clk)
Path Group: clk
Path Type: max

Fanout     Cap    Slew   Delay    Time   Description
-----------------------------------------------------------------------------
                          0.00    0.00   clock clk (rise edge)
                          0.00    0.00   clock network delay (propagated)
                          2.00    2.00 ^ input external delay
     1    1.94    0.10    0.00    2.00 ^ adapt_en (in)
                                         adapt_en (net)
                  0.10    0.00    2.00 ^ input1/A (BUF_X1)
     1    2.27    0.01    0.04    2.04 ^ input1/Z (BUF_X1)
                                         net1 (net)
                  0.01    0.00    2.04 ^ _6171_/A1 (NAND2_X1)
     7   22.83    0.05    0.06    2.09 v _6171_/ZN (NAND2_X1)
                                         _2798_ (net)
                  0.05    0.00    2.09 v _6190_/A3 (NOR3_X1)
     5   12.83    0.10    0.15    2.24 ^ _6190_/ZN (NOR3_X1)
                                         net21 (net)
                  0.10    0.00    2.24 ^ place62/A (BUF_X1)
     2   13.00    0.03    0.06    2.30 ^ place62/Z (BUF_X1)
                                         net62 (net)
                  0.03    0.00    2.31 ^ output21/A (BUF_X1)
     1    1.27    0.01    0.03    2.33 ^ output21/Z (BUF_X1)
                                         err[2] (net)
                  0.01    0.00    2.33 ^ err[2] (out)
                                  2.33   data arrival time

                         20.00   20.00   clock clk (rise edge)
                          0.00   20.00   clock network delay (propagated)
                         -0.20   19.80   clock uncertainty
                          0.00   19.80   clock reconvergence pessimism
                         -2.00   17.80   output external delay
                                 17.80   data required time
-----------------------------------------------------------------------------
                                 17.80   data required time
                                 -2.33   data arrival time
-----------------------------------------------------------------------------
                                 15.47   slack (MET)



==========================================================================
global route report_check_types -max_slew -max_cap -max_fanout -violators
--------------------------------------------------------------------------

==========================================================================
global route max_slew_check_slack
--------------------------------------------------------------------------
0.09302517026662827

==========================================================================
global route max_slew_check_limit
--------------------------------------------------------------------------
0.1985349953174591

==========================================================================
global route max_slew_check_slack_limit
--------------------------------------------------------------------------
0.4686

==========================================================================
global route max_fanout_check_slack
--------------------------------------------------------------------------
1.0000000150474662e+30

==========================================================================
global route max_fanout_check_limit
--------------------------------------------------------------------------
1.0000000150474662e+30

==========================================================================
global route max_capacitance_check_slack
--------------------------------------------------------------------------
3.1952149868011475

==========================================================================
global route max_capacitance_check_limit
--------------------------------------------------------------------------
16.021699905395508

==========================================================================
global route max_capacitance_check_slack_limit
--------------------------------------------------------------------------
0.1994

==========================================================================
global route max_slew_violation_count
--------------------------------------------------------------------------
max slew violation count 0

==========================================================================
global route max_fanout_violation_count
--------------------------------------------------------------------------
max fanout violation count 0

==========================================================================
global route max_cap_violation_count
--------------------------------------------------------------------------
max cap violation count 0

==========================================================================
global route setup_violation_count
--------------------------------------------------------------------------
setup violation count 0

==========================================================================
global route hold_violation_count
--------------------------------------------------------------------------
hold violation count 0

==========================================================================
global route report_checks -path_delay max reg to reg
--------------------------------------------------------------------------
Startpoint: cflt.tap5.delay_2.shift_reg[12]$_DFF_PN0_
            (rising edge-triggered flip-flop clocked by clk)
Endpoint: cflt.tap1.u1.d_out_reg[11]$_DFF_PN0_
          (rising edge-triggered flip-flop clocked by clk)
Path Group: clk
Path Type: max

  Delay    Time   Description
---------------------------------------------------------
   0.00    0.00   clock clk (rise edge)
   0.00    0.00   clock source latency
   0.00    0.00 ^ clock (in)
   0.08    0.08 ^ clkbuf_0_clock/Z (CLKBUF_X3)
   0.07    0.15 ^ clkbuf_4_8_0_clock/Z (CLKBUF_X3)
   0.04    0.19 ^ clkbuf_leaf_92_clock/Z (CLKBUF_X3)
   0.00    0.19 ^ cflt.tap5.delay_2.shift_reg[12]$_DFF_PN0_/CK (DFFR_X1)
   0.12    0.31 ^ cflt.tap5.delay_2.shift_reg[12]$_DFF_PN0_/Q (DFFR_X1)
   0.04    0.35 v _7495_/ZN (NAND4_X1)
   0.06    0.42 v _9352_/S (HA_X1)
   0.07    0.49 ^ _5964_/ZN (INV_X1)
   0.11    0.60 ^ _6095_/ZN (AND3_X1)
   0.03    0.63 v _6982_/ZN (NAND2_X1)
   0.11    0.74 v _8866_/S (FA_X1)
   0.11    0.85 ^ _8871_/S (FA_X1)
   0.01    0.86 v _7506_/ZN (INV_X1)
   0.11    0.97 ^ _8876_/S (FA_X1)
   0.01    0.98 v _7066_/ZN (INV_X1)
   0.11    1.09 ^ _8879_/S (FA_X1)
   0.01    1.10 v _7518_/ZN (INV_X1)
   0.06    1.17 v _9389_/S (HA_X1)
   0.03    1.20 v _7361_/ZN (AND2_X1)
   0.05    1.25 v _7362_/ZN (OR2_X1)
   0.02    1.27 ^ _7363_/ZN (NAND2_X1)
   0.02    1.29 v _7364_/ZN (NAND2_X1)
   0.04    1.33 v _7524_/ZN (XNOR2_X1)
   0.03    1.36 ^ _7525_/ZN (INV_X1)
   0.08    1.44 ^ _9403_/S (HA_X1)
   0.02    1.45 v _6762_/ZN (INV_X1)
   0.06    1.52 ^ _7530_/ZN (OAI221_X1)
   0.02    1.54 v _7543_/ZN (AOI21_X1)
   0.03    1.57 ^ _7545_/ZN (OAI21_X1)
   0.05    1.62 ^ _7546_/ZN (XNOR2_X1)
   0.02    1.64 v _7547_/ZN (INV_X1)
   0.06    1.70 ^ _9426_/S (HA_X1)
   0.04    1.74 v _6795_/ZN (NAND4_X1)
   0.05    1.79 v _6796_/ZN (OR2_X1)
   0.02    1.81 ^ _6802_/ZN (NAND4_X1)
   0.05    1.86 ^ _6804_/ZN (XNOR2_X1)
   0.05    1.91 ^ hold944/Z (CLKBUF_X1)
   0.02    1.93 v _6807_/ZN (NAND3_X4)
   0.06    1.99 ^ _6808_/ZN (AOI21_X4)
   0.02    2.01 v _6813_/ZN (NAND2_X1)
   0.12    2.13 ^ _9175_/S (FA_X1)
   0.10    2.23 v _9177_/S (FA_X1)
   0.12    2.35 ^ _9179_/S (FA_X1)
   0.09    2.44 v _9180_/S (FA_X1)
   0.02    2.46 ^ _7702_/ZN (INV_X1)
   0.07    2.53 ^ _9601_/S (HA_X1)
   0.02    2.55 v _7919_/ZN (INV_X1)
   0.03    2.58 ^ _7920_/ZN (OAI21_X1)
   0.02    2.60 v _7921_/ZN (NAND3_X1)
   0.02    2.62 ^ _7924_/ZN (NAND3_X1)
   0.01    2.63 v _7925_/ZN (INV_X1)
   0.03    2.65 ^ _7932_/ZN (OAI21_X1)
   0.03    2.68 v _7939_/ZN (NAND3_X1)
   0.03    2.71 ^ _7944_/ZN (NAND2_X1)
   0.02    2.72 v _7958_/ZN (AOI21_X1)
   0.03    2.75 ^ _7959_/ZN (OAI21_X1)
   0.07    2.82 ^ _7966_/Z (XOR2_X1)
   0.03    2.85 v _7969_/ZN (NAND3_X1)
   0.04    2.89 ^ _7970_/ZN (NAND2_X1)
   0.00    2.89 ^ cflt.tap1.u1.d_out_reg[11]$_DFF_PN0_/D (DFFR_X1)
           2.89   data arrival time

  20.00   20.00   clock clk (rise edge)
   0.00   20.00   clock source latency
   0.00   20.00 ^ clock (in)
   0.08   20.08 ^ clkbuf_0_clock/Z (CLKBUF_X3)
   0.07   20.16 ^ clkbuf_4_1_0_clock/Z (CLKBUF_X3)
   0.04   20.20 ^ clkbuf_leaf_30_clock/Z (CLKBUF_X3)
   0.00   20.20 ^ cflt.tap1.u1.d_out_reg[11]$_DFF_PN0_/CK (DFFR_X1)
  -0.20   20.00   clock uncertainty
   0.00   20.00   clock reconvergence pessimism
  -0.04   19.96   library setup time
          19.96   data required time
---------------------------------------------------------
          19.96   data required time
          -2.89   data arrival time
---------------------------------------------------------
          17.07   slack (MET)



==========================================================================
global route report_checks -path_delay min reg to reg
--------------------------------------------------------------------------
Startpoint: cflt.tap2.shiftxn[0]$_DFF_PN0_
            (rising edge-triggered flip-flop clocked by clk)
Endpoint: cflt.tap3.u1.d_out_reg[0]$_DFF_PN0_
          (rising edge-triggered flip-flop clocked by clk)
Path Group: clk
Path Type: min

  Delay    Time   Description
---------------------------------------------------------
   0.00    0.00   clock clk (rise edge)
   0.00    0.00   clock source latency
   0.00    0.00 ^ clock (in)
   0.08    0.08 ^ clkbuf_0_clock/Z (CLKBUF_X3)
   0.07    0.15 ^ clkbuf_4_12_0_clock/Z (CLKBUF_X3)
   0.04    0.19 ^ clkbuf_leaf_70_clock/Z (CLKBUF_X3)
   0.00    0.19 ^ cflt.tap2.shiftxn[0]$_DFF_PN0_/CK (DFFR_X1)
   0.11    0.30 v cflt.tap2.shiftxn[0]$_DFF_PN0_/Q (DFFR_X1)
   0.04    0.35 v _6067_/ZN (AND3_X1)
   0.03    0.37 v _9378_/CO (HA_X1)
   0.01    0.39 ^ _7465_/ZN (NAND2_X1)
   0.02    0.41 v _7467_/ZN (NAND2_X1)
   0.03    0.44 ^ _9638_/S (HA_X1)
   0.00    0.44 ^ cflt.tap3.u1.d_out_reg[0]$_DFF_PN0_/D (DFFR_X1)
           0.44   data arrival time

   0.00    0.00   clock clk (rise edge)
   0.00    0.00   clock source latency
   0.00    0.00 ^ clock (in)
   0.08    0.08 ^ clkbuf_0_clock/Z (CLKBUF_X3)
   0.07    0.15 ^ clkbuf_4_13_0_clock/Z (CLKBUF_X3)
   0.04    0.19 ^ clkbuf_leaf_58_clock/Z (CLKBUF_X3)
   0.00    0.19 ^ cflt.tap3.u1.d_out_reg[0]$_DFF_PN0_/CK (DFFR_X1)
   0.20    0.39   clock uncertainty
   0.00    0.39   clock reconvergence pessimism
   0.01    0.41   library hold time
           0.41   data required time
---------------------------------------------------------
           0.41   data required time
          -0.44   data arrival time
---------------------------------------------------------
           0.03   slack (MET)



==========================================================================
global route critical path target clock latency max path
--------------------------------------------------------------------------
0.2009

==========================================================================
global route critical path target clock latency min path
--------------------------------------------------------------------------
0.2010

==========================================================================
global route critical path source clock latency min path
--------------------------------------------------------------------------
0.0000

==========================================================================
global route critical path delay
--------------------------------------------------------------------------
2.3338

==========================================================================
global route critical path slack
--------------------------------------------------------------------------
15.4662

==========================================================================
global route slack div critical path delay
--------------------------------------------------------------------------
662.704602

==========================================================================
global route report_power
--------------------------------------------------------------------------
Group                  Internal  Switching    Leakage      Total
                          Power      Power      Power      Power (Watts)
----------------------------------------------------------------
Sequential             3.75e-04   3.45e-05   6.47e-05   4.74e-04   8.0%
Combinational          2.57e-03   2.50e-03   1.64e-04   5.24e-03  88.6%
Clock                  8.77e-05   1.06e-04   6.29e-06   2.00e-04   3.4%
Macro                  0.00e+00   0.00e+00   0.00e+00   0.00e+00   0.0%
Pad                    0.00e+00   0.00e+00   0.00e+00   0.00e+00   0.0%
----------------------------------------------------------------
Total                  3.04e-03   2.64e-03   2.35e-04   5.91e-03 100.0%
                          51.4%      44.6%       4.0%
