
==========================================================================
finish report_tns
--------------------------------------------------------------------------
tns max 0.00

==========================================================================
finish report_wns
--------------------------------------------------------------------------
wns max 0.00

==========================================================================
finish report_worst_slack
--------------------------------------------------------------------------
worst slack max 15.49

==========================================================================
finish report_clock_min_period
--------------------------------------------------------------------------
clk period_min = 4.51 fmax = 221.51

==========================================================================
finish report_clock_skew
--------------------------------------------------------------------------
Clock clk
   0.18 source latency cflt.tap1.delay_2.shift_reg[13]$_DFF_PN0_/CK ^
  -0.17 target latency cflt.tap2.shifty[8]$_DFF_PN0_/CK ^
   0.20 clock uncertainty
   0.00 CRPR
--------------
   0.21 setup skew


==========================================================================
finish report_checks -path_delay min
--------------------------------------------------------------------------
Startpoint: cflt.tap1.shiftx[29]$_DFF_PN0_
            (rising edge-triggered flip-flop clocked by clk)
Endpoint: cflt.tap1.shiftx[21]$_DFF_PN0_
          (rising edge-triggered flip-flop clocked by clk)
Path Group: clk
Path Type: min

Fanout     Cap    Slew   Delay    Time   Description
-----------------------------------------------------------------------------
                          0.00    0.00   clock clk (rise edge)
                          0.00    0.00   clock source latency
     1   14.25    0.00    0.00    0.00 ^ clock (in)
                                         clock (net)
                  0.00    0.00    0.00 ^ clkbuf_0_clock/A (CLKBUF_X3)
    16   57.18    0.04    0.07    0.07 ^ clkbuf_0_clock/Z (CLKBUF_X3)
                                         clknet_0_clock (net)
                  0.04    0.00    0.07 ^ clkbuf_4_5_0_clock/A (CLKBUF_X3)
     8   24.19    0.02    0.06    0.13 ^ clkbuf_4_5_0_clock/Z (CLKBUF_X3)
                                         clknet_4_5_0_clock (net)
                  0.02    0.00    0.13 ^ clkbuf_leaf_38_clock/A (CLKBUF_X3)
     6   10.07    0.01    0.04    0.18 ^ clkbuf_leaf_38_clock/Z (CLKBUF_X3)
                                         clknet_leaf_38_clock (net)
                  0.01    0.00    0.18 ^ cflt.tap1.shiftx[29]$_DFF_PN0_/CK (DFFR_X1)
    10   22.85    0.03    0.12    0.29 v cflt.tap1.shiftx[29]$_DFF_PN0_/Q (DFFR_X1)
                                         cflt.tap1.mul_coeff_x_in.d2_in[5] (net)
                  0.03    0.00    0.29 v hold3770/A (CLKBUF_X1)
     1    0.85    0.01    0.03    0.32 v hold3770/Z (CLKBUF_X1)
                                         net3770 (net)
                  0.01    0.00    0.32 v hold2077/A (CLKBUF_X1)
     1    1.16    0.01    0.03    0.35 v hold2077/Z (CLKBUF_X1)
                                         net2077 (net)
                  0.01    0.00    0.35 v hold664/A (CLKBUF_X1)
     1    1.04    0.01    0.03    0.38 v hold664/Z (CLKBUF_X1)
                                         net664 (net)
                  0.01    0.00    0.38 v hold2078/A (CLKBUF_X1)
     1    1.53    0.01    0.03    0.40 v hold2078/Z (CLKBUF_X1)
                                         net2078 (net)
                  0.01    0.00    0.40 v cflt.tap1.shiftx[21]$_DFF_PN0_/D (DFFR_X1)
                                  0.40   data arrival time

                          0.00    0.00   clock clk (rise edge)
                          0.00    0.00   clock source latency
     1   14.25    0.00    0.00    0.00 ^ clock (in)
                                         clock (net)
                  0.00    0.00    0.00 ^ clkbuf_0_clock/A (CLKBUF_X3)
    16   57.18    0.04    0.07    0.07 ^ clkbuf_0_clock/Z (CLKBUF_X3)
                                         clknet_0_clock (net)
                  0.04    0.00    0.07 ^ clkbuf_4_5_0_clock/A (CLKBUF_X3)
     8   24.19    0.02    0.06    0.13 ^ clkbuf_4_5_0_clock/Z (CLKBUF_X3)
                                         clknet_4_5_0_clock (net)
                  0.02    0.00    0.13 ^ clkbuf_leaf_36_clock/A (CLKBUF_X3)
     6    9.67    0.01    0.04    0.17 ^ clkbuf_leaf_36_clock/Z (CLKBUF_X3)
                                         clknet_leaf_36_clock (net)
                  0.01    0.00    0.17 ^ cflt.tap1.shiftx[21]$_DFF_PN0_/CK (DFFR_X1)
                          0.20    0.37   clock uncertainty
                          0.00    0.37   clock reconvergence pessimism
                          0.01    0.38   library hold time
                                  0.38   data required time
-----------------------------------------------------------------------------
                                  0.38   data required time
                                 -0.40   data arrival time
-----------------------------------------------------------------------------
                                  0.02   slack (MET)



==========================================================================
finish report_checks -path_delay max
--------------------------------------------------------------------------
Startpoint: adapt_en (input port clocked by clk)
Endpoint: err[2] (output port clocked by clk)
Path Group: clk
Path Type: max

Fanout     Cap    Slew   Delay    Time   Description
-----------------------------------------------------------------------------
                          0.00    0.00   clock clk (rise edge)
                          0.00    0.00   clock network delay (propagated)
                          2.00    2.00 ^ input external delay
     1    1.51    0.10    0.00    2.00 ^ adapt_en (in)
                                         adapt_en (net)
                  0.10    0.00    2.00 ^ input1/A (BUF_X1)
     1    1.97    0.01    0.03    2.03 ^ input1/Z (BUF_X1)
                                         net1 (net)
                  0.01    0.00    2.03 ^ _6171_/A1 (NAND2_X1)
     7   21.86    0.05    0.05    2.09 v _6171_/ZN (NAND2_X1)
                                         _2798_ (net)
                  0.05    0.00    2.09 v _6190_/A3 (NOR3_X1)
     5   11.89    0.10    0.14    2.23 ^ _6190_/ZN (NOR3_X1)
                                         net21 (net)
                  0.10    0.00    2.23 ^ place62/A (BUF_X1)
     2   10.73    0.03    0.06    2.29 ^ place62/Z (BUF_X1)
                                         net62 (net)
                  0.03    0.00    2.29 ^ output21/A (BUF_X1)
     1    0.68    0.01    0.02    2.31 ^ output21/Z (BUF_X1)
                                         err[2] (net)
                  0.01    0.00    2.31 ^ err[2] (out)
                                  2.31   data arrival time

                         20.00   20.00   clock clk (rise edge)
                          0.00   20.00   clock network delay (propagated)
                         -0.20   19.80   clock uncertainty
                          0.00   19.80   clock reconvergence pessimism
                         -2.00   17.80   output external delay
                                 17.80   data required time
-----------------------------------------------------------------------------
                                 17.80   data required time
                                 -2.31   data arrival time
-----------------------------------------------------------------------------
                                 15.49   slack (MET)



==========================================================================
finish report_checks -unconstrained
--------------------------------------------------------------------------
Startpoint: adapt_en (input port clocked by clk)
Endpoint: err[2] (output port clocked by clk)
Path Group: clk
Path Type: max

Fanout     Cap    Slew   Delay    Time   Description
-----------------------------------------------------------------------------
                          0.00    0.00   clock clk (rise edge)
                          0.00    0.00   clock network delay (propagated)
                          2.00    2.00 ^ input external delay
     1    1.51    0.10    0.00    2.00 ^ adapt_en (in)
                                         adapt_en (net)
                  0.10    0.00    2.00 ^ input1/A (BUF_X1)
     1    1.97    0.01    0.03    2.03 ^ input1/Z (BUF_X1)
                                         net1 (net)
                  0.01    0.00    2.03 ^ _6171_/A1 (NAND2_X1)
     7   21.86    0.05    0.05    2.09 v _6171_/ZN (NAND2_X1)
                                         _2798_ (net)
                  0.05    0.00    2.09 v _6190_/A3 (NOR3_X1)
     5   11.89    0.10    0.14    2.23 ^ _6190_/ZN (NOR3_X1)
                                         net21 (net)
                  0.10    0.00    2.23 ^ place62/A (BUF_X1)
     2   10.73    0.03    0.06    2.29 ^ place62/Z (BUF_X1)
                                         net62 (net)
                  0.03    0.00    2.29 ^ output21/A (BUF_X1)
     1    0.68    0.01    0.02    2.31 ^ output21/Z (BUF_X1)
                                         err[2] (net)
                  0.01    0.00    2.31 ^ err[2] (out)
                                  2.31   data arrival time

                         20.00   20.00   clock clk (rise edge)
                          0.00   20.00   clock network delay (propagated)
                         -0.20   19.80   clock uncertainty
                          0.00   19.80   clock reconvergence pessimism
                         -2.00   17.80   output external delay
                                 17.80   data required time
-----------------------------------------------------------------------------
                                 17.80   data required time
                                 -2.31   data arrival time
-----------------------------------------------------------------------------
                                 15.49   slack (MET)



==========================================================================
finish report_check_types -max_slew -max_cap -max_fanout -violators
--------------------------------------------------------------------------

==========================================================================
finish max_slew_check_slack
--------------------------------------------------------------------------
0.09767019003629684

==========================================================================
finish max_slew_check_limit
--------------------------------------------------------------------------
0.1985349953174591

==========================================================================
finish max_slew_check_slack_limit
--------------------------------------------------------------------------
0.4920

==========================================================================
finish max_fanout_check_slack
--------------------------------------------------------------------------
1.0000000150474662e+30

==========================================================================
finish max_fanout_check_limit
--------------------------------------------------------------------------
1.0000000150474662e+30

==========================================================================
finish max_capacitance_check_slack
--------------------------------------------------------------------------
4.129663467407227

==========================================================================
finish max_capacitance_check_limit
--------------------------------------------------------------------------
16.021699905395508

==========================================================================
finish max_capacitance_check_slack_limit
--------------------------------------------------------------------------
0.2578

==========================================================================
finish max_slew_violation_count
--------------------------------------------------------------------------
max slew violation count 0

==========================================================================
finish max_fanout_violation_count
--------------------------------------------------------------------------
max fanout violation count 0

==========================================================================
finish max_cap_violation_count
--------------------------------------------------------------------------
max cap violation count 0

==========================================================================
finish setup_violation_count
--------------------------------------------------------------------------
setup violation count 0

==========================================================================
finish hold_violation_count
--------------------------------------------------------------------------
hold violation count 0

==========================================================================
finish report_checks -path_delay max reg to reg
--------------------------------------------------------------------------
Startpoint: cflt.tap5.delay_2.shift_reg[12]$_DFF_PN0_
            (rising edge-triggered flip-flop clocked by clk)
Endpoint: cflt.tap1.u1.d_out_reg[11]$_DFF_PN0_
          (rising edge-triggered flip-flop clocked by clk)
Path Group: clk
Path Type: max

  Delay    Time   Description
---------------------------------------------------------
   0.00    0.00   clock clk (rise edge)
   0.00    0.00   clock source latency
   0.00    0.00 ^ clock (in)
   0.07    0.07 ^ clkbuf_0_clock/Z (CLKBUF_X3)
   0.06    0.13 ^ clkbuf_4_8_0_clock/Z (CLKBUF_X3)
   0.04    0.17 ^ clkbuf_leaf_92_clock/Z (CLKBUF_X3)
   0.00    0.17 ^ cflt.tap5.delay_2.shift_reg[12]$_DFF_PN0_/CK (DFFR_X1)
   0.12    0.29 ^ cflt.tap5.delay_2.shift_reg[12]$_DFF_PN0_/Q (DFFR_X1)
   0.04    0.33 v _7495_/ZN (NAND4_X1)
   0.06    0.39 v _9352_/S (HA_X1)
   0.07    0.46 ^ _5964_/ZN (INV_X1)
   0.11    0.57 ^ _6095_/ZN (AND3_X1)
   0.03    0.60 v _6982_/ZN (NAND2_X1)
   0.10    0.70 v _8866_/S (FA_X1)
   0.11    0.81 ^ _8871_/S (FA_X1)
   0.01    0.83 v _7506_/ZN (INV_X1)
   0.11    0.93 ^ _8876_/S (FA_X1)
   0.01    0.94 v _7066_/ZN (INV_X1)
   0.11    1.05 ^ _8879_/S (FA_X1)
   0.01    1.06 v _7518_/ZN (INV_X1)
   0.06    1.13 v _9389_/S (HA_X1)
   0.03    1.16 v _7361_/ZN (AND2_X1)
   0.05    1.21 v _7362_/ZN (OR2_X1)
   0.02    1.22 ^ _7363_/ZN (NAND2_X1)
   0.02    1.24 v _7364_/ZN (NAND2_X1)
   0.04    1.28 v _7524_/ZN (XNOR2_X1)
   0.03    1.31 ^ _7525_/ZN (INV_X1)
   0.07    1.38 ^ _9403_/S (HA_X1)
   0.01    1.40 v _6762_/ZN (INV_X1)
   0.06    1.46 ^ _7530_/ZN (OAI221_X1)
   0.02    1.48 v _7543_/ZN (AOI21_X1)
   0.03    1.51 ^ _7545_/ZN (OAI21_X1)
   0.05    1.56 ^ _7546_/ZN (XNOR2_X1)
   0.01    1.58 v _7547_/ZN (INV_X1)
   0.06    1.63 ^ _9426_/S (HA_X1)
   0.03    1.67 v _6795_/ZN (NAND4_X1)
   0.05    1.72 v _6796_/ZN (OR2_X1)
   0.02    1.74 ^ _6802_/ZN (NAND4_X1)
   0.04    1.78 ^ _6804_/ZN (XNOR2_X1)
   0.05    1.83 ^ hold944/Z (CLKBUF_X1)
   0.02    1.86 v _6807_/ZN (NAND3_X4)
   0.05    1.91 ^ _6808_/ZN (AOI21_X4)
   0.02    1.94 v _6813_/ZN (NAND2_X1)
   0.12    2.05 ^ _9175_/S (FA_X1)
   0.10    2.15 v _9177_/S (FA_X1)
   0.12    2.26 ^ _9179_/S (FA_X1)
   0.09    2.36 v _9180_/S (FA_X1)
   0.02    2.38 ^ _7702_/ZN (INV_X1)
   0.07    2.44 ^ _9601_/S (HA_X1)
   0.02    2.46 v _7919_/ZN (INV_X1)
   0.03    2.49 ^ _7920_/ZN (OAI21_X1)
   0.02    2.51 v _7921_/ZN (NAND3_X1)
   0.02    2.53 ^ _7924_/ZN (NAND3_X1)
   0.01    2.54 v _7925_/ZN (INV_X1)
   0.03    2.57 ^ _7932_/ZN (OAI21_X1)
   0.02    2.59 v _7939_/ZN (NAND3_X1)
   0.02    2.62 ^ _7944_/ZN (NAND2_X1)
   0.02    2.63 v _7958_/ZN (AOI21_X1)
   0.03    2.66 ^ _7959_/ZN (OAI21_X1)
   0.06    2.73 ^ _7966_/Z (XOR2_X1)
   0.02    2.75 v _7969_/ZN (NAND3_X1)
   0.03    2.78 ^ _7970_/ZN (NAND2_X1)
   0.00    2.78 ^ cflt.tap1.u1.d_out_reg[11]$_DFF_PN0_/D (DFFR_X1)
           2.78   data arrival time

  20.00   20.00   clock clk (rise edge)
   0.00   20.00   clock source latency
   0.00   20.00 ^ clock (in)
   0.07   20.07 ^ clkbuf_0_clock/Z (CLKBUF_X3)
   0.07   20.14 ^ clkbuf_4_1_0_clock/Z (CLKBUF_X3)
   0.04   20.18 ^ clkbuf_leaf_30_clock/Z (CLKBUF_X3)
   0.00   20.18 ^ cflt.tap1.u1.d_out_reg[11]$_DFF_PN0_/CK (DFFR_X1)
  -0.20   19.98   clock uncertainty
   0.00   19.98   clock reconvergence pessimism
  -0.04   19.94   library setup time
          19.94   data required time
---------------------------------------------------------
          19.94   data required time
          -2.78   data arrival time
---------------------------------------------------------
          17.16   slack (MET)



==========================================================================
finish report_checks -path_delay min reg to reg
--------------------------------------------------------------------------
Startpoint: cflt.tap1.shiftx[29]$_DFF_PN0_
            (rising edge-triggered flip-flop clocked by clk)
Endpoint: cflt.tap1.shiftx[21]$_DFF_PN0_
          (rising edge-triggered flip-flop clocked by clk)
Path Group: clk
Path Type: min

  Delay    Time   Description
---------------------------------------------------------
   0.00    0.00   clock clk (rise edge)
   0.00    0.00   clock source latency
   0.00    0.00 ^ clock (in)
   0.07    0.07 ^ clkbuf_0_clock/Z (CLKBUF_X3)
   0.06    0.13 ^ clkbuf_4_5_0_clock/Z (CLKBUF_X3)
   0.04    0.18 ^ clkbuf_leaf_38_clock/Z (CLKBUF_X3)
   0.00    0.18 ^ cflt.tap1.shiftx[29]$_DFF_PN0_/CK (DFFR_X1)
   0.12    0.29 v cflt.tap1.shiftx[29]$_DFF_PN0_/Q (DFFR_X1)
   0.03    0.32 v hold3770/Z (CLKBUF_X1)
   0.03    0.35 v hold2077/Z (CLKBUF_X1)
   0.03    0.38 v hold664/Z (CLKBUF_X1)
   0.03    0.40 v hold2078/Z (CLKBUF_X1)
   0.00    0.40 v cflt.tap1.shiftx[21]$_DFF_PN0_/D (DFFR_X1)
           0.40   data arrival time

   0.00    0.00   clock clk (rise edge)
   0.00    0.00   clock source latency
   0.00    0.00 ^ clock (in)
   0.07    0.07 ^ clkbuf_0_clock/Z (CLKBUF_X3)
   0.06    0.13 ^ clkbuf_4_5_0_clock/Z (CLKBUF_X3)
   0.04    0.17 ^ clkbuf_leaf_36_clock/Z (CLKBUF_X3)
   0.00    0.17 ^ cflt.tap1.shiftx[21]$_DFF_PN0_/CK (DFFR_X1)
   0.20    0.37   clock uncertainty
   0.00    0.37   clock reconvergence pessimism
   0.01    0.38   library hold time
           0.38   data required time
---------------------------------------------------------
           0.38   data required time
          -0.40   data arrival time
---------------------------------------------------------
           0.02   slack (MET)



==========================================================================
finish critical path target clock latency max path
--------------------------------------------------------------------------
0.1785

==========================================================================
finish critical path target clock latency min path
--------------------------------------------------------------------------
0.1790

==========================================================================
finish critical path source clock latency min path
--------------------------------------------------------------------------
0.0000

==========================================================================
finish critical path delay
--------------------------------------------------------------------------
2.3144

==========================================================================
finish critical path slack
--------------------------------------------------------------------------
15.4856

==========================================================================
finish slack div critical path delay
--------------------------------------------------------------------------
669.097822

==========================================================================
finish report_power
--------------------------------------------------------------------------
Group                  Internal  Switching    Leakage      Total
                          Power      Power      Power      Power (Watts)
----------------------------------------------------------------
Sequential             3.74e-04   3.11e-05   6.47e-05   4.70e-04   8.4%
Combinational          2.57e-03   2.24e-03   1.64e-04   4.97e-03  88.3%
Clock                  8.67e-05   9.51e-05   6.29e-06   1.88e-04   3.3%
Macro                  0.00e+00   0.00e+00   0.00e+00   0.00e+00   0.0%
Pad                    0.00e+00   0.00e+00   0.00e+00   0.00e+00   0.0%
----------------------------------------------------------------
Total                  3.03e-03   2.36e-03   2.35e-04   5.63e-03 100.0%
                          53.8%      42.0%       4.2%
