Information: Updating design information... (UID-85)
Warning: Design 'tf_lms_sv' contains 1 high-fanout nets. A fanout number of 1000 will be used for delay calculations involving these nets. (TIM-134)
 
****************************************
Report : qor
Design : tf_lms_sv
Version: L-2016.03-SP1
Date   : Wed Mar 25 23:19:03 2026
****************************************


  Timing Path Group 'clk'
  -----------------------------------
  Levels of Logic:              53.00
  Critical Path Length:          3.83
  Critical Path Slack:          14.80
  Critical Path Clk Period:     20.00
  Total Negative Slack:          0.00
  No. of Violating Paths:        0.00
  Worst Hold Violation:         -0.16
  Total Hold Violation:       -134.83
  No. of Hold Violations:      921.00
  -----------------------------------


  Cell Count
  -----------------------------------
  Hierarchical Cell Count:         79
  Hierarchical Port Count:       2866
  Leaf Cell Count:               3308
  Buf/Inv Cell Count:             413
  Buf Cell Count:                  40
  Inv Cell Count:                 373
  CT Buf/Inv Cell Count:            0
  Combinational Cell Count:      2300
  Sequential Cell Count:         1008
  Macro Count:                      0
  -----------------------------------


  Area
  -----------------------------------
  Combinational Area:     9328.276180
  Noncombinational Area:  8041.924622
  Buf/Inv Area:            619.006688
  Total Buffer Area:            93.86
  Total Inverter Area:         525.15
  Macro/Black Box Area:      0.000000
  Net Area:                  0.000000
  -----------------------------------
  Cell Area:             17370.200801
  Design Area:           17370.200801


  Design Rules
  -----------------------------------
  Total Number of Nets:          3924
  Nets With Violations:            40
  Max Trans Violations:             0
  Max Cap Violations:              40
  -----------------------------------


  Hostname: localhost.localdomain

  Compile CPU Statistics
  -----------------------------------------
  Resource Sharing:                    1.15
  Logic Optimization:                  0.22
  Mapping Optimization:                1.86
  -----------------------------------------
  Overall Compile Time:                3.61
  Overall Compile Wall Clock Time:     3.93

  --------------------------------------------------------------------

  Design  WNS: 0.00  TNS: 0.00  Number of Violating Paths: 0


  Design (Hold)  WNS: 0.16  TNS: 134.83  Number of Violating Paths: 921

  --------------------------------------------------------------------


1
