 
****************************************
Report : timing
        -path full
        -delay max
        -max_paths 10
Design : tf_lms_sv
Version: L-2016.03-SP1
Date   : Wed Mar 25 23:20:23 2026
****************************************

Operating Conditions: typical   Library: gscl45nm
Wire Load Model Mode: top

  Startpoint: cflt/tap5/delay_2/shift_reg_reg[13]
              (rising edge-triggered flip-flop clocked by clk)
  Endpoint: cflt/tap1/u1/d_out_reg_reg[11]
            (rising edge-triggered flip-flop clocked by clk)
  Path Group: clk
  Path Type: max

  Point                                                   Incr       Path
  --------------------------------------------------------------------------
  clock clk (rise edge)                                   0.00       0.00
  clock network delay (ideal)                             0.00       0.00
  cflt/tap5/delay_2/shift_reg_reg[13]/CLK (DFFPOSX1)      0.00       0.00 r
  cflt/tap5/delay_2/shift_reg_reg[13]/Q (DFFPOSX1)        0.11       0.11 f
  cflt/tap5/delay_2/xout[13] (shift_1d_16_sv_0)           0.00       0.11 f
  cflt/tap5/sat_1/d_in[13] (saturation_sv_0)              0.00       0.11 f
  cflt/tap5/sat_1/U7/Y (NOR3X1)                           0.05       0.16 r
  cflt/tap5/sat_1/U4/Y (AND2X1)                           0.04       0.19 r
  cflt/tap5/sat_1/U3/Y (INVX1)                            0.05       0.24 f
  cflt/tap5/sat_1/U9/Y (OAI21X1)                          0.11       0.35 r
  cflt/tap5/sat_1/U11/Y (AND2X1)                          0.17       0.52 r
  cflt/tap5/sat_1/d_out[7] (saturation_sv_0)              0.00       0.52 r
  cflt/tap5/trunc_1/d_in[7] (truncation_sv_1)             0.00       0.52 r
  cflt/tap5/trunc_1/d_out[1] (truncation_sv_1)            0.00       0.52 r
  cflt/tap5/mul_coeff_x_in/d1_in[1] (mul8_sv_0)           0.00       0.52 r
  cflt/tap5/mul_coeff_x_in/U152/Y (INVX1)                 0.10       0.62 f
  cflt/tap5/mul_coeff_x_in/U153/Y (MUX2X1)                0.12       0.74 r
  cflt/tap5/mul_coeff_x_in/U156/Y (INVX1)                 0.09       0.82 f
  cflt/tap5/mul_coeff_x_in/U223/Y (AOI22X1)               0.04       0.86 r
  cflt/tap5/mul_coeff_x_in/U35/Y (BUFX2)                  0.04       0.90 r
  cflt/tap5/mul_coeff_x_in/U224/Y (MUX2X1)                0.04       0.94 f
  cflt/tap5/mul_coeff_x_in/U230/Y (OR2X1)                 0.05       0.99 f
  cflt/tap5/mul_coeff_x_in/U231/Y (AOI22X1)               0.03       1.01 r
  cflt/tap5/mul_coeff_x_in/U57/Y (BUFX2)                  0.04       1.05 r
  cflt/tap5/mul_coeff_x_in/U5/Y (AND2X1)                  0.04       1.10 r
  cflt/tap5/mul_coeff_x_in/U100/Y (INVX1)                 0.02       1.12 f
  cflt/tap5/mul_coeff_x_in/U233/Y (OAI21X1)               0.03       1.14 r
  cflt/tap5/mul_coeff_x_in/U14/Y (AND2X1)                 0.04       1.18 r
  cflt/tap5/mul_coeff_x_in/U13/Y (INVX1)                  0.02       1.20 f
  cflt/tap5/mul_coeff_x_in/U6/Y (AND2X1)                  0.04       1.24 f
  cflt/tap5/mul_coeff_x_in/U105/Y (INVX1)                 0.04       1.28 r
  cflt/tap5/mul_coeff_x_in/intadd_15/U9/YC (FAX1)         0.08       1.35 r
  cflt/tap5/mul_coeff_x_in/intadd_15/U8/YS (FAX1)         0.09       1.45 f
  cflt/tap5/mul_coeff_x_in/d_out[7] (mul8_sv_0)           0.00       1.45 f
  cflt/tap5/trunc_2/d_in[7] (truncation_sv_0)             0.00       1.45 f
  cflt/tap5/trunc_2/d_out[1] (truncation_sv_0)            0.00       1.45 f
  cflt/tap5/intadd_1/U8/YC (FAX1)                         0.09       1.53 f
  cflt/tap5/intadd_1/U7/YC (FAX1)                         0.08       1.62 f
  cflt/tap5/intadd_1/U6/YC (FAX1)                         0.08       1.70 f
  cflt/tap5/intadd_1/U5/YC (FAX1)                         0.08       1.78 f
  cflt/tap5/intadd_1/U4/YS (FAX1)                         0.23       2.01 r
  cflt/tap5/y_out[5] (unit_calc_sv_0)                     0.00       2.01 r
  cflt/y_out[5] (core_filt_sv)                            0.00       2.01 r
  U43/Y (OR2X1)                                           0.07       2.08 r
  U13/Y (AND2X1)                                          0.05       2.12 r
  U48/Y (INVX1)                                           0.02       2.15 f
  U87/Y (OAI21X1)                                         0.04       2.19 r
  U60/Y (INVX1)                                           0.03       2.21 f
  U20/Y (AND2X1)                                          0.03       2.24 f
  U19/Y (INVX1)                                           0.00       2.25 r
  U15/Y (AND2X1)                                          0.04       2.29 r
  U16/Y (INVX1)                                           0.15       2.44 f
  cflt/ue_in[5] (core_filt_sv)                            0.00       2.44 f
  cflt/tap1/ue_in[5] (unit_calc_sv_4)                     0.00       2.44 f
  cflt/tap1/mul_xnin_ue/d2_in[5] (mul8_sv_9)              0.00       2.44 f
  cflt/tap1/mul_xnin_ue/U121/Y (INVX1)                    0.10       2.54 r
  cflt/tap1/mul_xnin_ue/U201/Y (AOI22X1)                  0.03       2.57 f
  cflt/tap1/mul_xnin_ue/U12/Y (BUFX2)                     0.04       2.61 f
  cflt/tap1/mul_xnin_ue/U203/Y (AOI22X1)                  0.04       2.64 r
  cflt/tap1/mul_xnin_ue/U57/Y (BUFX2)                     0.04       2.68 r
  cflt/tap1/mul_xnin_ue/U3/Y (OR2X1)                      0.05       2.73 r
  cflt/tap1/mul_xnin_ue/U109/Y (INVX1)                    0.03       2.76 f
  cflt/tap1/mul_xnin_ue/U209/Y (AOI21X1)                  0.02       2.78 r
  cflt/tap1/mul_xnin_ue/U38/Y (BUFX2)                     0.04       2.83 r
  cflt/tap1/mul_xnin_ue/intadd_2/U11/YS (FAX1)            0.08       2.90 f
  cflt/tap1/mul_xnin_ue/U210/Y (INVX1)                    0.03       2.94 r
  cflt/tap1/mul_xnin_ue/U231/YC (FAX1)                    0.05       2.99 r
  cflt/tap1/mul_xnin_ue/U230/Y (INVX1)                    0.04       3.03 f
  cflt/tap1/mul_xnin_ue/intadd_2/U10/YC (FAX1)            0.09       3.12 f
  cflt/tap1/mul_xnin_ue/intadd_2/U9/YC (FAX1)             0.08       3.20 f
  cflt/tap1/mul_xnin_ue/intadd_2/U8/YC (FAX1)             0.08       3.28 f
  cflt/tap1/mul_xnin_ue/intadd_2/U7/YC (FAX1)             0.08       3.36 f
  cflt/tap1/mul_xnin_ue/intadd_2/U6/YC (FAX1)             0.08       3.44 f
  cflt/tap1/mul_xnin_ue/intadd_2/U5/YC (FAX1)             0.08       3.53 f
  cflt/tap1/mul_xnin_ue/intadd_2/U4/YC (FAX1)             0.08       3.61 f
  cflt/tap1/mul_xnin_ue/intadd_2/U3/YC (FAX1)             0.08       3.69 f
  cflt/tap1/mul_xnin_ue/intadd_2/U2/YC (FAX1)             0.07       3.76 f
  cflt/tap1/mul_xnin_ue/U235/Y (INVX1)                    0.00       3.76 r
  cflt/tap1/mul_xnin_ue/d_out[15] (mul8_sv_9)             0.00       3.76 r
  cflt/tap1/u1/d_in[15] (u_scaling_sv_4)                  0.00       3.76 r
  cflt/tap1/u1/d_out_reg_reg[11]/D (DFFPOSX1)             0.00       3.76 r
  data arrival time                                                  3.76

  clock clk (rise edge)                                  20.00      20.00
  clock network delay (ideal)                             0.00      20.00
  clock uncertainty                                      -0.20      19.80
  cflt/tap1/u1/d_out_reg_reg[11]/CLK (DFFPOSX1)           0.00      19.80 r
  library setup time                                     -1.44      18.36
  data required time                                                18.36
  --------------------------------------------------------------------------
  data required time                                                18.36
  data arrival time                                                 -3.76
  --------------------------------------------------------------------------
  slack (MET)                                                       14.60


  Startpoint: cflt/tap5/delay_2/shift_reg_reg[13]
              (rising edge-triggered flip-flop clocked by clk)
  Endpoint: cflt/tap1/u1/d_out_reg_reg[10]
            (rising edge-triggered flip-flop clocked by clk)
  Path Group: clk
  Path Type: max

  Point                                                   Incr       Path
  --------------------------------------------------------------------------
  clock clk (rise edge)                                   0.00       0.00
  clock network delay (ideal)                             0.00       0.00
  cflt/tap5/delay_2/shift_reg_reg[13]/CLK (DFFPOSX1)      0.00       0.00 r
  cflt/tap5/delay_2/shift_reg_reg[13]/Q (DFFPOSX1)        0.11       0.11 f
  cflt/tap5/delay_2/xout[13] (shift_1d_16_sv_0)           0.00       0.11 f
  cflt/tap5/sat_1/d_in[13] (saturation_sv_0)              0.00       0.11 f
  cflt/tap5/sat_1/U7/Y (NOR3X1)                           0.05       0.16 r
  cflt/tap5/sat_1/U4/Y (AND2X1)                           0.04       0.19 r
  cflt/tap5/sat_1/U3/Y (INVX1)                            0.05       0.24 f
  cflt/tap5/sat_1/U9/Y (OAI21X1)                          0.11       0.35 r
  cflt/tap5/sat_1/U11/Y (AND2X1)                          0.17       0.52 r
  cflt/tap5/sat_1/d_out[7] (saturation_sv_0)              0.00       0.52 r
  cflt/tap5/trunc_1/d_in[7] (truncation_sv_1)             0.00       0.52 r
  cflt/tap5/trunc_1/d_out[1] (truncation_sv_1)            0.00       0.52 r
  cflt/tap5/mul_coeff_x_in/d1_in[1] (mul8_sv_0)           0.00       0.52 r
  cflt/tap5/mul_coeff_x_in/U152/Y (INVX1)                 0.10       0.62 f
  cflt/tap5/mul_coeff_x_in/U153/Y (MUX2X1)                0.12       0.74 r
  cflt/tap5/mul_coeff_x_in/U156/Y (INVX1)                 0.09       0.82 f
  cflt/tap5/mul_coeff_x_in/U223/Y (AOI22X1)               0.04       0.86 r
  cflt/tap5/mul_coeff_x_in/U35/Y (BUFX2)                  0.04       0.90 r
  cflt/tap5/mul_coeff_x_in/U224/Y (MUX2X1)                0.04       0.94 f
  cflt/tap5/mul_coeff_x_in/U230/Y (OR2X1)                 0.05       0.99 f
  cflt/tap5/mul_coeff_x_in/U231/Y (AOI22X1)               0.03       1.01 r
  cflt/tap5/mul_coeff_x_in/U57/Y (BUFX2)                  0.04       1.05 r
  cflt/tap5/mul_coeff_x_in/U5/Y (AND2X1)                  0.04       1.10 r
  cflt/tap5/mul_coeff_x_in/U100/Y (INVX1)                 0.02       1.12 f
  cflt/tap5/mul_coeff_x_in/U233/Y (OAI21X1)               0.03       1.14 r
  cflt/tap5/mul_coeff_x_in/U14/Y (AND2X1)                 0.04       1.18 r
  cflt/tap5/mul_coeff_x_in/U13/Y (INVX1)                  0.02       1.20 f
  cflt/tap5/mul_coeff_x_in/U6/Y (AND2X1)                  0.04       1.24 f
  cflt/tap5/mul_coeff_x_in/U105/Y (INVX1)                 0.04       1.28 r
  cflt/tap5/mul_coeff_x_in/intadd_15/U9/YC (FAX1)         0.08       1.35 r
  cflt/tap5/mul_coeff_x_in/intadd_15/U8/YS (FAX1)         0.09       1.45 f
  cflt/tap5/mul_coeff_x_in/d_out[7] (mul8_sv_0)           0.00       1.45 f
  cflt/tap5/trunc_2/d_in[7] (truncation_sv_0)             0.00       1.45 f
  cflt/tap5/trunc_2/d_out[1] (truncation_sv_0)            0.00       1.45 f
  cflt/tap5/intadd_1/U8/YC (FAX1)                         0.09       1.53 f
  cflt/tap5/intadd_1/U7/YC (FAX1)                         0.08       1.62 f
  cflt/tap5/intadd_1/U6/YC (FAX1)                         0.08       1.70 f
  cflt/tap5/intadd_1/U5/YC (FAX1)                         0.08       1.78 f
  cflt/tap5/intadd_1/U4/YS (FAX1)                         0.23       2.01 r
  cflt/tap5/y_out[5] (unit_calc_sv_0)                     0.00       2.01 r
  cflt/y_out[5] (core_filt_sv)                            0.00       2.01 r
  U43/Y (OR2X1)                                           0.07       2.08 r
  U13/Y (AND2X1)                                          0.05       2.12 r
  U48/Y (INVX1)                                           0.02       2.15 f
  U87/Y (OAI21X1)                                         0.04       2.19 r
  U60/Y (INVX1)                                           0.03       2.21 f
  U20/Y (AND2X1)                                          0.03       2.24 f
  U19/Y (INVX1)                                           0.00       2.25 r
  U15/Y (AND2X1)                                          0.04       2.29 r
  U16/Y (INVX1)                                           0.15       2.44 f
  cflt/ue_in[5] (core_filt_sv)                            0.00       2.44 f
  cflt/tap1/ue_in[5] (unit_calc_sv_4)                     0.00       2.44 f
  cflt/tap1/mul_xnin_ue/d2_in[5] (mul8_sv_9)              0.00       2.44 f
  cflt/tap1/mul_xnin_ue/U121/Y (INVX1)                    0.10       2.54 r
  cflt/tap1/mul_xnin_ue/U201/Y (AOI22X1)                  0.03       2.57 f
  cflt/tap1/mul_xnin_ue/U12/Y (BUFX2)                     0.04       2.61 f
  cflt/tap1/mul_xnin_ue/U203/Y (AOI22X1)                  0.04       2.64 r
  cflt/tap1/mul_xnin_ue/U57/Y (BUFX2)                     0.04       2.68 r
  cflt/tap1/mul_xnin_ue/U3/Y (OR2X1)                      0.05       2.73 r
  cflt/tap1/mul_xnin_ue/U109/Y (INVX1)                    0.03       2.76 f
  cflt/tap1/mul_xnin_ue/U209/Y (AOI21X1)                  0.02       2.78 r
  cflt/tap1/mul_xnin_ue/U38/Y (BUFX2)                     0.04       2.83 r
  cflt/tap1/mul_xnin_ue/intadd_2/U11/YS (FAX1)            0.08       2.90 f
  cflt/tap1/mul_xnin_ue/U210/Y (INVX1)                    0.03       2.94 r
  cflt/tap1/mul_xnin_ue/U231/YC (FAX1)                    0.05       2.99 r
  cflt/tap1/mul_xnin_ue/U230/Y (INVX1)                    0.04       3.03 f
  cflt/tap1/mul_xnin_ue/intadd_2/U10/YC (FAX1)            0.09       3.12 f
  cflt/tap1/mul_xnin_ue/intadd_2/U9/YC (FAX1)             0.08       3.20 f
  cflt/tap1/mul_xnin_ue/intadd_2/U8/YC (FAX1)             0.08       3.28 f
  cflt/tap1/mul_xnin_ue/intadd_2/U7/YC (FAX1)             0.08       3.36 f
  cflt/tap1/mul_xnin_ue/intadd_2/U6/YC (FAX1)             0.08       3.44 f
  cflt/tap1/mul_xnin_ue/intadd_2/U5/YC (FAX1)             0.08       3.53 f
  cflt/tap1/mul_xnin_ue/intadd_2/U4/YC (FAX1)             0.08       3.61 f
  cflt/tap1/mul_xnin_ue/intadd_2/U3/YC (FAX1)             0.08       3.69 f
  cflt/tap1/mul_xnin_ue/intadd_2/U2/YS (FAX1)             0.07       3.76 r
  cflt/tap1/mul_xnin_ue/d_out[14] (mul8_sv_9)             0.00       3.76 r
  cflt/tap1/u1/d_in[14] (u_scaling_sv_4)                  0.00       3.76 r
  cflt/tap1/u1/d_out_reg_reg[10]/D (DFFPOSX1)             0.00       3.76 r
  data arrival time                                                  3.76

  clock clk (rise edge)                                  20.00      20.00
  clock network delay (ideal)                             0.00      20.00
  clock uncertainty                                      -0.20      19.80
  cflt/tap1/u1/d_out_reg_reg[10]/CLK (DFFPOSX1)           0.00      19.80 r
  library setup time                                     -1.35      18.45
  data required time                                                18.45
  --------------------------------------------------------------------------
  data required time                                                18.45
  data arrival time                                                 -3.76
  --------------------------------------------------------------------------
  slack (MET)                                                       14.69


  Startpoint: cflt/tap5/delay_2/shift_reg_reg[13]
              (rising edge-triggered flip-flop clocked by clk)
  Endpoint: cflt/tap1/u1/d_out_reg_reg[9]
            (rising edge-triggered flip-flop clocked by clk)
  Path Group: clk
  Path Type: max

  Point                                                   Incr       Path
  --------------------------------------------------------------------------
  clock clk (rise edge)                                   0.00       0.00
  clock network delay (ideal)                             0.00       0.00
  cflt/tap5/delay_2/shift_reg_reg[13]/CLK (DFFPOSX1)      0.00       0.00 r
  cflt/tap5/delay_2/shift_reg_reg[13]/Q (DFFPOSX1)        0.11       0.11 f
  cflt/tap5/delay_2/xout[13] (shift_1d_16_sv_0)           0.00       0.11 f
  cflt/tap5/sat_1/d_in[13] (saturation_sv_0)              0.00       0.11 f
  cflt/tap5/sat_1/U7/Y (NOR3X1)                           0.05       0.16 r
  cflt/tap5/sat_1/U4/Y (AND2X1)                           0.04       0.19 r
  cflt/tap5/sat_1/U3/Y (INVX1)                            0.05       0.24 f
  cflt/tap5/sat_1/U9/Y (OAI21X1)                          0.11       0.35 r
  cflt/tap5/sat_1/U11/Y (AND2X1)                          0.17       0.52 r
  cflt/tap5/sat_1/d_out[7] (saturation_sv_0)              0.00       0.52 r
  cflt/tap5/trunc_1/d_in[7] (truncation_sv_1)             0.00       0.52 r
  cflt/tap5/trunc_1/d_out[1] (truncation_sv_1)            0.00       0.52 r
  cflt/tap5/mul_coeff_x_in/d1_in[1] (mul8_sv_0)           0.00       0.52 r
  cflt/tap5/mul_coeff_x_in/U152/Y (INVX1)                 0.10       0.62 f
  cflt/tap5/mul_coeff_x_in/U153/Y (MUX2X1)                0.12       0.74 r
  cflt/tap5/mul_coeff_x_in/U156/Y (INVX1)                 0.09       0.82 f
  cflt/tap5/mul_coeff_x_in/U223/Y (AOI22X1)               0.04       0.86 r
  cflt/tap5/mul_coeff_x_in/U35/Y (BUFX2)                  0.04       0.90 r
  cflt/tap5/mul_coeff_x_in/U224/Y (MUX2X1)                0.04       0.94 f
  cflt/tap5/mul_coeff_x_in/U230/Y (OR2X1)                 0.05       0.99 f
  cflt/tap5/mul_coeff_x_in/U231/Y (AOI22X1)               0.03       1.01 r
  cflt/tap5/mul_coeff_x_in/U57/Y (BUFX2)                  0.04       1.05 r
  cflt/tap5/mul_coeff_x_in/U5/Y (AND2X1)                  0.04       1.10 r
  cflt/tap5/mul_coeff_x_in/U100/Y (INVX1)                 0.02       1.12 f
  cflt/tap5/mul_coeff_x_in/U233/Y (OAI21X1)               0.03       1.14 r
  cflt/tap5/mul_coeff_x_in/U14/Y (AND2X1)                 0.04       1.18 r
  cflt/tap5/mul_coeff_x_in/U13/Y (INVX1)                  0.02       1.20 f
  cflt/tap5/mul_coeff_x_in/U6/Y (AND2X1)                  0.04       1.24 f
  cflt/tap5/mul_coeff_x_in/U105/Y (INVX1)                 0.04       1.28 r
  cflt/tap5/mul_coeff_x_in/intadd_15/U9/YC (FAX1)         0.08       1.35 r
  cflt/tap5/mul_coeff_x_in/intadd_15/U8/YS (FAX1)         0.09       1.45 f
  cflt/tap5/mul_coeff_x_in/d_out[7] (mul8_sv_0)           0.00       1.45 f
  cflt/tap5/trunc_2/d_in[7] (truncation_sv_0)             0.00       1.45 f
  cflt/tap5/trunc_2/d_out[1] (truncation_sv_0)            0.00       1.45 f
  cflt/tap5/intadd_1/U8/YC (FAX1)                         0.09       1.53 f
  cflt/tap5/intadd_1/U7/YC (FAX1)                         0.08       1.62 f
  cflt/tap5/intadd_1/U6/YC (FAX1)                         0.08       1.70 f
  cflt/tap5/intadd_1/U5/YC (FAX1)                         0.08       1.78 f
  cflt/tap5/intadd_1/U4/YS (FAX1)                         0.23       2.01 r
  cflt/tap5/y_out[5] (unit_calc_sv_0)                     0.00       2.01 r
  cflt/y_out[5] (core_filt_sv)                            0.00       2.01 r
  U43/Y (OR2X1)                                           0.07       2.08 r
  U13/Y (AND2X1)                                          0.05       2.12 r
  U48/Y (INVX1)                                           0.02       2.15 f
  U87/Y (OAI21X1)                                         0.04       2.19 r
  U60/Y (INVX1)                                           0.03       2.21 f
  U20/Y (AND2X1)                                          0.03       2.24 f
  U19/Y (INVX1)                                           0.00       2.25 r
  U15/Y (AND2X1)                                          0.04       2.29 r
  U16/Y (INVX1)                                           0.15       2.44 f
  cflt/ue_in[5] (core_filt_sv)                            0.00       2.44 f
  cflt/tap1/ue_in[5] (unit_calc_sv_4)                     0.00       2.44 f
  cflt/tap1/mul_xnin_ue/d2_in[5] (mul8_sv_9)              0.00       2.44 f
  cflt/tap1/mul_xnin_ue/U121/Y (INVX1)                    0.10       2.54 r
  cflt/tap1/mul_xnin_ue/U201/Y (AOI22X1)                  0.03       2.57 f
  cflt/tap1/mul_xnin_ue/U12/Y (BUFX2)                     0.04       2.61 f
  cflt/tap1/mul_xnin_ue/U203/Y (AOI22X1)                  0.04       2.64 r
  cflt/tap1/mul_xnin_ue/U57/Y (BUFX2)                     0.04       2.68 r
  cflt/tap1/mul_xnin_ue/U3/Y (OR2X1)                      0.05       2.73 r
  cflt/tap1/mul_xnin_ue/U109/Y (INVX1)                    0.03       2.76 f
  cflt/tap1/mul_xnin_ue/U209/Y (AOI21X1)                  0.02       2.78 r
  cflt/tap1/mul_xnin_ue/U38/Y (BUFX2)                     0.04       2.83 r
  cflt/tap1/mul_xnin_ue/intadd_2/U11/YS (FAX1)            0.08       2.90 f
  cflt/tap1/mul_xnin_ue/U210/Y (INVX1)                    0.03       2.94 r
  cflt/tap1/mul_xnin_ue/U231/YC (FAX1)                    0.05       2.99 r
  cflt/tap1/mul_xnin_ue/U230/Y (INVX1)                    0.04       3.03 f
  cflt/tap1/mul_xnin_ue/intadd_2/U10/YC (FAX1)            0.09       3.12 f
  cflt/tap1/mul_xnin_ue/intadd_2/U9/YC (FAX1)             0.08       3.20 f
  cflt/tap1/mul_xnin_ue/intadd_2/U8/YC (FAX1)             0.08       3.28 f
  cflt/tap1/mul_xnin_ue/intadd_2/U7/YC (FAX1)             0.08       3.36 f
  cflt/tap1/mul_xnin_ue/intadd_2/U6/YC (FAX1)             0.08       3.44 f
  cflt/tap1/mul_xnin_ue/intadd_2/U5/YC (FAX1)             0.08       3.53 f
  cflt/tap1/mul_xnin_ue/intadd_2/U4/YC (FAX1)             0.08       3.61 f
  cflt/tap1/mul_xnin_ue/intadd_2/U3/YS (FAX1)             0.07       3.68 r
  cflt/tap1/mul_xnin_ue/d_out[13] (mul8_sv_9)             0.00       3.68 r
  cflt/tap1/u1/d_in[13] (u_scaling_sv_4)                  0.00       3.68 r
  cflt/tap1/u1/d_out_reg_reg[9]/D (DFFPOSX1)              0.00       3.68 r
  data arrival time                                                  3.68

  clock clk (rise edge)                                  20.00      20.00
  clock network delay (ideal)                             0.00      20.00
  clock uncertainty                                      -0.20      19.80
  cflt/tap1/u1/d_out_reg_reg[9]/CLK (DFFPOSX1)            0.00      19.80 r
  library setup time                                     -1.35      18.45
  data required time                                                18.45
  --------------------------------------------------------------------------
  data required time                                                18.45
  data arrival time                                                 -3.68
  --------------------------------------------------------------------------
  slack (MET)                                                       14.78


  Startpoint: cflt/tap5/delay_2/shift_reg_reg[13]
              (rising edge-triggered flip-flop clocked by clk)
  Endpoint: cflt/tap1/u1/d_out_reg_reg[8]
            (rising edge-triggered flip-flop clocked by clk)
  Path Group: clk
  Path Type: max

  Point                                                   Incr       Path
  --------------------------------------------------------------------------
  clock clk (rise edge)                                   0.00       0.00
  clock network delay (ideal)                             0.00       0.00
  cflt/tap5/delay_2/shift_reg_reg[13]/CLK (DFFPOSX1)      0.00       0.00 r
  cflt/tap5/delay_2/shift_reg_reg[13]/Q (DFFPOSX1)        0.11       0.11 f
  cflt/tap5/delay_2/xout[13] (shift_1d_16_sv_0)           0.00       0.11 f
  cflt/tap5/sat_1/d_in[13] (saturation_sv_0)              0.00       0.11 f
  cflt/tap5/sat_1/U7/Y (NOR3X1)                           0.05       0.16 r
  cflt/tap5/sat_1/U4/Y (AND2X1)                           0.04       0.19 r
  cflt/tap5/sat_1/U3/Y (INVX1)                            0.05       0.24 f
  cflt/tap5/sat_1/U9/Y (OAI21X1)                          0.11       0.35 r
  cflt/tap5/sat_1/U11/Y (AND2X1)                          0.17       0.52 r
  cflt/tap5/sat_1/d_out[7] (saturation_sv_0)              0.00       0.52 r
  cflt/tap5/trunc_1/d_in[7] (truncation_sv_1)             0.00       0.52 r
  cflt/tap5/trunc_1/d_out[1] (truncation_sv_1)            0.00       0.52 r
  cflt/tap5/mul_coeff_x_in/d1_in[1] (mul8_sv_0)           0.00       0.52 r
  cflt/tap5/mul_coeff_x_in/U152/Y (INVX1)                 0.10       0.62 f
  cflt/tap5/mul_coeff_x_in/U153/Y (MUX2X1)                0.12       0.74 r
  cflt/tap5/mul_coeff_x_in/U156/Y (INVX1)                 0.09       0.82 f
  cflt/tap5/mul_coeff_x_in/U223/Y (AOI22X1)               0.04       0.86 r
  cflt/tap5/mul_coeff_x_in/U35/Y (BUFX2)                  0.04       0.90 r
  cflt/tap5/mul_coeff_x_in/U224/Y (MUX2X1)                0.04       0.94 f
  cflt/tap5/mul_coeff_x_in/U230/Y (OR2X1)                 0.05       0.99 f
  cflt/tap5/mul_coeff_x_in/U231/Y (AOI22X1)               0.03       1.01 r
  cflt/tap5/mul_coeff_x_in/U57/Y (BUFX2)                  0.04       1.05 r
  cflt/tap5/mul_coeff_x_in/U5/Y (AND2X1)                  0.04       1.10 r
  cflt/tap5/mul_coeff_x_in/U100/Y (INVX1)                 0.02       1.12 f
  cflt/tap5/mul_coeff_x_in/U233/Y (OAI21X1)               0.03       1.14 r
  cflt/tap5/mul_coeff_x_in/U14/Y (AND2X1)                 0.04       1.18 r
  cflt/tap5/mul_coeff_x_in/U13/Y (INVX1)                  0.02       1.20 f
  cflt/tap5/mul_coeff_x_in/U6/Y (AND2X1)                  0.04       1.24 f
  cflt/tap5/mul_coeff_x_in/U105/Y (INVX1)                 0.04       1.28 r
  cflt/tap5/mul_coeff_x_in/intadd_15/U9/YC (FAX1)         0.08       1.35 r
  cflt/tap5/mul_coeff_x_in/intadd_15/U8/YS (FAX1)         0.09       1.45 f
  cflt/tap5/mul_coeff_x_in/d_out[7] (mul8_sv_0)           0.00       1.45 f
  cflt/tap5/trunc_2/d_in[7] (truncation_sv_0)             0.00       1.45 f
  cflt/tap5/trunc_2/d_out[1] (truncation_sv_0)            0.00       1.45 f
  cflt/tap5/intadd_1/U8/YC (FAX1)                         0.09       1.53 f
  cflt/tap5/intadd_1/U7/YC (FAX1)                         0.08       1.62 f
  cflt/tap5/intadd_1/U6/YC (FAX1)                         0.08       1.70 f
  cflt/tap5/intadd_1/U5/YC (FAX1)                         0.08       1.78 f
  cflt/tap5/intadd_1/U4/YS (FAX1)                         0.23       2.01 r
  cflt/tap5/y_out[5] (unit_calc_sv_0)                     0.00       2.01 r
  cflt/y_out[5] (core_filt_sv)                            0.00       2.01 r
  U43/Y (OR2X1)                                           0.07       2.08 r
  U13/Y (AND2X1)                                          0.05       2.12 r
  U48/Y (INVX1)                                           0.02       2.15 f
  U87/Y (OAI21X1)                                         0.04       2.19 r
  U60/Y (INVX1)                                           0.03       2.21 f
  U20/Y (AND2X1)                                          0.03       2.24 f
  U19/Y (INVX1)                                           0.00       2.25 r
  U15/Y (AND2X1)                                          0.04       2.29 r
  U16/Y (INVX1)                                           0.15       2.44 f
  cflt/ue_in[5] (core_filt_sv)                            0.00       2.44 f
  cflt/tap1/ue_in[5] (unit_calc_sv_4)                     0.00       2.44 f
  cflt/tap1/mul_xnin_ue/d2_in[5] (mul8_sv_9)              0.00       2.44 f
  cflt/tap1/mul_xnin_ue/U121/Y (INVX1)                    0.10       2.54 r
  cflt/tap1/mul_xnin_ue/U201/Y (AOI22X1)                  0.03       2.57 f
  cflt/tap1/mul_xnin_ue/U12/Y (BUFX2)                     0.04       2.61 f
  cflt/tap1/mul_xnin_ue/U203/Y (AOI22X1)                  0.04       2.64 r
  cflt/tap1/mul_xnin_ue/U57/Y (BUFX2)                     0.04       2.68 r
  cflt/tap1/mul_xnin_ue/U3/Y (OR2X1)                      0.05       2.73 r
  cflt/tap1/mul_xnin_ue/U109/Y (INVX1)                    0.03       2.76 f
  cflt/tap1/mul_xnin_ue/U209/Y (AOI21X1)                  0.02       2.78 r
  cflt/tap1/mul_xnin_ue/U38/Y (BUFX2)                     0.04       2.83 r
  cflt/tap1/mul_xnin_ue/intadd_2/U11/YS (FAX1)            0.08       2.90 f
  cflt/tap1/mul_xnin_ue/U210/Y (INVX1)                    0.03       2.94 r
  cflt/tap1/mul_xnin_ue/U231/YC (FAX1)                    0.05       2.99 r
  cflt/tap1/mul_xnin_ue/U230/Y (INVX1)                    0.04       3.03 f
  cflt/tap1/mul_xnin_ue/intadd_2/U10/YC (FAX1)            0.09       3.12 f
  cflt/tap1/mul_xnin_ue/intadd_2/U9/YC (FAX1)             0.08       3.20 f
  cflt/tap1/mul_xnin_ue/intadd_2/U8/YC (FAX1)             0.08       3.28 f
  cflt/tap1/mul_xnin_ue/intadd_2/U7/YC (FAX1)             0.08       3.36 f
  cflt/tap1/mul_xnin_ue/intadd_2/U6/YC (FAX1)             0.08       3.44 f
  cflt/tap1/mul_xnin_ue/intadd_2/U5/YC (FAX1)             0.08       3.53 f
  cflt/tap1/mul_xnin_ue/intadd_2/U4/YS (FAX1)             0.07       3.59 r
  cflt/tap1/mul_xnin_ue/d_out[12] (mul8_sv_9)             0.00       3.59 r
  cflt/tap1/u1/d_in[12] (u_scaling_sv_4)                  0.00       3.59 r
  cflt/tap1/u1/d_out_reg_reg[8]/D (DFFPOSX1)              0.00       3.59 r
  data arrival time                                                  3.59

  clock clk (rise edge)                                  20.00      20.00
  clock network delay (ideal)                             0.00      20.00
  clock uncertainty                                      -0.20      19.80
  cflt/tap1/u1/d_out_reg_reg[8]/CLK (DFFPOSX1)            0.00      19.80 r
  library setup time                                     -1.35      18.45
  data required time                                                18.45
  --------------------------------------------------------------------------
  data required time                                                18.45
  data arrival time                                                 -3.59
  --------------------------------------------------------------------------
  slack (MET)                                                       14.86


  Startpoint: cflt/tap5/delay_2/shift_reg_reg[13]
              (rising edge-triggered flip-flop clocked by clk)
  Endpoint: cflt/tap1/u1/d_out_reg_reg[7]
            (rising edge-triggered flip-flop clocked by clk)
  Path Group: clk
  Path Type: max

  Point                                                   Incr       Path
  --------------------------------------------------------------------------
  clock clk (rise edge)                                   0.00       0.00
  clock network delay (ideal)                             0.00       0.00
  cflt/tap5/delay_2/shift_reg_reg[13]/CLK (DFFPOSX1)      0.00       0.00 r
  cflt/tap5/delay_2/shift_reg_reg[13]/Q (DFFPOSX1)        0.11       0.11 f
  cflt/tap5/delay_2/xout[13] (shift_1d_16_sv_0)           0.00       0.11 f
  cflt/tap5/sat_1/d_in[13] (saturation_sv_0)              0.00       0.11 f
  cflt/tap5/sat_1/U7/Y (NOR3X1)                           0.05       0.16 r
  cflt/tap5/sat_1/U4/Y (AND2X1)                           0.04       0.19 r
  cflt/tap5/sat_1/U3/Y (INVX1)                            0.05       0.24 f
  cflt/tap5/sat_1/U9/Y (OAI21X1)                          0.11       0.35 r
  cflt/tap5/sat_1/U11/Y (AND2X1)                          0.17       0.52 r
  cflt/tap5/sat_1/d_out[7] (saturation_sv_0)              0.00       0.52 r
  cflt/tap5/trunc_1/d_in[7] (truncation_sv_1)             0.00       0.52 r
  cflt/tap5/trunc_1/d_out[1] (truncation_sv_1)            0.00       0.52 r
  cflt/tap5/mul_coeff_x_in/d1_in[1] (mul8_sv_0)           0.00       0.52 r
  cflt/tap5/mul_coeff_x_in/U152/Y (INVX1)                 0.10       0.62 f
  cflt/tap5/mul_coeff_x_in/U153/Y (MUX2X1)                0.12       0.74 r
  cflt/tap5/mul_coeff_x_in/U156/Y (INVX1)                 0.09       0.82 f
  cflt/tap5/mul_coeff_x_in/U223/Y (AOI22X1)               0.04       0.86 r
  cflt/tap5/mul_coeff_x_in/U35/Y (BUFX2)                  0.04       0.90 r
  cflt/tap5/mul_coeff_x_in/U224/Y (MUX2X1)                0.04       0.94 f
  cflt/tap5/mul_coeff_x_in/U230/Y (OR2X1)                 0.05       0.99 f
  cflt/tap5/mul_coeff_x_in/U231/Y (AOI22X1)               0.03       1.01 r
  cflt/tap5/mul_coeff_x_in/U57/Y (BUFX2)                  0.04       1.05 r
  cflt/tap5/mul_coeff_x_in/U5/Y (AND2X1)                  0.04       1.10 r
  cflt/tap5/mul_coeff_x_in/U100/Y (INVX1)                 0.02       1.12 f
  cflt/tap5/mul_coeff_x_in/U233/Y (OAI21X1)               0.03       1.14 r
  cflt/tap5/mul_coeff_x_in/U14/Y (AND2X1)                 0.04       1.18 r
  cflt/tap5/mul_coeff_x_in/U13/Y (INVX1)                  0.02       1.20 f
  cflt/tap5/mul_coeff_x_in/U6/Y (AND2X1)                  0.04       1.24 f
  cflt/tap5/mul_coeff_x_in/U105/Y (INVX1)                 0.04       1.28 r
  cflt/tap5/mul_coeff_x_in/intadd_15/U9/YC (FAX1)         0.08       1.35 r
  cflt/tap5/mul_coeff_x_in/intadd_15/U8/YS (FAX1)         0.09       1.45 f
  cflt/tap5/mul_coeff_x_in/d_out[7] (mul8_sv_0)           0.00       1.45 f
  cflt/tap5/trunc_2/d_in[7] (truncation_sv_0)             0.00       1.45 f
  cflt/tap5/trunc_2/d_out[1] (truncation_sv_0)            0.00       1.45 f
  cflt/tap5/intadd_1/U8/YC (FAX1)                         0.09       1.53 f
  cflt/tap5/intadd_1/U7/YC (FAX1)                         0.08       1.62 f
  cflt/tap5/intadd_1/U6/YC (FAX1)                         0.08       1.70 f
  cflt/tap5/intadd_1/U5/YC (FAX1)                         0.08       1.78 f
  cflt/tap5/intadd_1/U4/YS (FAX1)                         0.23       2.01 r
  cflt/tap5/y_out[5] (unit_calc_sv_0)                     0.00       2.01 r
  cflt/y_out[5] (core_filt_sv)                            0.00       2.01 r
  U43/Y (OR2X1)                                           0.07       2.08 r
  U13/Y (AND2X1)                                          0.05       2.12 r
  U48/Y (INVX1)                                           0.02       2.15 f
  U87/Y (OAI21X1)                                         0.04       2.19 r
  U60/Y (INVX1)                                           0.03       2.21 f
  U20/Y (AND2X1)                                          0.03       2.24 f
  U19/Y (INVX1)                                           0.00       2.25 r
  U15/Y (AND2X1)                                          0.04       2.29 r
  U16/Y (INVX1)                                           0.15       2.44 f
  cflt/ue_in[5] (core_filt_sv)                            0.00       2.44 f
  cflt/tap1/ue_in[5] (unit_calc_sv_4)                     0.00       2.44 f
  cflt/tap1/mul_xnin_ue/d2_in[5] (mul8_sv_9)              0.00       2.44 f
  cflt/tap1/mul_xnin_ue/U121/Y (INVX1)                    0.10       2.54 r
  cflt/tap1/mul_xnin_ue/U201/Y (AOI22X1)                  0.03       2.57 f
  cflt/tap1/mul_xnin_ue/U12/Y (BUFX2)                     0.04       2.61 f
  cflt/tap1/mul_xnin_ue/U203/Y (AOI22X1)                  0.04       2.64 r
  cflt/tap1/mul_xnin_ue/U57/Y (BUFX2)                     0.04       2.68 r
  cflt/tap1/mul_xnin_ue/U3/Y (OR2X1)                      0.05       2.73 r
  cflt/tap1/mul_xnin_ue/U109/Y (INVX1)                    0.03       2.76 f
  cflt/tap1/mul_xnin_ue/U209/Y (AOI21X1)                  0.02       2.78 r
  cflt/tap1/mul_xnin_ue/U38/Y (BUFX2)                     0.04       2.83 r
  cflt/tap1/mul_xnin_ue/intadd_2/U11/YS (FAX1)            0.08       2.90 f
  cflt/tap1/mul_xnin_ue/U210/Y (INVX1)                    0.03       2.94 r
  cflt/tap1/mul_xnin_ue/U231/YC (FAX1)                    0.05       2.99 r
  cflt/tap1/mul_xnin_ue/U230/Y (INVX1)                    0.04       3.03 f
  cflt/tap1/mul_xnin_ue/intadd_2/U10/YC (FAX1)            0.09       3.12 f
  cflt/tap1/mul_xnin_ue/intadd_2/U9/YC (FAX1)             0.08       3.20 f
  cflt/tap1/mul_xnin_ue/intadd_2/U8/YC (FAX1)             0.08       3.28 f
  cflt/tap1/mul_xnin_ue/intadd_2/U7/YC (FAX1)             0.08       3.36 f
  cflt/tap1/mul_xnin_ue/intadd_2/U6/YC (FAX1)             0.08       3.44 f
  cflt/tap1/mul_xnin_ue/intadd_2/U5/YS (FAX1)             0.07       3.51 r
  cflt/tap1/mul_xnin_ue/d_out[11] (mul8_sv_9)             0.00       3.51 r
  cflt/tap1/u1/d_in[11] (u_scaling_sv_4)                  0.00       3.51 r
  cflt/tap1/u1/d_out_reg_reg[7]/D (DFFPOSX1)              0.00       3.51 r
  data arrival time                                                  3.51

  clock clk (rise edge)                                  20.00      20.00
  clock network delay (ideal)                             0.00      20.00
  clock uncertainty                                      -0.20      19.80
  cflt/tap1/u1/d_out_reg_reg[7]/CLK (DFFPOSX1)            0.00      19.80 r
  library setup time                                     -1.35      18.45
  data required time                                                18.45
  --------------------------------------------------------------------------
  data required time                                                18.45
  data arrival time                                                 -3.51
  --------------------------------------------------------------------------
  slack (MET)                                                       14.94


  Startpoint: cflt/tap5/delay_2/shift_reg_reg[13]
              (rising edge-triggered flip-flop clocked by clk)
  Endpoint: cflt/tap1/u1/d_out_reg_reg[6]
            (rising edge-triggered flip-flop clocked by clk)
  Path Group: clk
  Path Type: max

  Point                                                   Incr       Path
  --------------------------------------------------------------------------
  clock clk (rise edge)                                   0.00       0.00
  clock network delay (ideal)                             0.00       0.00
  cflt/tap5/delay_2/shift_reg_reg[13]/CLK (DFFPOSX1)      0.00       0.00 r
  cflt/tap5/delay_2/shift_reg_reg[13]/Q (DFFPOSX1)        0.11       0.11 f
  cflt/tap5/delay_2/xout[13] (shift_1d_16_sv_0)           0.00       0.11 f
  cflt/tap5/sat_1/d_in[13] (saturation_sv_0)              0.00       0.11 f
  cflt/tap5/sat_1/U7/Y (NOR3X1)                           0.05       0.16 r
  cflt/tap5/sat_1/U4/Y (AND2X1)                           0.04       0.19 r
  cflt/tap5/sat_1/U3/Y (INVX1)                            0.05       0.24 f
  cflt/tap5/sat_1/U9/Y (OAI21X1)                          0.11       0.35 r
  cflt/tap5/sat_1/U11/Y (AND2X1)                          0.17       0.52 r
  cflt/tap5/sat_1/d_out[7] (saturation_sv_0)              0.00       0.52 r
  cflt/tap5/trunc_1/d_in[7] (truncation_sv_1)             0.00       0.52 r
  cflt/tap5/trunc_1/d_out[1] (truncation_sv_1)            0.00       0.52 r
  cflt/tap5/mul_coeff_x_in/d1_in[1] (mul8_sv_0)           0.00       0.52 r
  cflt/tap5/mul_coeff_x_in/U152/Y (INVX1)                 0.10       0.62 f
  cflt/tap5/mul_coeff_x_in/U153/Y (MUX2X1)                0.12       0.74 r
  cflt/tap5/mul_coeff_x_in/U156/Y (INVX1)                 0.09       0.82 f
  cflt/tap5/mul_coeff_x_in/U223/Y (AOI22X1)               0.04       0.86 r
  cflt/tap5/mul_coeff_x_in/U35/Y (BUFX2)                  0.04       0.90 r
  cflt/tap5/mul_coeff_x_in/U224/Y (MUX2X1)                0.04       0.94 f
  cflt/tap5/mul_coeff_x_in/U230/Y (OR2X1)                 0.05       0.99 f
  cflt/tap5/mul_coeff_x_in/U231/Y (AOI22X1)               0.03       1.01 r
  cflt/tap5/mul_coeff_x_in/U57/Y (BUFX2)                  0.04       1.05 r
  cflt/tap5/mul_coeff_x_in/U5/Y (AND2X1)                  0.04       1.10 r
  cflt/tap5/mul_coeff_x_in/U100/Y (INVX1)                 0.02       1.12 f
  cflt/tap5/mul_coeff_x_in/U233/Y (OAI21X1)               0.03       1.14 r
  cflt/tap5/mul_coeff_x_in/U14/Y (AND2X1)                 0.04       1.18 r
  cflt/tap5/mul_coeff_x_in/U13/Y (INVX1)                  0.02       1.20 f
  cflt/tap5/mul_coeff_x_in/U6/Y (AND2X1)                  0.04       1.24 f
  cflt/tap5/mul_coeff_x_in/U105/Y (INVX1)                 0.04       1.28 r
  cflt/tap5/mul_coeff_x_in/intadd_15/U9/YC (FAX1)         0.08       1.35 r
  cflt/tap5/mul_coeff_x_in/intadd_15/U8/YS (FAX1)         0.09       1.45 f
  cflt/tap5/mul_coeff_x_in/d_out[7] (mul8_sv_0)           0.00       1.45 f
  cflt/tap5/trunc_2/d_in[7] (truncation_sv_0)             0.00       1.45 f
  cflt/tap5/trunc_2/d_out[1] (truncation_sv_0)            0.00       1.45 f
  cflt/tap5/intadd_1/U8/YC (FAX1)                         0.09       1.53 f
  cflt/tap5/intadd_1/U7/YC (FAX1)                         0.08       1.62 f
  cflt/tap5/intadd_1/U6/YC (FAX1)                         0.08       1.70 f
  cflt/tap5/intadd_1/U5/YC (FAX1)                         0.08       1.78 f
  cflt/tap5/intadd_1/U4/YS (FAX1)                         0.23       2.01 r
  cflt/tap5/y_out[5] (unit_calc_sv_0)                     0.00       2.01 r
  cflt/y_out[5] (core_filt_sv)                            0.00       2.01 r
  U43/Y (OR2X1)                                           0.07       2.08 r
  U13/Y (AND2X1)                                          0.05       2.12 r
  U48/Y (INVX1)                                           0.02       2.15 f
  U87/Y (OAI21X1)                                         0.04       2.19 r
  U60/Y (INVX1)                                           0.03       2.21 f
  U20/Y (AND2X1)                                          0.03       2.24 f
  U19/Y (INVX1)                                           0.00       2.25 r
  U15/Y (AND2X1)                                          0.04       2.29 r
  U16/Y (INVX1)                                           0.15       2.44 f
  cflt/ue_in[5] (core_filt_sv)                            0.00       2.44 f
  cflt/tap1/ue_in[5] (unit_calc_sv_4)                     0.00       2.44 f
  cflt/tap1/mul_xnin_ue/d2_in[5] (mul8_sv_9)              0.00       2.44 f
  cflt/tap1/mul_xnin_ue/U121/Y (INVX1)                    0.10       2.54 r
  cflt/tap1/mul_xnin_ue/U201/Y (AOI22X1)                  0.03       2.57 f
  cflt/tap1/mul_xnin_ue/U12/Y (BUFX2)                     0.04       2.61 f
  cflt/tap1/mul_xnin_ue/U203/Y (AOI22X1)                  0.04       2.64 r
  cflt/tap1/mul_xnin_ue/U57/Y (BUFX2)                     0.04       2.68 r
  cflt/tap1/mul_xnin_ue/U3/Y (OR2X1)                      0.05       2.73 r
  cflt/tap1/mul_xnin_ue/U109/Y (INVX1)                    0.03       2.76 f
  cflt/tap1/mul_xnin_ue/U209/Y (AOI21X1)                  0.02       2.78 r
  cflt/tap1/mul_xnin_ue/U38/Y (BUFX2)                     0.04       2.83 r
  cflt/tap1/mul_xnin_ue/intadd_2/U11/YS (FAX1)            0.08       2.90 f
  cflt/tap1/mul_xnin_ue/U210/Y (INVX1)                    0.03       2.94 r
  cflt/tap1/mul_xnin_ue/U231/YC (FAX1)                    0.05       2.99 r
  cflt/tap1/mul_xnin_ue/U230/Y (INVX1)                    0.04       3.03 f
  cflt/tap1/mul_xnin_ue/intadd_2/U10/YC (FAX1)            0.09       3.12 f
  cflt/tap1/mul_xnin_ue/intadd_2/U9/YC (FAX1)             0.08       3.20 f
  cflt/tap1/mul_xnin_ue/intadd_2/U8/YC (FAX1)             0.08       3.28 f
  cflt/tap1/mul_xnin_ue/intadd_2/U7/YC (FAX1)             0.08       3.36 f
  cflt/tap1/mul_xnin_ue/intadd_2/U6/YS (FAX1)             0.07       3.43 r
  cflt/tap1/mul_xnin_ue/d_out[10] (mul8_sv_9)             0.00       3.43 r
  cflt/tap1/u1/d_in[10] (u_scaling_sv_4)                  0.00       3.43 r
  cflt/tap1/u1/d_out_reg_reg[6]/D (DFFPOSX1)              0.00       3.43 r
  data arrival time                                                  3.43

  clock clk (rise edge)                                  20.00      20.00
  clock network delay (ideal)                             0.00      20.00
  clock uncertainty                                      -0.20      19.80
  cflt/tap1/u1/d_out_reg_reg[6]/CLK (DFFPOSX1)            0.00      19.80 r
  library setup time                                     -1.35      18.45
  data required time                                                18.45
  --------------------------------------------------------------------------
  data required time                                                18.45
  data arrival time                                                 -3.43
  --------------------------------------------------------------------------
  slack (MET)                                                       15.02


  Startpoint: cflt/tap5/delay_2/shift_reg_reg[13]
              (rising edge-triggered flip-flop clocked by clk)
  Endpoint: cflt/tap1/u1/d_out_reg_reg[5]
            (rising edge-triggered flip-flop clocked by clk)
  Path Group: clk
  Path Type: max

  Point                                                   Incr       Path
  --------------------------------------------------------------------------
  clock clk (rise edge)                                   0.00       0.00
  clock network delay (ideal)                             0.00       0.00
  cflt/tap5/delay_2/shift_reg_reg[13]/CLK (DFFPOSX1)      0.00       0.00 r
  cflt/tap5/delay_2/shift_reg_reg[13]/Q (DFFPOSX1)        0.11       0.11 f
  cflt/tap5/delay_2/xout[13] (shift_1d_16_sv_0)           0.00       0.11 f
  cflt/tap5/sat_1/d_in[13] (saturation_sv_0)              0.00       0.11 f
  cflt/tap5/sat_1/U7/Y (NOR3X1)                           0.05       0.16 r
  cflt/tap5/sat_1/U4/Y (AND2X1)                           0.04       0.19 r
  cflt/tap5/sat_1/U3/Y (INVX1)                            0.05       0.24 f
  cflt/tap5/sat_1/U9/Y (OAI21X1)                          0.11       0.35 r
  cflt/tap5/sat_1/U11/Y (AND2X1)                          0.17       0.52 r
  cflt/tap5/sat_1/d_out[7] (saturation_sv_0)              0.00       0.52 r
  cflt/tap5/trunc_1/d_in[7] (truncation_sv_1)             0.00       0.52 r
  cflt/tap5/trunc_1/d_out[1] (truncation_sv_1)            0.00       0.52 r
  cflt/tap5/mul_coeff_x_in/d1_in[1] (mul8_sv_0)           0.00       0.52 r
  cflt/tap5/mul_coeff_x_in/U152/Y (INVX1)                 0.10       0.62 f
  cflt/tap5/mul_coeff_x_in/U153/Y (MUX2X1)                0.12       0.74 r
  cflt/tap5/mul_coeff_x_in/U156/Y (INVX1)                 0.09       0.82 f
  cflt/tap5/mul_coeff_x_in/U223/Y (AOI22X1)               0.04       0.86 r
  cflt/tap5/mul_coeff_x_in/U35/Y (BUFX2)                  0.04       0.90 r
  cflt/tap5/mul_coeff_x_in/U224/Y (MUX2X1)                0.04       0.94 f
  cflt/tap5/mul_coeff_x_in/U230/Y (OR2X1)                 0.05       0.99 f
  cflt/tap5/mul_coeff_x_in/U231/Y (AOI22X1)               0.03       1.01 r
  cflt/tap5/mul_coeff_x_in/U57/Y (BUFX2)                  0.04       1.05 r
  cflt/tap5/mul_coeff_x_in/U5/Y (AND2X1)                  0.04       1.10 r
  cflt/tap5/mul_coeff_x_in/U100/Y (INVX1)                 0.02       1.12 f
  cflt/tap5/mul_coeff_x_in/U233/Y (OAI21X1)               0.03       1.14 r
  cflt/tap5/mul_coeff_x_in/U14/Y (AND2X1)                 0.04       1.18 r
  cflt/tap5/mul_coeff_x_in/U13/Y (INVX1)                  0.02       1.20 f
  cflt/tap5/mul_coeff_x_in/U6/Y (AND2X1)                  0.04       1.24 f
  cflt/tap5/mul_coeff_x_in/U105/Y (INVX1)                 0.04       1.28 r
  cflt/tap5/mul_coeff_x_in/intadd_15/U9/YC (FAX1)         0.08       1.35 r
  cflt/tap5/mul_coeff_x_in/intadd_15/U8/YS (FAX1)         0.09       1.45 f
  cflt/tap5/mul_coeff_x_in/d_out[7] (mul8_sv_0)           0.00       1.45 f
  cflt/tap5/trunc_2/d_in[7] (truncation_sv_0)             0.00       1.45 f
  cflt/tap5/trunc_2/d_out[1] (truncation_sv_0)            0.00       1.45 f
  cflt/tap5/intadd_1/U8/YC (FAX1)                         0.09       1.53 f
  cflt/tap5/intadd_1/U7/YC (FAX1)                         0.08       1.62 f
  cflt/tap5/intadd_1/U6/YC (FAX1)                         0.08       1.70 f
  cflt/tap5/intadd_1/U5/YC (FAX1)                         0.08       1.78 f
  cflt/tap5/intadd_1/U4/YS (FAX1)                         0.23       2.01 r
  cflt/tap5/y_out[5] (unit_calc_sv_0)                     0.00       2.01 r
  cflt/y_out[5] (core_filt_sv)                            0.00       2.01 r
  U43/Y (OR2X1)                                           0.07       2.08 r
  U13/Y (AND2X1)                                          0.05       2.12 r
  U48/Y (INVX1)                                           0.02       2.15 f
  U87/Y (OAI21X1)                                         0.04       2.19 r
  U60/Y (INVX1)                                           0.03       2.21 f
  U20/Y (AND2X1)                                          0.03       2.24 f
  U19/Y (INVX1)                                           0.00       2.25 r
  U15/Y (AND2X1)                                          0.04       2.29 r
  U16/Y (INVX1)                                           0.15       2.44 f
  cflt/ue_in[5] (core_filt_sv)                            0.00       2.44 f
  cflt/tap1/ue_in[5] (unit_calc_sv_4)                     0.00       2.44 f
  cflt/tap1/mul_xnin_ue/d2_in[5] (mul8_sv_9)              0.00       2.44 f
  cflt/tap1/mul_xnin_ue/U121/Y (INVX1)                    0.10       2.54 r
  cflt/tap1/mul_xnin_ue/U201/Y (AOI22X1)                  0.03       2.57 f
  cflt/tap1/mul_xnin_ue/U12/Y (BUFX2)                     0.04       2.61 f
  cflt/tap1/mul_xnin_ue/U203/Y (AOI22X1)                  0.04       2.64 r
  cflt/tap1/mul_xnin_ue/U57/Y (BUFX2)                     0.04       2.68 r
  cflt/tap1/mul_xnin_ue/U3/Y (OR2X1)                      0.05       2.73 r
  cflt/tap1/mul_xnin_ue/U109/Y (INVX1)                    0.03       2.76 f
  cflt/tap1/mul_xnin_ue/U209/Y (AOI21X1)                  0.02       2.78 r
  cflt/tap1/mul_xnin_ue/U38/Y (BUFX2)                     0.04       2.83 r
  cflt/tap1/mul_xnin_ue/intadd_2/U11/YS (FAX1)            0.08       2.90 f
  cflt/tap1/mul_xnin_ue/U210/Y (INVX1)                    0.03       2.94 r
  cflt/tap1/mul_xnin_ue/U231/YC (FAX1)                    0.05       2.99 r
  cflt/tap1/mul_xnin_ue/U230/Y (INVX1)                    0.04       3.03 f
  cflt/tap1/mul_xnin_ue/intadd_2/U10/YC (FAX1)            0.09       3.12 f
  cflt/tap1/mul_xnin_ue/intadd_2/U9/YC (FAX1)             0.08       3.20 f
  cflt/tap1/mul_xnin_ue/intadd_2/U8/YC (FAX1)             0.08       3.28 f
  cflt/tap1/mul_xnin_ue/intadd_2/U7/YS (FAX1)             0.07       3.35 r
  cflt/tap1/mul_xnin_ue/d_out[9] (mul8_sv_9)              0.00       3.35 r
  cflt/tap1/u1/d_in[9] (u_scaling_sv_4)                   0.00       3.35 r
  cflt/tap1/u1/d_out_reg_reg[5]/D (DFFPOSX1)              0.00       3.35 r
  data arrival time                                                  3.35

  clock clk (rise edge)                                  20.00      20.00
  clock network delay (ideal)                             0.00      20.00
  clock uncertainty                                      -0.20      19.80
  cflt/tap1/u1/d_out_reg_reg[5]/CLK (DFFPOSX1)            0.00      19.80 r
  library setup time                                     -1.35      18.45
  data required time                                                18.45
  --------------------------------------------------------------------------
  data required time                                                18.45
  data arrival time                                                 -3.35
  --------------------------------------------------------------------------
  slack (MET)                                                       15.10


  Startpoint: cflt/tap5/delay_2/shift_reg_reg[13]
              (rising edge-triggered flip-flop clocked by clk)
  Endpoint: cflt/tap1/u1/d_out_reg_reg[4]
            (rising edge-triggered flip-flop clocked by clk)
  Path Group: clk
  Path Type: max

  Point                                                   Incr       Path
  --------------------------------------------------------------------------
  clock clk (rise edge)                                   0.00       0.00
  clock network delay (ideal)                             0.00       0.00
  cflt/tap5/delay_2/shift_reg_reg[13]/CLK (DFFPOSX1)      0.00       0.00 r
  cflt/tap5/delay_2/shift_reg_reg[13]/Q (DFFPOSX1)        0.11       0.11 f
  cflt/tap5/delay_2/xout[13] (shift_1d_16_sv_0)           0.00       0.11 f
  cflt/tap5/sat_1/d_in[13] (saturation_sv_0)              0.00       0.11 f
  cflt/tap5/sat_1/U7/Y (NOR3X1)                           0.05       0.16 r
  cflt/tap5/sat_1/U4/Y (AND2X1)                           0.04       0.19 r
  cflt/tap5/sat_1/U3/Y (INVX1)                            0.05       0.24 f
  cflt/tap5/sat_1/U9/Y (OAI21X1)                          0.11       0.35 r
  cflt/tap5/sat_1/U11/Y (AND2X1)                          0.17       0.52 r
  cflt/tap5/sat_1/d_out[7] (saturation_sv_0)              0.00       0.52 r
  cflt/tap5/trunc_1/d_in[7] (truncation_sv_1)             0.00       0.52 r
  cflt/tap5/trunc_1/d_out[1] (truncation_sv_1)            0.00       0.52 r
  cflt/tap5/mul_coeff_x_in/d1_in[1] (mul8_sv_0)           0.00       0.52 r
  cflt/tap5/mul_coeff_x_in/U152/Y (INVX1)                 0.10       0.62 f
  cflt/tap5/mul_coeff_x_in/U153/Y (MUX2X1)                0.12       0.74 r
  cflt/tap5/mul_coeff_x_in/U156/Y (INVX1)                 0.09       0.82 f
  cflt/tap5/mul_coeff_x_in/U223/Y (AOI22X1)               0.04       0.86 r
  cflt/tap5/mul_coeff_x_in/U35/Y (BUFX2)                  0.04       0.90 r
  cflt/tap5/mul_coeff_x_in/U224/Y (MUX2X1)                0.04       0.94 f
  cflt/tap5/mul_coeff_x_in/U230/Y (OR2X1)                 0.05       0.99 f
  cflt/tap5/mul_coeff_x_in/U231/Y (AOI22X1)               0.03       1.01 r
  cflt/tap5/mul_coeff_x_in/U57/Y (BUFX2)                  0.04       1.05 r
  cflt/tap5/mul_coeff_x_in/U5/Y (AND2X1)                  0.04       1.10 r
  cflt/tap5/mul_coeff_x_in/U100/Y (INVX1)                 0.02       1.12 f
  cflt/tap5/mul_coeff_x_in/U233/Y (OAI21X1)               0.03       1.14 r
  cflt/tap5/mul_coeff_x_in/U14/Y (AND2X1)                 0.04       1.18 r
  cflt/tap5/mul_coeff_x_in/U13/Y (INVX1)                  0.02       1.20 f
  cflt/tap5/mul_coeff_x_in/U6/Y (AND2X1)                  0.04       1.24 f
  cflt/tap5/mul_coeff_x_in/U105/Y (INVX1)                 0.04       1.28 r
  cflt/tap5/mul_coeff_x_in/intadd_15/U9/YC (FAX1)         0.08       1.35 r
  cflt/tap5/mul_coeff_x_in/intadd_15/U8/YS (FAX1)         0.09       1.45 f
  cflt/tap5/mul_coeff_x_in/d_out[7] (mul8_sv_0)           0.00       1.45 f
  cflt/tap5/trunc_2/d_in[7] (truncation_sv_0)             0.00       1.45 f
  cflt/tap5/trunc_2/d_out[1] (truncation_sv_0)            0.00       1.45 f
  cflt/tap5/intadd_1/U8/YC (FAX1)                         0.09       1.53 f
  cflt/tap5/intadd_1/U7/YC (FAX1)                         0.08       1.62 f
  cflt/tap5/intadd_1/U6/YC (FAX1)                         0.08       1.70 f
  cflt/tap5/intadd_1/U5/YC (FAX1)                         0.08       1.78 f
  cflt/tap5/intadd_1/U4/YS (FAX1)                         0.23       2.01 r
  cflt/tap5/y_out[5] (unit_calc_sv_0)                     0.00       2.01 r
  cflt/y_out[5] (core_filt_sv)                            0.00       2.01 r
  U43/Y (OR2X1)                                           0.07       2.08 r
  U13/Y (AND2X1)                                          0.05       2.12 r
  U48/Y (INVX1)                                           0.02       2.15 f
  U87/Y (OAI21X1)                                         0.04       2.19 r
  U60/Y (INVX1)                                           0.03       2.21 f
  U20/Y (AND2X1)                                          0.03       2.24 f
  U19/Y (INVX1)                                           0.00       2.25 r
  U15/Y (AND2X1)                                          0.04       2.29 r
  U16/Y (INVX1)                                           0.15       2.44 f
  cflt/ue_in[5] (core_filt_sv)                            0.00       2.44 f
  cflt/tap1/ue_in[5] (unit_calc_sv_4)                     0.00       2.44 f
  cflt/tap1/mul_xnin_ue/d2_in[5] (mul8_sv_9)              0.00       2.44 f
  cflt/tap1/mul_xnin_ue/U121/Y (INVX1)                    0.10       2.54 r
  cflt/tap1/mul_xnin_ue/U201/Y (AOI22X1)                  0.03       2.57 f
  cflt/tap1/mul_xnin_ue/U12/Y (BUFX2)                     0.04       2.61 f
  cflt/tap1/mul_xnin_ue/U203/Y (AOI22X1)                  0.04       2.64 r
  cflt/tap1/mul_xnin_ue/U57/Y (BUFX2)                     0.04       2.68 r
  cflt/tap1/mul_xnin_ue/U3/Y (OR2X1)                      0.05       2.73 r
  cflt/tap1/mul_xnin_ue/U109/Y (INVX1)                    0.03       2.76 f
  cflt/tap1/mul_xnin_ue/U209/Y (AOI21X1)                  0.02       2.78 r
  cflt/tap1/mul_xnin_ue/U38/Y (BUFX2)                     0.04       2.83 r
  cflt/tap1/mul_xnin_ue/intadd_2/U11/YS (FAX1)            0.08       2.90 f
  cflt/tap1/mul_xnin_ue/U210/Y (INVX1)                    0.03       2.94 r
  cflt/tap1/mul_xnin_ue/U231/YC (FAX1)                    0.05       2.99 r
  cflt/tap1/mul_xnin_ue/U230/Y (INVX1)                    0.04       3.03 f
  cflt/tap1/mul_xnin_ue/intadd_2/U10/YC (FAX1)            0.09       3.12 f
  cflt/tap1/mul_xnin_ue/intadd_2/U9/YC (FAX1)             0.08       3.20 f
  cflt/tap1/mul_xnin_ue/intadd_2/U8/YS (FAX1)             0.07       3.27 r
  cflt/tap1/mul_xnin_ue/d_out[8] (mul8_sv_9)              0.00       3.27 r
  cflt/tap1/u1/d_in[8] (u_scaling_sv_4)                   0.00       3.27 r
  cflt/tap1/u1/d_out_reg_reg[4]/D (DFFPOSX1)              0.00       3.27 r
  data arrival time                                                  3.27

  clock clk (rise edge)                                  20.00      20.00
  clock network delay (ideal)                             0.00      20.00
  clock uncertainty                                      -0.20      19.80
  cflt/tap1/u1/d_out_reg_reg[4]/CLK (DFFPOSX1)            0.00      19.80 r
  library setup time                                     -1.35      18.45
  data required time                                                18.45
  --------------------------------------------------------------------------
  data required time                                                18.45
  data arrival time                                                 -3.27
  --------------------------------------------------------------------------
  slack (MET)                                                       15.18


  Startpoint: cflt/tap5/delay_2/shift_reg_reg[13]
              (rising edge-triggered flip-flop clocked by clk)
  Endpoint: cflt/tap1/u1/d_out_reg_reg[3]
            (rising edge-triggered flip-flop clocked by clk)
  Path Group: clk
  Path Type: max

  Point                                                   Incr       Path
  --------------------------------------------------------------------------
  clock clk (rise edge)                                   0.00       0.00
  clock network delay (ideal)                             0.00       0.00
  cflt/tap5/delay_2/shift_reg_reg[13]/CLK (DFFPOSX1)      0.00       0.00 r
  cflt/tap5/delay_2/shift_reg_reg[13]/Q (DFFPOSX1)        0.11       0.11 f
  cflt/tap5/delay_2/xout[13] (shift_1d_16_sv_0)           0.00       0.11 f
  cflt/tap5/sat_1/d_in[13] (saturation_sv_0)              0.00       0.11 f
  cflt/tap5/sat_1/U7/Y (NOR3X1)                           0.05       0.16 r
  cflt/tap5/sat_1/U4/Y (AND2X1)                           0.04       0.19 r
  cflt/tap5/sat_1/U3/Y (INVX1)                            0.05       0.24 f
  cflt/tap5/sat_1/U9/Y (OAI21X1)                          0.11       0.35 r
  cflt/tap5/sat_1/U11/Y (AND2X1)                          0.17       0.52 r
  cflt/tap5/sat_1/d_out[7] (saturation_sv_0)              0.00       0.52 r
  cflt/tap5/trunc_1/d_in[7] (truncation_sv_1)             0.00       0.52 r
  cflt/tap5/trunc_1/d_out[1] (truncation_sv_1)            0.00       0.52 r
  cflt/tap5/mul_coeff_x_in/d1_in[1] (mul8_sv_0)           0.00       0.52 r
  cflt/tap5/mul_coeff_x_in/U152/Y (INVX1)                 0.10       0.62 f
  cflt/tap5/mul_coeff_x_in/U153/Y (MUX2X1)                0.12       0.74 r
  cflt/tap5/mul_coeff_x_in/U156/Y (INVX1)                 0.09       0.82 f
  cflt/tap5/mul_coeff_x_in/U223/Y (AOI22X1)               0.04       0.86 r
  cflt/tap5/mul_coeff_x_in/U35/Y (BUFX2)                  0.04       0.90 r
  cflt/tap5/mul_coeff_x_in/U224/Y (MUX2X1)                0.04       0.94 f
  cflt/tap5/mul_coeff_x_in/U230/Y (OR2X1)                 0.05       0.99 f
  cflt/tap5/mul_coeff_x_in/U231/Y (AOI22X1)               0.03       1.01 r
  cflt/tap5/mul_coeff_x_in/U57/Y (BUFX2)                  0.04       1.05 r
  cflt/tap5/mul_coeff_x_in/U5/Y (AND2X1)                  0.04       1.10 r
  cflt/tap5/mul_coeff_x_in/U100/Y (INVX1)                 0.02       1.12 f
  cflt/tap5/mul_coeff_x_in/U233/Y (OAI21X1)               0.03       1.14 r
  cflt/tap5/mul_coeff_x_in/U14/Y (AND2X1)                 0.04       1.18 r
  cflt/tap5/mul_coeff_x_in/U13/Y (INVX1)                  0.02       1.20 f
  cflt/tap5/mul_coeff_x_in/U6/Y (AND2X1)                  0.04       1.24 f
  cflt/tap5/mul_coeff_x_in/U105/Y (INVX1)                 0.04       1.28 r
  cflt/tap5/mul_coeff_x_in/intadd_15/U9/YC (FAX1)         0.08       1.35 r
  cflt/tap5/mul_coeff_x_in/intadd_15/U8/YS (FAX1)         0.09       1.45 f
  cflt/tap5/mul_coeff_x_in/d_out[7] (mul8_sv_0)           0.00       1.45 f
  cflt/tap5/trunc_2/d_in[7] (truncation_sv_0)             0.00       1.45 f
  cflt/tap5/trunc_2/d_out[1] (truncation_sv_0)            0.00       1.45 f
  cflt/tap5/intadd_1/U8/YC (FAX1)                         0.09       1.53 f
  cflt/tap5/intadd_1/U7/YC (FAX1)                         0.08       1.62 f
  cflt/tap5/intadd_1/U6/YC (FAX1)                         0.08       1.70 f
  cflt/tap5/intadd_1/U5/YC (FAX1)                         0.08       1.78 f
  cflt/tap5/intadd_1/U4/YS (FAX1)                         0.23       2.01 r
  cflt/tap5/y_out[5] (unit_calc_sv_0)                     0.00       2.01 r
  cflt/y_out[5] (core_filt_sv)                            0.00       2.01 r
  U43/Y (OR2X1)                                           0.07       2.08 r
  U13/Y (AND2X1)                                          0.05       2.12 r
  U48/Y (INVX1)                                           0.02       2.15 f
  U87/Y (OAI21X1)                                         0.04       2.19 r
  U60/Y (INVX1)                                           0.03       2.21 f
  U20/Y (AND2X1)                                          0.03       2.24 f
  U19/Y (INVX1)                                           0.00       2.25 r
  U15/Y (AND2X1)                                          0.04       2.29 r
  U16/Y (INVX1)                                           0.15       2.44 f
  cflt/ue_in[5] (core_filt_sv)                            0.00       2.44 f
  cflt/tap1/ue_in[5] (unit_calc_sv_4)                     0.00       2.44 f
  cflt/tap1/mul_xnin_ue/d2_in[5] (mul8_sv_9)              0.00       2.44 f
  cflt/tap1/mul_xnin_ue/U121/Y (INVX1)                    0.10       2.54 r
  cflt/tap1/mul_xnin_ue/U201/Y (AOI22X1)                  0.03       2.57 f
  cflt/tap1/mul_xnin_ue/U12/Y (BUFX2)                     0.04       2.61 f
  cflt/tap1/mul_xnin_ue/U203/Y (AOI22X1)                  0.04       2.64 r
  cflt/tap1/mul_xnin_ue/U57/Y (BUFX2)                     0.04       2.68 r
  cflt/tap1/mul_xnin_ue/U3/Y (OR2X1)                      0.05       2.73 r
  cflt/tap1/mul_xnin_ue/U109/Y (INVX1)                    0.03       2.76 f
  cflt/tap1/mul_xnin_ue/U209/Y (AOI21X1)                  0.02       2.78 r
  cflt/tap1/mul_xnin_ue/U38/Y (BUFX2)                     0.04       2.83 r
  cflt/tap1/mul_xnin_ue/intadd_2/U11/YS (FAX1)            0.07       2.90 r
  cflt/tap1/mul_xnin_ue/U210/Y (INVX1)                    0.03       2.93 f
  cflt/tap1/mul_xnin_ue/U231/YC (FAX1)                    0.08       3.01 f
  cflt/tap1/mul_xnin_ue/U230/Y (INVX1)                    0.04       3.05 r
  cflt/tap1/mul_xnin_ue/intadd_2/U10/YC (FAX1)            0.08       3.12 r
  cflt/tap1/mul_xnin_ue/intadd_2/U9/YS (FAX1)             0.07       3.19 r
  cflt/tap1/mul_xnin_ue/d_out[7] (mul8_sv_9)              0.00       3.19 r
  cflt/tap1/u1/d_in[7] (u_scaling_sv_4)                   0.00       3.19 r
  cflt/tap1/u1/d_out_reg_reg[3]/D (DFFPOSX1)              0.00       3.19 r
  data arrival time                                                  3.19

  clock clk (rise edge)                                  20.00      20.00
  clock network delay (ideal)                             0.00      20.00
  clock uncertainty                                      -0.20      19.80
  cflt/tap1/u1/d_out_reg_reg[3]/CLK (DFFPOSX1)            0.00      19.80 r
  library setup time                                     -1.35      18.45
  data required time                                                18.45
  --------------------------------------------------------------------------
  data required time                                                18.45
  data arrival time                                                 -3.19
  --------------------------------------------------------------------------
  slack (MET)                                                       15.26


  Startpoint: cflt/tap5/delay_2/shift_reg_reg[13]
              (rising edge-triggered flip-flop clocked by clk)
  Endpoint: err[7] (output port clocked by clk)
  Path Group: clk
  Path Type: max

  Point                                                   Incr       Path
  --------------------------------------------------------------------------
  clock clk (rise edge)                                   0.00       0.00
  clock network delay (ideal)                             0.00       0.00
  cflt/tap5/delay_2/shift_reg_reg[13]/CLK (DFFPOSX1)      0.00       0.00 r
  cflt/tap5/delay_2/shift_reg_reg[13]/Q (DFFPOSX1)        0.11       0.11 f
  cflt/tap5/delay_2/xout[13] (shift_1d_16_sv_0)           0.00       0.11 f
  cflt/tap5/sat_1/d_in[13] (saturation_sv_0)              0.00       0.11 f
  cflt/tap5/sat_1/U7/Y (NOR3X1)                           0.05       0.16 r
  cflt/tap5/sat_1/U4/Y (AND2X1)                           0.04       0.19 r
  cflt/tap5/sat_1/U3/Y (INVX1)                            0.05       0.24 f
  cflt/tap5/sat_1/U9/Y (OAI21X1)                          0.11       0.35 r
  cflt/tap5/sat_1/U11/Y (AND2X1)                          0.17       0.52 r
  cflt/tap5/sat_1/d_out[7] (saturation_sv_0)              0.00       0.52 r
  cflt/tap5/trunc_1/d_in[7] (truncation_sv_1)             0.00       0.52 r
  cflt/tap5/trunc_1/d_out[1] (truncation_sv_1)            0.00       0.52 r
  cflt/tap5/mul_coeff_x_in/d1_in[1] (mul8_sv_0)           0.00       0.52 r
  cflt/tap5/mul_coeff_x_in/U152/Y (INVX1)                 0.10       0.62 f
  cflt/tap5/mul_coeff_x_in/U153/Y (MUX2X1)                0.12       0.74 r
  cflt/tap5/mul_coeff_x_in/U156/Y (INVX1)                 0.09       0.82 f
  cflt/tap5/mul_coeff_x_in/U223/Y (AOI22X1)               0.04       0.86 r
  cflt/tap5/mul_coeff_x_in/U35/Y (BUFX2)                  0.04       0.90 r
  cflt/tap5/mul_coeff_x_in/U224/Y (MUX2X1)                0.05       0.95 r
  cflt/tap5/mul_coeff_x_in/U230/Y (OR2X1)                 0.05       1.00 r
  cflt/tap5/mul_coeff_x_in/U231/Y (AOI22X1)               0.02       1.02 f
  cflt/tap5/mul_coeff_x_in/U57/Y (BUFX2)                  0.04       1.06 f
  cflt/tap5/mul_coeff_x_in/U232/Y (OAI21X1)               0.04       1.10 r
  cflt/tap5/mul_coeff_x_in/U233/Y (OAI21X1)               0.03       1.13 f
  cflt/tap5/mul_coeff_x_in/U14/Y (AND2X1)                 0.04       1.17 f
  cflt/tap5/mul_coeff_x_in/U13/Y (INVX1)                  0.00       1.18 r
  cflt/tap5/mul_coeff_x_in/U6/Y (AND2X1)                  0.04       1.22 r
  cflt/tap5/mul_coeff_x_in/U105/Y (INVX1)                 0.04       1.26 f
  cflt/tap5/mul_coeff_x_in/intadd_15/U9/YC (FAX1)         0.09       1.35 f
  cflt/tap5/mul_coeff_x_in/intadd_15/U8/YC (FAX1)         0.08       1.43 f
  cflt/tap5/mul_coeff_x_in/intadd_15/U7/YC (FAX1)         0.08       1.51 f
  cflt/tap5/mul_coeff_x_in/intadd_15/U6/YC (FAX1)         0.08       1.59 f
  cflt/tap5/mul_coeff_x_in/intadd_15/U5/YC (FAX1)         0.08       1.67 f
  cflt/tap5/mul_coeff_x_in/intadd_15/U4/YC (FAX1)         0.08       1.75 f
  cflt/tap5/mul_coeff_x_in/intadd_15/U3/YC (FAX1)         0.08       1.83 f
  cflt/tap5/mul_coeff_x_in/U137/Y (XOR2X1)                0.05       1.88 r
  cflt/tap5/mul_coeff_x_in/d_out[13] (mul8_sv_0)          0.00       1.88 r
  cflt/tap5/trunc_2/d_in[13] (truncation_sv_0)            0.00       1.88 r
  cflt/tap5/trunc_2/d_out[7] (truncation_sv_0)            0.00       1.88 r
  cflt/tap5/U10/Y (XOR2X1)                                0.06       1.94 r
  cflt/tap5/U11/Y (XOR2X1)                                0.22       2.17 r
  cflt/tap5/y_out[7] (unit_calc_sv_0)                     0.00       2.17 r
  cflt/y_out[7] (core_filt_sv)                            0.00       2.17 r
  U95/Y (INVX1)                                           0.09       2.26 f
  U96/Y (MUX2X1)                                          0.06       2.32 r
  U97/Y (OAI21X1)                                         0.03       2.34 f
  U98/Y (AOI21X1)                                         0.02       2.36 r
  U59/Y (BUFX2)                                           0.13       2.49 r
  err[7] (out)                                            0.00       2.49 r
  data arrival time                                                  2.49

  clock clk (rise edge)                                  20.00      20.00
  clock network delay (ideal)                             0.00      20.00
  clock uncertainty                                      -0.20      19.80
  output external delay                                  -2.00      17.80
  data required time                                                17.80
  --------------------------------------------------------------------------
  data required time                                                17.80
  data arrival time                                                 -2.49
  --------------------------------------------------------------------------
  slack (MET)                                                       15.31


1
