Information: Updating design information... (UID-85)
 
****************************************
Report : qor
Design : tf_lms_sv
Version: L-2016.03-SP1
Date   : Fri Mar 27 00:21:10 2026
****************************************


  Timing Path Group 'clk'
  -----------------------------------
  Levels of Logic:              30.00
  Critical Path Length:          2.35
  Critical Path Slack:          15.45
  Critical Path Clk Period:     20.00
  Total Negative Slack:          0.00
  No. of Violating Paths:        0.00
  Worst Hold Violation:         -0.11
  Total Hold Violation:        -61.10
  No. of Hold Violations:      655.00
  -----------------------------------


  Cell Count
  -----------------------------------
  Hierarchical Cell Count:          0
  Hierarchical Port Count:          0
  Leaf Cell Count:               2401
  Buf/Inv Cell Count:             341
  Buf Cell Count:                   0
  Inv Cell Count:                 341
  CT Buf/Inv Cell Count:            0
  Combinational Cell Count:      1655
  Sequential Cell Count:          746
  Macro Count:                      0
  -----------------------------------


  Area
  -----------------------------------
  Combinational Area:     2770.390026
  Noncombinational Area:  3373.411878
  Buf/Inv Area:            181.412002
  Total Buffer Area:             0.00
  Total Inverter Area:         181.41
  Macro/Black Box Area:      0.000000
  Net Area:                  0.000000
  -----------------------------------
  Cell Area:              6143.801904
  Design Area:            6143.801904


  Design Rules
  -----------------------------------
  Total Number of Nets:          2858
  Nets With Violations:             0
  Max Trans Violations:             0
  Max Cap Violations:               0
  -----------------------------------


  Hostname: localhost.localdomain

  Compile CPU Statistics
  -----------------------------------------
  Resource Sharing:                    0.57
  Logic Optimization:                  0.26
  Mapping Optimization:                1.12
  -----------------------------------------
  Overall Compile Time:                5.66
  Overall Compile Wall Clock Time:     6.19

  --------------------------------------------------------------------

  Design  WNS: 0.00  TNS: 0.00  Number of Violating Paths: 0


  Design (Hold)  WNS: 0.11  TNS: 61.10  Number of Violating Paths: 655

  --------------------------------------------------------------------


1
