OpenROAD 26Q1-342-g7c57b1b222 
Features included (+) or not (-): +GPU +GUI +Python
This program is licensed under the BSD-3 license. See the LICENSE file for details.
Components of this program may be licensed under more restrictive licenses which must be honored.
[INFO ORD-0030] Using 20 thread(s).
read_liberty /home/chuongvo/OpenROAD-flow-scripts/flow/platforms/nangate45/lib/NangateOpenCellLibrary_typical.lib
read_db ./results/nangate45/tf_lms_sv/base/2_floorplan.odb
source /home/chuongvo/OpenROAD-flow-scripts/flow/platforms/nangate45/setRC.tcl
[INFO GPL-0022] Initialize gpl and calculate uniform density.
Placement density is 0.41000000000000003, computed from PLACE_DENSITY_LB_ADDON  0.20 and lower bound 0.25
global_placement -skip_io -density 0.41000000000000003 -pad_left 0 -pad_right 0
[INFO GPL-0005] Execute conjugate gradient initial placement.
[INFO GPL-0002] DBU: 2000
[INFO GPL-0003] SiteSize: (  0.190  1.400 ) um
[INFO GPL-0004] CoreBBox: (  1.140  1.400 ) ( 199.120 198.800 ) um
[INFO GPL-0032] Initializing region: Top-level
[INFO GPL-0006] Number of instances:              5205
[INFO GPL-0007] Movable instances:                4852
[INFO GPL-0008] Fixed instances:                   353
[INFO GPL-0009] Dummy instances:                     0
[INFO GPL-0010] Number of nets:                   6513
[INFO GPL-0011] Number of pins:                  16353
[INFO GPL-0012] Die BBox:  (  0.000  0.000 ) ( 200.155 200.155 ) um
[INFO GPL-0013] Core BBox: (  1.140  1.400 ) ( 199.120 198.800 ) um
[INFO GPL-0016] Core area:                   39081.252 um^2
[INFO GPL-0014] Region name: top-level.
[INFO GPL-0015] Region area:                 39081.252 um^2
[INFO GPL-0017] Fixed instances area:           93.898 um^2
[INFO GPL-0018] Movable instances area:       9691.364 um^2
[INFO GPL-0019] Utilization:                    24.858 %
[INFO GPL-0020] Standard cells area:          9691.364 um^2
[INFO GPL-0021] Large instances area:            0.000 um^2
[INFO GPL-0033] Initializing Nesterov region: Top-level
[INFO GPL-0023] Placement target density:       0.4100
[INFO GPL-0024] Movable insts average area:      1.997 um^2
[INFO GPL-0025] Ideal bin area:                  4.872 um^2
[INFO GPL-0026] Ideal bin count:                  8022
[INFO GPL-0027] Total bin area:              39081.252 um^2
[INFO GPL-0028] Bin count (X, Y):          64 ,     64
[INFO GPL-0029] Bin size (W * H):       3.093 *  3.084 um
[INFO GPL-0030] Number of bins:                   4096
[INFO GPL-0007] Execute nesterov global placement.
[INFO GPL-0031] HPWL: Half-Perimeter Wirelength
Iteration | Overflow |     HPWL (um) |  HPWL(%) |   Penalty | Group
---------------------------------------------------------------
        0 |   0.9978 |  8.004332e+03 |   +0.00% |  2.43e-15 |      
       10 |   0.9956 |  5.103797e+03 |  -36.24% |  3.96e-15 |      
       20 |   0.9936 |  4.979128e+03 |   -2.44% |  6.45e-15 |      
       30 |   0.9923 |  4.925171e+03 |   -1.08% |  1.05e-14 |      
       40 |   0.9915 |  4.867138e+03 |   -1.18% |  1.71e-14 |      
       50 |   0.9905 |  4.807061e+03 |   -1.23% |  2.79e-14 |      
       60 |   0.9892 |  4.753066e+03 |   -1.12% |  4.54e-14 |      
       70 |   0.9885 |  4.714001e+03 |   -0.82% |  7.40e-14 |      
       80 |   0.9882 |  4.687212e+03 |   -0.57% |  1.20e-13 |      
       90 |   0.9876 |  4.672649e+03 |   -0.31% |  1.96e-13 |      
      100 |   0.9848 |  4.676333e+03 |   +0.08% |  3.20e-13 |      
      110 |   0.9823 |  4.710704e+03 |   +0.73% |  5.21e-13 |      
      120 |   0.9792 |  4.813961e+03 |   +2.19% |  8.48e-13 |      
      130 |   0.9764 |  5.078618e+03 |   +5.50% |  1.38e-12 |      
      140 |   0.9654 |  5.633366e+03 |  +10.92% |  2.25e-12 |      
      150 |   0.9514 |  6.512328e+03 |  +15.60% |  3.66e-12 |      
      160 |   0.9311 |  7.645214e+03 |  +17.40% |  5.97e-12 |      
      170 |   0.9070 |  9.042600e+03 |  +18.28% |  9.72e-12 |      
      180 |   0.8795 |  1.055384e+04 |  +16.71% |  1.58e-11 |      
      190 |   0.8478 |  1.202242e+04 |  +13.92% |  2.58e-11 |      
      200 |   0.8181 |  1.336810e+04 |  +11.19% |  4.20e-11 |      
      210 |   0.7816 |  1.470587e+04 |  +10.01% |  6.83e-11 |      
      220 |   0.7418 |  1.630364e+04 |  +10.86% |  1.11e-10 |      
      230 |   0.6982 |  1.812184e+04 |  +11.15% |  1.81e-10 |      
      240 |   0.6599 |  1.974024e+04 |   +8.93% |  2.95e-10 |      
      250 |   0.6271 |  2.134635e+04 |   +8.14% |  4.80e-10 |      
      260 |   0.5923 |  2.296540e+04 |   +7.58% |  7.82e-10 |      
      270 |   0.5522 |  2.431146e+04 |   +5.86% |  1.27e-09 |      
      280 |   0.5114 |  2.544727e+04 |   +4.67% |  2.07e-09 |      
      290 |   0.4736 |  2.641199e+04 |   +3.79% |  3.38e-09 |      
      300 |   0.4324 |  2.717404e+04 |   +2.89% |  5.50e-09 |      
      310 |   0.3949 |  2.776957e+04 |   +2.19% |  8.96e-09 |      
      320 |   0.3559 |  2.829281e+04 |   +1.88% |  1.46e-08 |      
      330 |   0.3221 |  2.852456e+04 |   +0.82% |  2.22e-08 |      
      340 |   0.2910 |  2.889034e+04 |   +1.28% |  3.26e-08 |      
      350 |   0.2548 |  2.927572e+04 |   +1.33% |  4.81e-08 |      
      360 |   0.2238 |  2.959577e+04 |   +1.09% |  7.08e-08 |      
      370 |   0.1937 |  2.997953e+04 |   +1.30% |  1.04e-07 |      
      380 |   0.1690 |  3.033142e+04 |   +1.17% |  1.54e-07 |      
      390 |   0.1471 |  3.054501e+04 |   +0.70% |  2.26e-07 |      
      400 |   0.1255 |  3.075120e+04 |   +0.68% |  3.33e-07 |      
      410 |   0.1093 |  3.091699e+04 |   +0.54% |  4.91e-07 |      
      416 |   0.0990 |  3.102865e+04 |          |  6.44e-07 |      
---------------------------------------------------------------
[INFO GPL-1001] Global placement finished at iteration 416
[INFO GPL-1002] Placed Cell Area             9691.3637
[INFO GPL-1003] Available Free Area         38987.3540
[INFO GPL-1004] Minimum Feasible Density        0.2500 (cell_area / free_area)
[INFO GPL-1006]   Suggested Target Densities:
[INFO GPL-1007]     - For 90% usage of free space: 0.2762
[INFO GPL-1008]     - For 80% usage of free space: 0.3107
[INFO GPL-1009]     - For 50% usage of free space: 0.4972
[INFO GPL-1014] Final placement area: 9691.36 (+0.00%)
Took 6 seconds: global_placement -skip_io -density 0.41000000000000003 -pad_left 0 -pad_right 0
write_db ./results/nangate45/tf_lms_sv/base/3_1_place_gp_skip_io.odb
Elapsed time: 0:05.98[h:]min:sec. CPU time: user 125.03 sys 1.61 (2116%). Peak memory: 117048KB.
Log                        Elapsed/s Peak Memory/MB  sha1sum .odb [0:20)
3_1_place_gp_skip_io               5            114 f1f50aad4e6cc41637f2
