OpenROAD 26Q1-342-g7c57b1b222 
Features included (+) or not (-): +GPU +GUI +Python
This program is licensed under the BSD-3 license. See the LICENSE file for details.
Components of this program may be licensed under more restrictive licenses which must be honored.
[INFO ORD-0030] Using 20 thread(s).
read_liberty /home/chuongvo/OpenROAD-flow-scripts/flow/platforms/nangate45/lib/NangateOpenCellLibrary_typical.lib
read_db ./results/nangate45/tf_lms_sv/base/3_2_place_iop.odb
source /home/chuongvo/OpenROAD-flow-scripts/flow/platforms/nangate45/setRC.tcl
[INFO RSZ-0026] Removed 157 buffers.
Perform port buffering...
[INFO RSZ-0027] Inserted 18 BUF_X1 input buffers.
[INFO RSZ-0028] Inserted 16 BUF_X1 output buffers.
[INFO GPL-0022] Initialize gpl and calculate uniform density.
Placement density is 0.41000000000000003, computed from PLACE_DENSITY_LB_ADDON  0.20 and lower bound 0.25
global_placement -density 0.41000000000000003 -pad_left 0 -pad_right 0 -routability_driven -timing_driven -min_phi_coef 0.95 -max_phi_coef 1.05
[INFO GPL-0005] Execute conjugate gradient initial placement.
[INFO GPL-0002] DBU: 2000
[INFO GPL-0003] SiteSize: (  0.190  1.400 ) um
[INFO GPL-0004] CoreBBox: (  1.140  1.400 ) ( 199.120 198.800 ) um
[INFO GPL-0032] Initializing region: Top-level
[INFO GPL-0006] Number of instances:              5082
[INFO GPL-0007] Movable instances:                4729
[INFO GPL-0008] Fixed instances:                   353
[INFO GPL-0009] Dummy instances:                     0
[INFO GPL-0010] Number of nets:                   6390
[INFO GPL-0011] Number of pins:                  16142
[INFO GPL-0012] Die BBox:  (  0.000  0.000 ) ( 200.155 200.155 ) um
[INFO GPL-0013] Core BBox: (  1.140  1.400 ) ( 199.120 198.800 ) um
[INFO GPL-0016] Core area:                   39081.252 um^2
[INFO GPL-0014] Region name: top-level.
[INFO GPL-0015] Region area:                 39081.252 um^2
[INFO GPL-0017] Fixed instances area:           93.898 um^2
[INFO GPL-0018] Movable instances area:       9594.282 um^2
[INFO GPL-0019] Utilization:                    24.609 %
[INFO GPL-0020] Standard cells area:          9594.282 um^2
[INFO GPL-0021] Large instances area:            0.000 um^2
[InitialPlace]  Iter: 1 conjugate gradient residual: 0.00688149 HPWL: 114125469
[InitialPlace]  Iter: 2 conjugate gradient residual: 0.00647770 HPWL: 62268360
[InitialPlace]  Iter: 3 conjugate gradient residual: 0.00166492 HPWL: 62644538
[InitialPlace]  Iter: 4 conjugate gradient residual: 0.00162444 HPWL: 62393712
[InitialPlace]  Iter: 5 conjugate gradient residual: 0.00101619 HPWL: 62375327
[InitialPlace]  Iter: 6 conjugate gradient residual: 0.00060665 HPWL: 62362974
[InitialPlace]  Iter: 7 conjugate gradient residual: 0.00044517 HPWL: 62366925
[InitialPlace]  Iter: 8 conjugate gradient residual: 0.00046118 HPWL: 62304651
[InitialPlace]  Iter: 9 conjugate gradient residual: 0.00018019 HPWL: 62271763
[InitialPlace]  Iter: 10 conjugate gradient residual: 0.00034988 HPWL: 62153373
[InitialPlace]  Iter: 11 conjugate gradient residual: 0.00011487 HPWL: 62173758
[InitialPlace]  Iter: 12 conjugate gradient residual: 0.00029887 HPWL: 62092982
[InitialPlace]  Iter: 13 conjugate gradient residual: 0.00017290 HPWL: 62119645
[InitialPlace]  Iter: 14 conjugate gradient residual: 0.00025447 HPWL: 62067576
[InitialPlace]  Iter: 15 conjugate gradient residual: 0.00015320 HPWL: 62107578
[InitialPlace]  Iter: 16 conjugate gradient residual: 0.00015846 HPWL: 62059636
[InitialPlace]  Iter: 17 conjugate gradient residual: 0.00014226 HPWL: 62099199
[InitialPlace]  Iter: 18 conjugate gradient residual: 0.00011238 HPWL: 62068370
[InitialPlace]  Iter: 19 conjugate gradient residual: 0.00006396 HPWL: 62090516
[InitialPlace]  Iter: 20 conjugate gradient residual: 0.00008958 HPWL: 62060980
[INFO GPL-0033] Initializing Nesterov region: Top-level
[INFO GPL-0023] Placement target density:       0.4100
[INFO GPL-0024] Movable insts average area:      2.029 um^2
[INFO GPL-0025] Ideal bin area:                  4.948 um^2
[INFO GPL-0026] Ideal bin count:                  7897
[INFO GPL-0027] Total bin area:              39081.252 um^2
[INFO GPL-0028] Bin count (X, Y):          64 ,     64
[INFO GPL-0029] Bin size (W * H):       3.093 *  3.084 um
[INFO GPL-0030] Number of bins:                   4096
[INFO GPL-0007] Execute nesterov global placement.
[INFO GPL-0031] HPWL: Half-Perimeter Wirelength
Iteration | Overflow |     HPWL (um) |  HPWL(%) |   Penalty | Group
---------------------------------------------------------------
        0 |   0.9613 |  9.131715e+03 |   +0.00% |  4.81e-15 |      
       10 |   0.9426 |  8.551809e+03 |   -6.35% |  7.84e-15 |      
       20 |   0.9316 |  9.013898e+03 |   +5.40% |  1.28e-14 |      
       30 |   0.9226 |  9.372002e+03 |   +3.97% |  2.08e-14 |      
       40 |   0.9162 |  9.643078e+03 |   +2.89% |  3.39e-14 |      
       50 |   0.9117 |  9.834855e+03 |   +1.99% |  5.52e-14 |      
       60 |   0.9089 |  9.956612e+03 |   +1.24% |  8.99e-14 |      
       70 |   0.9077 |  1.004231e+04 |   +0.86% |  1.46e-13 |      
       80 |   0.9077 |  1.010257e+04 |   +0.60% |  2.38e-13 |      
       90 |   0.9079 |  1.014118e+04 |   +0.38% |  3.88e-13 |      
      100 |   0.9092 |  1.017450e+04 |   +0.33% |  6.33e-13 |      
      110 |   0.9097 |  1.024243e+04 |   +0.67% |  1.03e-12 |      
      120 |   0.9082 |  1.041732e+04 |   +1.71% |  1.68e-12 |      
      130 |   0.9041 |  1.078027e+04 |   +3.48% |  2.73e-12 |      
      140 |   0.8958 |  1.139366e+04 |   +5.69% |  4.45e-12 |      
      150 |   0.8826 |  1.227532e+04 |   +7.74% |  7.25e-12 |      
      160 |   0.8632 |  1.342109e+04 |   +9.33% |  1.18e-11 |      
      170 |   0.8377 |  1.483265e+04 |  +10.52% |  1.92e-11 |      
      180 |   0.8086 |  1.632232e+04 |  +10.04% |  3.13e-11 |      
      190 |   0.7774 |  1.774417e+04 |   +8.71% |  5.10e-11 |      
      200 |   0.7445 |  1.910922e+04 |   +7.69% |  8.30e-11 |      
      210 |   0.7127 |  2.048346e+04 |   +7.19% |  1.35e-10 |      
      220 |   0.6786 |  2.229294e+04 |   +8.83% |  2.20e-10 |      
      230 |   0.6444 |  2.367692e+04 |   +6.21% |  3.58e-10 |      
[INFO GPL-0100] Timing-driven iteration 1/2, virtual: false.
[INFO GPL-0101]    Iter: 234, overflow: 0.633, keep resizer changes at: 1, HPWL: 47837323
Iteration |   Area    | Resized | Buffers | Nets repaired | Remaining
---------------------------------------------------------------------
        0 |     +0.0% |       0 |       0 |             0 |      6390
    final |     +0.2% |       1 |       9 |             1 |         0
---------------------------------------------------------------------
[INFO RSZ-0034] Found 1 slew violations.
[INFO RSZ-0036] Found 1 capacitance violations.
[INFO RSZ-0039] Resized 1 instances.
[INFO RSZ-0038] Inserted 9 buffers in 1 nets.
   Iter   |    Area   | Removed | Inserted |   Pins
          |           | Buffers | Buffers  | Remaining
-------------------------------------------------------
        0 |     +0.0% |       0 |        0 |      6371
      630 |     +0.0% |       0 |        1 |      5741
     1260 |     +0.0% |       0 |        1 |      5111
     1890 |     +0.0% |       0 |        1 |      4481
     2520 |     +0.0% |       0 |        1 |      3851
     3150 |     +0.0% |       0 |        1 |      3221
     3780 |     +0.0% |       0 |        1 |      2591
     4410 |     +0.0% |       0 |        1 |      1961
     5040 |     +0.0% |       0 |        1 |      1331
     5670 |     +0.0% |       0 |        1 |       701
     6300 |     +0.0% |       0 |        1 |        71
    final |     +0.0% |       9 |       18 |         0
-------------------------------------------------------
[INFO GPL-0106] Timing-driven: worst slack 1.55e-08
[INFO GPL-0107] Timing-driven: repair_design delta area: 21.812 um^2 (+0.23%)
[INFO GPL-0108] Timing-driven: repair_design, gpl delta gcells: 18 (+0.38%)
[INFO GPL-0109] Timing-driven: repair_design, gcells created: 27, deleted: 9
[INFO GPL-0110] Timing-driven: new target density: 0.41055948
Iteration | Overflow |     HPWL (um) |  HPWL(%) |   Penalty | Group
---------------------------------------------------------------
      240 |   0.6144 |  2.595090e+04 |   +9.60% |  5.84e-10 |      
      250 |   0.5995 |  2.790840e+04 |   +7.54% |  9.50e-10 |      
[INFO GPL-0038] Routability snapshot saved at iter = 251
      250 |   0.5995 |  2.790840e+04 |          |           |      
      260 |   0.5699 |  2.910330e+04 |   +4.28% |  1.55e-09 |      
      270 |   0.5308 |  2.949634e+04 |   +1.35% |  2.52e-09 |      
      280 |   0.4907 |  3.012002e+04 |   +2.11% |  4.10e-09 |      
      290 |   0.4436 |  3.058457e+04 |   +1.54% |  6.68e-09 |      
      300 |   0.3923 |  3.101196e+04 |   +1.40% |  1.09e-08 |      
      310 |   0.3541 |  3.147413e+04 |   +1.49% |  1.77e-08 |      
      320 |   0.3208 |  3.155478e+04 |   +0.26% |  2.67e-08 |      
[INFO GPL-0040] Routability iteration: 1
[INFO GPL-0041] Total routing overflow: 0.0000
[INFO GPL-0042] Number of overflowed tiles: 0 (0.00%)
[INFO GPL-0043] Average top 0.5% routing congestion: 0.7045
[INFO GPL-0044] Average top 1.0% routing congestion: 0.6723
[INFO GPL-0045] Average top 2.0% routing congestion: 0.6379
[INFO GPL-0046] Average top 5.0% routing congestion: 0.5964
[INFO GPL-0047] Routability iteration weighted routing congestion: 0.6884
[INFO GPL-0050] Weighted routing congestion is lower than target routing congestion(1.0100), end routability optimization.
[INFO GPL-0090] Routability finished. Target routing congestion achieved succesfully.
Iteration | Overflow |     HPWL (um) |  HPWL(%) |   Penalty | Group
---------------------------------------------------------------
      330 |   0.2885 |  3.162574e+04 |   +0.22% |  3.93e-08 |      
      340 |   0.2562 |  3.186286e+04 |   +0.75% |  5.78e-08 |      
      350 |   0.2288 |  3.204584e+04 |   +0.57% |  8.52e-08 |      
      360 |   0.2001 |  3.227665e+04 |   +0.72% |  1.26e-07 |      
[INFO GPL-0100] Timing-driven iteration 2/2, virtual: false.
[INFO GPL-0101]    Iter: 363, overflow: 0.195, keep resizer changes at: 1, HPWL: 64628991
Iteration |   Area    | Resized | Buffers | Nets repaired | Remaining
---------------------------------------------------------------------
        0 |     +0.0% |       0 |       0 |             0 |      6408
    final |     +0.0% |       0 |       0 |             0 |         0
---------------------------------------------------------------------
   Iter   |    Area   | Removed | Inserted |   Pins
          |           | Buffers | Buffers  | Remaining
-------------------------------------------------------
        0 |     +0.0% |       0 |        0 |      6371
      630 |     +0.0% |       1 |        1 |      5741
     1260 |     +0.0% |       1 |        1 |      5111
     1890 |     +0.0% |       1 |        1 |      4481
     2520 |     +0.0% |       1 |        1 |      3851
     3150 |     +0.0% |       1 |        1 |      3221
     3780 |     +0.0% |       1 |        2 |      2591
     4410 |     +0.0% |       1 |        2 |      1961
     5040 |     +0.0% |       1 |        2 |      1331
     5670 |     +0.0% |       1 |        2 |       701
     6300 |     +0.0% |       1 |        2 |        71
    final |     +0.0% |      18 |       21 |         0
-------------------------------------------------------
[INFO GPL-0106] Timing-driven: worst slack 1.55e-08
[INFO GPL-0107] Timing-driven: repair_design delta area: 2.394 um^2 (+0.02%)
[INFO GPL-0108] Timing-driven: repair_design, gpl delta gcells: 3 (+0.06%)
[INFO GPL-0109] Timing-driven: repair_design, gcells created: 21, deleted: 18
[INFO GPL-0110] Timing-driven: new target density: 0.41062087
Iteration | Overflow |     HPWL (um) |  HPWL(%) |   Penalty | Group
---------------------------------------------------------------
      370 |   0.1765 |  3.243282e+04 |   +0.48% |  1.85e-07 |      
      380 |   0.1515 |  3.259991e+04 |   +0.52% |  2.72e-07 |      
      390 |   0.1308 |  3.277889e+04 |   +0.55% |  4.01e-07 |      
      400 |   0.1128 |  3.295394e+04 |   +0.53% |  5.91e-07 |      
      409 |   0.0996 |  3.310485e+04 |          |  8.71e-07 |      
---------------------------------------------------------------
[INFO GPL-1001] Global placement finished at iteration 409
[INFO GPL-1003] Routability mode iteration count: 75
[INFO GPL-1005] Routability final weighted congestion: 0.6154
[INFO GPL-1002] Placed Cell Area             9618.4880
[INFO GPL-1003] Available Free Area         38987.3540
[INFO GPL-1004] Minimum Feasible Density        0.2500 (cell_area / free_area)
[INFO GPL-1006]   Suggested Target Densities:
[INFO GPL-1007]     - For 90% usage of free space: 0.2741
[INFO GPL-1008]     - For 80% usage of free space: 0.3084
[INFO GPL-1009]     - For 50% usage of free space: 0.4934
[INFO GPL-1011] Original area (um^2): 9594.28
[INFO GPL-1012] Total routability artificial inflation: 21.81 (+0.23%)
[INFO GPL-1013] Total timing-driven delta area: 24.21 (+0.25%)
[INFO GPL-1014] Final placement area: 9618.49 (+0.25%)
Took 30 seconds: global_placement -density 0.41000000000000003 -pad_left 0 -pad_right 0 -routability_driven -timing_driven -min_phi_coef 0.95 -max_phi_coef 1.05
estimate_parasitics -placement
Report metrics stage 3, global place...

==========================================================================
global place report_design_area
--------------------------------------------------------------------------
Design area 9737 um^2 25% utilization.
write_db ./results/nangate45/tf_lms_sv/base/3_3_place_gp.odb
Elapsed time: 0:31.44[h:]min:sec. CPU time: user 451.82 sys 9.14 (1465%). Peak memory: 299576KB.
Log                        Elapsed/s Peak Memory/MB  sha1sum .odb [0:20)
3_3_place_gp                      31            292 83105a673df0ad12e981
