OpenROAD 26Q1-342-g7c57b1b222 
Features included (+) or not (-): +GPU +GUI +Python
This program is licensed under the BSD-3 license. See the LICENSE file for details.
Components of this program may be licensed under more restrictive licenses which must be honored.
[INFO ORD-0030] Using 20 thread(s).
read_liberty /home/chuongvo/OpenROAD-flow-scripts/flow/platforms/nangate45/lib/NangateOpenCellLibrary_typical.lib
read_db ./results/nangate45/tf_lms_sv/base/3_4_place_resized.odb
source /home/chuongvo/OpenROAD-flow-scripts/flow/platforms/nangate45/setRC.tcl
Placement Analysis
---------------------------------
total displacement       3649.3 u
average displacement        0.7 u
max displacement            3.0 u
original HPWL           33300.1 u
legalized HPWL          35797.6 u
delta HPWL                    8 %

Detailed placement improvement.
[INFO DPL-0401] Setting random seed to 1.
[INFO DPL-0402] Setting maximum displacement 5 1 to 14000 2800 units.
[INFO DPL-0320] Collected 388 fixed cells.
[INFO DPL-0318] Collected 4750 single height cells.
[INFO DPL-0321] Collected 0 wide cells.
[INFO DPL-0322] Image (2280, 2800) - (398240, 397600)
[INFO DPL-0310] Assigned 4750 cells into segments.  Movement in X-direction is 0.000000, movement in Y-direction is 0.000000.
[INFO DPL-0313] Found 0 cells in wrong regions.
[INFO DPL-0315] Found 0 row alignment problems.
[INFO DPL-0314] Found 0 site alignment problems.
[INFO DPL-0311] Found 0 overlaps between adjacent cells.
[INFO DPL-0312] Found 0 edge spacing violations and 0 padding violations.
[INFO DPL-0303] Running algorithm for independent set matching.
[INFO DPL-0300] Set matching objective is wirelength.
[INFO DPL-0301] Pass   1 of matching; objective is 7.146520e+07.
[INFO DPL-0302] End of matching; objective is 7.126659e+07, improvement is 0.28 percent.
[INFO DPL-0303] Running algorithm for global swaps.
[INFO DPL-0306] Pass   1 of global swaps; hpwl is 6.976186e+07.
[INFO DPL-0306] Pass   2 of global swaps; hpwl is 6.949159e+07.
[INFO DPL-0307] End of global swaps; objective is 6.949159e+07, improvement is 2.49 percent.
[INFO DPL-0303] Running algorithm for vertical swaps.
[INFO DPL-0308] Pass   1 of vertical swaps; hpwl is 6.914973e+07.
[INFO DPL-0309] End of vertical swaps; objective is 6.914973e+07, improvement is 0.49 percent.
[INFO DPL-0303] Running algorithm for reordering.
[INFO DPL-0304] Pass   1 of reordering; objective is 6.901752e+07.
[INFO DPL-0305] End of reordering; objective is 6.901752e+07, improvement is 0.19 percent.
[INFO DPL-0303] Running algorithm for random improvement.
[INFO DPL-0324] Random improver is using random generator.
[INFO DPL-0325] Random improver is using hpwl objective.
[INFO DPL-0326] Random improver cost string is (a).
[INFO DPL-0332] End of pass, Generator random called 95000 times.
[INFO DPL-0335] Generator random, Cumulative attempts 95000, swaps 8572, moves 36229 since last reset.
[INFO DPL-0333] End of pass, Objective hpwl, Initial cost 6.834428e+07, Scratch cost 6.741140e+07, Incremental cost 6.741140e+07, Mismatch? N
[INFO DPL-0338] End of pass, Total cost is 6.741140e+07.
[INFO DPL-0327] Pass   1 of random improver; improvement in cost is 1.36 percent.
[INFO DPL-0332] End of pass, Generator random called 95000 times.
[INFO DPL-0335] Generator random, Cumulative attempts 190000, swaps 16866, moves 72230 since last reset.
[INFO DPL-0333] End of pass, Objective hpwl, Initial cost 6.741140e+07, Scratch cost 6.703702e+07, Incremental cost 6.703702e+07, Mismatch? N
[INFO DPL-0338] End of pass, Total cost is 6.703702e+07.
[INFO DPL-0327] Pass   2 of random improver; improvement in cost is 0.56 percent.
[INFO DPL-0328] End of random improver; improvement is 1.912764 percent.
[INFO DPL-0380] Cell flipping.
[INFO DPL-0382] Changed 0 cell orientations for row compatibility.
[INFO DPL-0383] Performed 1566 cell flips.
[INFO DPL-0384] End of flipping; objective is 6.577968e+07, improvement is 2.85 percent.
[INFO DPL-0313] Found 0 cells in wrong regions.
[INFO DPL-0315] Found 0 row alignment problems.
[INFO DPL-0314] Found 0 site alignment problems.
[INFO DPL-0311] Found 0 overlaps between adjacent cells.
[INFO DPL-0312] Found 0 edge spacing violations and 0 padding violations.
Detailed Improvement Results
------------------------------------------
Original HPWL            35797.6 u (   16779.4,    19018.2)
Final HPWL               33009.8 u (   15133.3,    17876.5)
Delta HPWL                  -7.8 % (      -9.8,       -6.0)

[INFO DPL-0020] Mirrored 311 instances
[INFO DPL-0021] HPWL before           33009.8 u
[INFO DPL-0022] HPWL after            32964.8 u
[INFO DPL-0023] HPWL delta               -0.1 %
[INFO FLW-0012] Placement violations .
estimate_parasitics -placement
Report metrics stage 3, detailed place...

==========================================================================
detailed place report_design_area
--------------------------------------------------------------------------
Design area 9737 um^2 25% utilization.
write_db ./results/nangate45/tf_lms_sv/base/3_5_place_dp.odb
Elapsed time: 0:03.96[h:]min:sec. CPU time: user 4.19 sys 1.45 (142%). Peak memory: 138524KB.
Log                        Elapsed/s Peak Memory/MB  sha1sum .odb [0:20)
3_5_place_dp                       3            135 a36e22916b48acd5026d
