OpenROAD 26Q1-342-g7c57b1b222 
Features included (+) or not (-): +GPU +GUI +Python
This program is licensed under the BSD-3 license. See the LICENSE file for details.
Components of this program may be licensed under more restrictive licenses which must be honored.
[INFO ORD-0030] Using 20 thread(s).
read_liberty /home/chuongvo/OpenROAD-flow-scripts/flow/platforms/nangate45/lib/NangateOpenCellLibrary_typical.lib
read_db ./results/nangate45/tf_lms_sv/base/4_cts.odb
source /home/chuongvo/OpenROAD-flow-scripts/flow/platforms/nangate45/setRC.tcl
pin_access
[INFO DRT-0149] Reading tech and libs.

Units:                2000
Number of layers:     21
Number of macros:     135
Number of vias:       33
Number of viarulegen: 19

[INFO DRT-0150] Reading design.

Design:                   tf_lms_sv
Die area:                 ( 0 0 ) ( 400310 400310 )
Number of track patterns: 20
Number of DEF vias:       0
Number of components:     9034
Number of terminals:      37
Number of snets:          2
Number of nets:           10251

[INFO DRT-0167] List of default vias:
  Layer via2
    default via: via2_5
  Layer via3
    default via: via3_2
  Layer via4
    default via: via4_0
  Layer via5
    default via: via5_0
  Layer via6
    default via: via6_0
  Layer via7
    default via: via7_0
  Layer via8
    default via: via8_0
  Layer via9
    default via: via9_0
[INFO DRT-0162] Library cell analysis.
[INFO DRT-0163] Instance analysis.
[INFO DRT-0164] Number of unique instances = 81.
[INFO DRT-0168] Init region query.
[INFO DRT-0024]   Complete active.
[INFO DRT-0024]   Complete Fr_VIA.
[INFO DRT-0024]   Complete metal1.
[INFO DRT-0024]   Complete via1.
[INFO DRT-0024]   Complete metal2.
[INFO DRT-0024]   Complete via2.
[INFO DRT-0024]   Complete metal3.
[INFO DRT-0024]   Complete via3.
[INFO DRT-0024]   Complete metal4.
[INFO DRT-0024]   Complete via4.
[INFO DRT-0024]   Complete metal5.
[INFO DRT-0024]   Complete via5.
[INFO DRT-0024]   Complete metal6.
[INFO DRT-0024]   Complete via6.
[INFO DRT-0024]   Complete metal7.
[INFO DRT-0024]   Complete via7.
[INFO DRT-0024]   Complete metal8.
[INFO DRT-0024]   Complete via8.
[INFO DRT-0024]   Complete metal9.
[INFO DRT-0024]   Complete via9.
[INFO DRT-0024]   Complete metal10.
[INFO DRT-0033] active shape region query size = 0.
[INFO DRT-0033] FR_VIA shape region query size = 0.
[INFO DRT-0033] metal1 shape region query size = 150543.
[INFO DRT-0033] via1 shape region query size = 1491.
[INFO DRT-0033] metal2 shape region query size = 994.
[INFO DRT-0033] via2 shape region query size = 1491.
[INFO DRT-0033] metal3 shape region query size = 994.
[INFO DRT-0033] via3 shape region query size = 1491.
[INFO DRT-0033] metal4 shape region query size = 553.
[INFO DRT-0033] via4 shape region query size = 490.
[INFO DRT-0033] metal5 shape region query size = 123.
[INFO DRT-0033] via5 shape region query size = 490.
[INFO DRT-0033] metal6 shape region query size = 108.
[INFO DRT-0033] via6 shape region query size = 196.
[INFO DRT-0033] metal7 shape region query size = 77.
[INFO DRT-0033] via7 shape region query size = 0.
[INFO DRT-0033] metal8 shape region query size = 0.
[INFO DRT-0033] via8 shape region query size = 0.
[INFO DRT-0033] metal9 shape region query size = 0.
[INFO DRT-0033] via9 shape region query size = 0.
[INFO DRT-0033] metal10 shape region query size = 0.
[INFO DRT-0165] Start pin access.
[INFO DRT-0078]   Complete 428 pins.
[INFO DRT-0081]   Complete 81 unique inst patterns.
[INFO DRT-0084]   Complete 3782 groups.
#scanned instances     = 9034
#unique  instances     = 81
#stdCellGenAp          = 2140
#stdCellValidPlanarAp  = 0
#stdCellValidViaAp     = 1571
#stdCellPinNoAp        = 0
#stdCellPinCnt         = 23920
#instTermValidViaApCnt = 0
#macroGenAp            = 0
#macroValidPlanarAp    = 0
#macroValidViaAp       = 0
#macroNoAp             = 0
[INFO DRT-0166] Complete pin access.
[INFO DRT-0267] cpu time = 00:01:40, elapsed time = 00:00:06, memory = 136.71 (MB), peak = 136.71 (MB)
Took 7 seconds: pin_access
global_route -congestion_report_file ./reports/nangate45/tf_lms_sv/base/congestion.rpt -congestion_iterations 30 -congestion_report_iter_step 5 -verbose
[INFO GRT-0020] Min routing layer: metal2
[INFO GRT-0021] Max routing layer: metal10
[INFO GRT-0022] Global adjustment: 0%
[INFO GRT-0023] Grid origin: (0, 0)
[INFO GRT-0088] Layer metal1  Track-Pitch = 0.1400  line-2-Via Pitch: 0.1350
[INFO GRT-0088] Layer metal2  Track-Pitch = 0.1900  line-2-Via Pitch: 0.1400
[INFO GRT-0088] Layer metal3  Track-Pitch = 0.1400  line-2-Via Pitch: 0.1400
[INFO GRT-0088] Layer metal4  Track-Pitch = 0.2800  line-2-Via Pitch: 0.2800
[INFO GRT-0088] Layer metal5  Track-Pitch = 0.2800  line-2-Via Pitch: 0.2800
[INFO GRT-0088] Layer metal6  Track-Pitch = 0.2800  line-2-Via Pitch: 0.2800
[INFO GRT-0088] Layer metal7  Track-Pitch = 0.8000  line-2-Via Pitch: 0.8000
[INFO GRT-0088] Layer metal8  Track-Pitch = 0.8000  line-2-Via Pitch: 0.8000
[INFO GRT-0088] Layer metal9  Track-Pitch = 1.6000  line-2-Via Pitch: 1.6000
[INFO GRT-0088] Layer metal10 Track-Pitch = 1.6000  line-2-Via Pitch: 1.6000
[INFO GRT-0003] Macros: 0
[INFO GRT-0004] Blockages: 0
[INFO GRT-0019] Found 133 clock nets.
[INFO GRT-0001] Minimum degree: 2
[INFO GRT-0002] Maximum degree: 65

[INFO GRT-0053] Routing resources analysis:
          Routing      Original      Derated      Resource
Layer     Direction    Resources     Resources    Reduction (%)
---------------------------------------------------------------
metal1     Horizontal          0             0          0.00%
metal2     Vertical        71139         33465          52.96%
metal3     Horizontal      98080         48106          50.95%
metal4     Vertical        48231         34086          29.33%
metal5     Horizontal      49069         34637          29.41%
metal6     Vertical        49226         34706          29.50%
metal7     Horizontal      14973         10557          29.49%
metal8     Vertical        17181         12351          28.11%
metal9     Horizontal       8556          4830          43.55%
metal10    Vertical         8556          4830          43.55%
---------------------------------------------------------------

[INFO GRT-0197] Via related to pin nodes: 35064
[INFO GRT-0198] Via related Steiner nodes: 254
[INFO GRT-0199] Via filling finished.
[INFO GRT-0111] Final number of vias: 42138
[INFO GRT-0112] Final usage 3D: 145201

[INFO GRT-0096] Final congestion report:
Layer         Resource        Demand        Usage (%)    Max H / Max V / Total Overflow
---------------------------------------------------------------------------------------
metal1               0             0            0.00%             0 /  0 /  0
metal2           33465          9054           27.06%             0 /  0 /  0
metal3           48106          8142           16.93%             0 /  0 /  0
metal4           34086          1098            3.22%             0 /  0 /  0
metal5           34637           479            1.38%             0 /  0 /  0
metal6           34706            14            0.04%             0 /  0 /  0
metal7           10557             0            0.00%             0 /  0 /  0
metal8           12351             0            0.00%             0 /  0 /  0
metal9            4830             0            0.00%             0 /  0 /  0
metal10           4830             0            0.00%             0 /  0 /  0
---------------------------------------------------------------------------------------
Total           217568         18787            8.64%             0 /  0 /  0

[INFO GRT-0018] Total wirelength: 90228 um
[INFO GRT-0014] Routed nets: 9536
estimate_parasitics -global_routing
Perform buffer insertion and gate resizing...
repair_design -verbose
Iteration |   Area    | Resized | Buffers | Nets repaired | Remaining
---------------------------------------------------------------------
        0 |     +0.0% |       0 |       0 |             0 |     10342
     1000 |     +0.0% |       0 |       0 |             0 |      9342
     2000 |     +0.0% |       0 |       0 |             0 |      8342
     3000 |     +0.0% |       0 |       0 |             0 |      7342
     4000 |     +0.0% |       0 |       0 |             0 |      6342
     5000 |     +0.0% |       0 |       0 |             0 |      5342
     6000 |     +0.0% |       0 |       0 |             0 |      4342
     7000 |     +0.0% |       0 |       0 |             0 |      3342
     8000 |     +0.0% |       0 |       0 |             0 |      2342
     9000 |     +0.0% |       0 |       0 |             0 |      1342
    10000 |     +0.0% |       0 |       0 |             0 |       342
    final |     +0.0% |       0 |       0 |             0 |         0
---------------------------------------------------------------------
global_route -start_incremental
detailed_placement
Placement Analysis
---------------------------------
total displacement          0.0 u
average displacement        0.0 u
max displacement            0.0 u
original HPWL           46563.6 u
legalized HPWL          46563.6 u
delta HPWL                    0 %

global_route -end_incremental -congestion_report_file ./reports/nangate45/tf_lms_sv/base/congestion_post_repair_design.rpt
Repair setup and hold violations...
estimate_parasitics -global_routing
repair_timing -setup_margin 0 -hold_margin 0.03 -repair_tns 100 -max_buffer_percent 100 -max_utilization 60 -verbose
[INFO RSZ-0100] Repair move sequence: UnbufferMove SizeUpMove SwapPinsMove BufferMove CloneMove SplitLoadMove 
[INFO RSZ-0098] No setup violations found
[INFO RSZ-0033] No hold violations found.
global_route -start_incremental
detailed_placement
Placement Analysis
---------------------------------
total displacement          0.0 u
average displacement        0.0 u
max displacement            0.0 u
original HPWL           46563.6 u
legalized HPWL          46563.6 u
delta HPWL                    0 %

global_route -end_incremental -congestion_report_file ./reports/nangate45/tf_lms_sv/base/congestion_post_repair_timing.rpt
global_route -start_incremental
global_route -end_incremental -congestion_report_file ./reports/nangate45/tf_lms_sv/base/congestion_post_recover_power.rpt
Repair antennas...
[WARNING GRT-0246] No diode with LEF class CORE ANTENNACELL found.
[INFO ANT-0002] Found 0 net violations.
[INFO ANT-0001] Found 0 pin violations.
Estimate parasitics...
estimate_parasitics -global_routing
Report metrics stage 5, global route...

==========================================================================
global route report_design_area
--------------------------------------------------------------------------
Design area 12951 um^2 33% utilization.
[INFO FLW-0007] clock clk period 20.000000
[INFO FLW-0008] Clock clk period 4.307
[INFO FLW-0009] Clock clk slack 15.466
[INFO FLW-0011] Path endpoint path count 2334
write_db ./results/nangate45/tf_lms_sv/base/5_1_grt.odb
write_sdc -no_timestamp ./results/nangate45/tf_lms_sv/base/5_1_grt.sdc
Elapsed time: 0:16.32[h:]min:sec. CPU time: user 170.98 sys 4.96 (1077%). Peak memory: 352740KB.
Log                        Elapsed/s Peak Memory/MB  sha1sum .odb [0:20)
5_1_grt                           16            344 998f1867511bd70203ed
