OpenROAD 26Q1-342-g7c57b1b222 
Features included (+) or not (-): +GPU +GUI +Python
This program is licensed under the BSD-3 license. See the LICENSE file for details.
Components of this program may be licensed under more restrictive licenses which must be honored.
[INFO ORD-0030] Using 20 thread(s).
read_liberty /home/chuongvo/OpenROAD-flow-scripts/flow/platforms/nangate45/lib/NangateOpenCellLibrary_typical.lib
read_db ./results/nangate45/tf_lms_sv/base/5_1_grt.odb
source /home/chuongvo/OpenROAD-flow-scripts/flow/platforms/nangate45/setRC.tcl
detailed_route -output_drc ./reports/nangate45/tf_lms_sv/base/5_route_drc.rpt -output_maze ./results/nangate45/tf_lms_sv/base/maze.log -droute_end_iter 64 -verbose 1 -drc_report_iter_step 5
[INFO DRT-0149] Reading tech and libs.

Units:                2000
Number of layers:     21
Number of macros:     135
Number of vias:       33
Number of viarulegen: 19

[INFO DRT-0150] Reading design.

Design:                   tf_lms_sv
Die area:                 ( 0 0 ) ( 400310 400310 )
Number of track patterns: 20
Number of DEF vias:       0
Number of components:     9034
Number of terminals:      37
Number of snets:          2
Number of nets:           10251

[INFO DRT-0167] List of default vias:
  Layer via2
    default via: via2_5
  Layer via3
    default via: via3_2
  Layer via4
    default via: via4_0
  Layer via5
    default via: via5_0
  Layer via6
    default via: via6_0
  Layer via7
    default via: via7_0
  Layer via8
    default via: via8_0
  Layer via9
    default via: via9_0
[INFO DRT-0162] Library cell analysis.
[INFO DRT-0163] Instance analysis.
[INFO DRT-0164] Number of unique instances = 81.
[INFO DRT-0168] Init region query.
[INFO DRT-0024]   Complete active.
[INFO DRT-0024]   Complete Fr_VIA.
[INFO DRT-0024]   Complete metal1.
[INFO DRT-0024]   Complete via1.
[INFO DRT-0024]   Complete metal2.
[INFO DRT-0024]   Complete via2.
[INFO DRT-0024]   Complete metal3.
[INFO DRT-0024]   Complete via3.
[INFO DRT-0024]   Complete metal4.
[INFO DRT-0024]   Complete via4.
[INFO DRT-0024]   Complete metal5.
[INFO DRT-0024]   Complete via5.
[INFO DRT-0024]   Complete metal6.
[INFO DRT-0024]   Complete via6.
[INFO DRT-0024]   Complete metal7.
[INFO DRT-0024]   Complete via7.
[INFO DRT-0024]   Complete metal8.
[INFO DRT-0024]   Complete via8.
[INFO DRT-0024]   Complete metal9.
[INFO DRT-0024]   Complete via9.
[INFO DRT-0024]   Complete metal10.
[INFO DRT-0033] active shape region query size = 0.
[INFO DRT-0033] FR_VIA shape region query size = 0.
[INFO DRT-0033] metal1 shape region query size = 150543.
[INFO DRT-0033] via1 shape region query size = 1491.
[INFO DRT-0033] metal2 shape region query size = 994.
[INFO DRT-0033] via2 shape region query size = 1491.
[INFO DRT-0033] metal3 shape region query size = 994.
[INFO DRT-0033] via3 shape region query size = 1491.
[INFO DRT-0033] metal4 shape region query size = 553.
[INFO DRT-0033] via4 shape region query size = 490.
[INFO DRT-0033] metal5 shape region query size = 123.
[INFO DRT-0033] via5 shape region query size = 490.
[INFO DRT-0033] metal6 shape region query size = 108.
[INFO DRT-0033] via6 shape region query size = 196.
[INFO DRT-0033] metal7 shape region query size = 77.
[INFO DRT-0033] via7 shape region query size = 0.
[INFO DRT-0033] metal8 shape region query size = 0.
[INFO DRT-0033] via8 shape region query size = 0.
[INFO DRT-0033] metal9 shape region query size = 0.
[INFO DRT-0033] via9 shape region query size = 0.
[INFO DRT-0033] metal10 shape region query size = 0.
[INFO DRT-0165] Start pin access.
[INFO DRT-0078]   Complete 428 pins.
[INFO DRT-0081]   Complete 81 unique inst patterns.
[INFO DRT-0084]   Complete 3782 groups.
#scanned instances     = 9034
#unique  instances     = 81
#stdCellGenAp          = 2140
#stdCellValidPlanarAp  = 0
#stdCellValidViaAp     = 1571
#stdCellPinNoAp        = 0
#stdCellPinCnt         = 23920
#instTermValidViaApCnt = 0
#macroGenAp            = 0
#macroValidPlanarAp    = 0
#macroValidViaAp       = 0
#macroNoAp             = 0
[INFO DRT-0166] Complete pin access.
[INFO DRT-0267] cpu time = 00:01:56, elapsed time = 00:00:05, memory = 284.93 (MB), peak = 284.93 (MB)

[INFO DRT-0157] Number of guides:     47213

[INFO DRT-0169] Post process guides.
[INFO DRT-0176] GCELLGRID X 0 DO 70 STEP 5700 ;
[INFO DRT-0177] GCELLGRID Y 0 DO 70 STEP 5700 ;
[INFO DRT-0028]   Complete active.
[INFO DRT-0028]   Complete Fr_VIA.
[INFO DRT-0028]   Complete metal1.
[INFO DRT-0028]   Complete via1.
[INFO DRT-0028]   Complete metal2.
[INFO DRT-0028]   Complete via2.
[INFO DRT-0028]   Complete metal3.
[INFO DRT-0028]   Complete via3.
[INFO DRT-0028]   Complete metal4.
[INFO DRT-0028]   Complete via4.
[INFO DRT-0028]   Complete metal5.
[INFO DRT-0028]   Complete via5.
[INFO DRT-0028]   Complete metal6.
[INFO DRT-0028]   Complete via6.
[INFO DRT-0028]   Complete metal7.
[INFO DRT-0028]   Complete via7.
[INFO DRT-0028]   Complete metal8.
[INFO DRT-0028]   Complete via8.
[INFO DRT-0028]   Complete metal9.
[INFO DRT-0028]   Complete via9.
[INFO DRT-0028]   Complete metal10.
[INFO DRT-0178] Init guide query.
[INFO DRT-0035]   Complete active (guide).
[INFO DRT-0035]   Complete Fr_VIA (guide).
[INFO DRT-0035]   Complete metal1 (guide).
[INFO DRT-0035]   Complete via1 (guide).
[INFO DRT-0035]   Complete metal2 (guide).
[INFO DRT-0035]   Complete via2 (guide).
[INFO DRT-0035]   Complete metal3 (guide).
[INFO DRT-0035]   Complete via3 (guide).
[INFO DRT-0035]   Complete metal4 (guide).
[INFO DRT-0035]   Complete via4 (guide).
[INFO DRT-0035]   Complete metal5 (guide).
[INFO DRT-0035]   Complete via5 (guide).
[INFO DRT-0035]   Complete metal6 (guide).
[INFO DRT-0035]   Complete via6 (guide).
[INFO DRT-0035]   Complete metal7 (guide).
[INFO DRT-0035]   Complete via7 (guide).
[INFO DRT-0035]   Complete metal8 (guide).
[INFO DRT-0035]   Complete via8 (guide).
[INFO DRT-0035]   Complete metal9 (guide).
[INFO DRT-0035]   Complete via9 (guide).
[INFO DRT-0035]   Complete metal10 (guide).
[INFO DRT-0036] active guide region query size = 0.
[INFO DRT-0036] FR_VIA guide region query size = 0.
[INFO DRT-0036] metal1 guide region query size = 18719.
[INFO DRT-0036] via1 guide region query size = 0.
[INFO DRT-0036] metal2 guide region query size = 13521.
[INFO DRT-0036] via2 guide region query size = 0.
[INFO DRT-0036] metal3 guide region query size = 6076.
[INFO DRT-0036] via3 guide region query size = 0.
[INFO DRT-0036] metal4 guide region query size = 348.
[INFO DRT-0036] via4 guide region query size = 0.
[INFO DRT-0036] metal5 guide region query size = 149.
[INFO DRT-0036] via5 guide region query size = 0.
[INFO DRT-0036] metal6 guide region query size = 10.
[INFO DRT-0036] via6 guide region query size = 0.
[INFO DRT-0036] metal7 guide region query size = 0.
[INFO DRT-0036] via7 guide region query size = 0.
[INFO DRT-0036] metal8 guide region query size = 0.
[INFO DRT-0036] via8 guide region query size = 0.
[INFO DRT-0036] metal9 guide region query size = 0.
[INFO DRT-0036] via9 guide region query size = 0.
[INFO DRT-0036] metal10 guide region query size = 0.
[INFO DRT-0179] Init gr pin query.
[INFO DRT-0267] cpu time = 00:00:00, elapsed time = 00:00:00, memory = 301.96 (MB), peak = 301.96 (MB)
[INFO DRT-0245] skipped writing guide updates to database.
[INFO DRT-0185] Post process initialize RPin region query.
[INFO DRT-0181] Start track assignment.
[INFO DRT-0184] Done with 13879 vertical wires in 2 frboxes and 24944 horizontal wires in 2 frboxes.
[INFO DRT-0186] Done with 2531 vertical wires in 2 frboxes and 2378 horizontal wires in 2 frboxes.
[INFO DRT-0182] Complete track assignment.
[INFO DRT-0267] cpu time = 00:00:01, elapsed time = 00:00:01, memory = 408.99 (MB), peak = 408.99 (MB)
[INFO DRT-0187] Start routing data preparation.
[INFO DRT-0267] cpu time = 00:00:00, elapsed time = 00:00:00, memory = 410.86 (MB), peak = 410.86 (MB)
[INFO DRT-0194] Start detail routing.
[INFO DRT-0195] Start 0th optimization iteration.
    Completing 10% with 0 violations.
    elapsed time = 00:00:00, memory = 641.92 (MB).
    Completing 20% with 0 violations.
    elapsed time = 00:00:01, memory = 595.13 (MB).
    Completing 30% with 56 violations.
    elapsed time = 00:00:01, memory = 583.21 (MB).
    Completing 40% with 56 violations.
    elapsed time = 00:00:03, memory = 741.12 (MB).
    Completing 50% with 56 violations.
    elapsed time = 00:00:04, memory = 680.33 (MB).
    Completing 60% with 129 violations.
    elapsed time = 00:00:04, memory = 851.58 (MB).
    Completing 70% with 129 violations.
    elapsed time = 00:00:05, memory = 856.91 (MB).
    Completing 80% with 198 violations.
    elapsed time = 00:00:06, memory = 792.97 (MB).
    Completing 90% with 198 violations.
    elapsed time = 00:00:07, memory = 939.07 (MB).
    Completing 100% with 277 violations.
    elapsed time = 00:00:08, memory = 876.30 (MB).
[INFO DRT-0199]   Number of violations = 546.
Viol/Layer      metal1 metal2 metal3 metal4 metal5
Metal Spacing        1     50      2      0      1
Recheck             16    181     66      1      5
Short                0    202     21      0      0
[INFO DRT-0267] cpu time = 00:01:23, elapsed time = 00:00:09, memory = 1410.68 (MB), peak = 1410.68 (MB)
Total wire length = 50806 um.
Total wire length on LAYER metal1 = 0 um.
Total wire length on LAYER metal2 = 25319 um.
Total wire length on LAYER metal3 = 21753 um.
Total wire length on LAYER metal4 = 2712 um.
Total wire length on LAYER metal5 = 963 um.
Total wire length on LAYER metal6 = 56 um.
Total wire length on LAYER metal7 = 0 um.
Total wire length on LAYER metal8 = 0 um.
Total wire length on LAYER metal9 = 0 um.
Total wire length on LAYER metal10 = 0 um.
Total number of vias = 39953.
Up-via summary (total 39953):

----------------
 active        0
 metal1    23439
 metal2    15875
 metal3      429
 metal4      200
 metal5       10
 metal6        0
 metal7        0
 metal8        0
 metal9        0
----------------
       39953


[INFO DRT-0195] Start 1st optimization iteration.
    Completing 10% with 546 violations.
    elapsed time = 00:00:00, memory = 1480.68 (MB).
    Completing 20% with 546 violations.
    elapsed time = 00:00:01, memory = 1480.68 (MB).
    Completing 30% with 427 violations.
    elapsed time = 00:00:02, memory = 1488.49 (MB).
    Completing 40% with 427 violations.
    elapsed time = 00:00:02, memory = 1503.64 (MB).
    Completing 50% with 427 violations.
    elapsed time = 00:00:04, memory = 1505.36 (MB).
    Completing 60% with 295 violations.
    elapsed time = 00:00:05, memory = 1508.33 (MB).
    Completing 70% with 295 violations.
    elapsed time = 00:00:06, memory = 1540.05 (MB).
    Completing 80% with 167 violations.
    elapsed time = 00:00:07, memory = 1544.89 (MB).
    Completing 90% with 167 violations.
    elapsed time = 00:00:08, memory = 1547.71 (MB).
    Completing 100% with 72 violations.
    elapsed time = 00:00:09, memory = 1551.77 (MB).
[INFO DRT-0199]   Number of violations = 72.
Viol/Layer      metal2 metal3
Metal Spacing       16      0
Short               54      2
[INFO DRT-0267] cpu time = 00:01:31, elapsed time = 00:00:09, memory = 1554.74 (MB), peak = 1554.74 (MB)
Total wire length = 50351 um.
Total wire length on LAYER metal1 = 0 um.
Total wire length on LAYER metal2 = 25109 um.
Total wire length on LAYER metal3 = 21546 um.
Total wire length on LAYER metal4 = 2709 um.
Total wire length on LAYER metal5 = 930 um.
Total wire length on LAYER metal6 = 56 um.
Total wire length on LAYER metal7 = 0 um.
Total wire length on LAYER metal8 = 0 um.
Total wire length on LAYER metal9 = 0 um.
Total wire length on LAYER metal10 = 0 um.
Total number of vias = 39624.
Up-via summary (total 39624):

----------------
 active        0
 metal1    23432
 metal2    15564
 metal3      430
 metal4      188
 metal5       10
 metal6        0
 metal7        0
 metal8        0
 metal9        0
----------------
       39624


[INFO DRT-0195] Start 2nd optimization iteration.
    Completing 10% with 72 violations.
    elapsed time = 00:00:00, memory = 1554.74 (MB).
    Completing 20% with 72 violations.
    elapsed time = 00:00:00, memory = 1554.74 (MB).
    Completing 30% with 44 violations.
    elapsed time = 00:00:02, memory = 1557.29 (MB).
    Completing 40% with 44 violations.
    elapsed time = 00:00:02, memory = 1557.29 (MB).
    Completing 50% with 44 violations.
    elapsed time = 00:00:02, memory = 1557.29 (MB).
    Completing 60% with 44 violations.
    elapsed time = 00:00:04, memory = 1572.60 (MB).
    Completing 70% with 44 violations.
    elapsed time = 00:00:04, memory = 1572.60 (MB).
    Completing 80% with 47 violations.
    elapsed time = 00:00:06, memory = 1577.29 (MB).
    Completing 90% with 47 violations.
    elapsed time = 00:00:06, memory = 1577.29 (MB).
    Completing 100% with 40 violations.
    elapsed time = 00:00:07, memory = 1577.29 (MB).
[INFO DRT-0199]   Number of violations = 40.
Viol/Layer      metal2 metal3
Metal Spacing        4      0
Short               35      1
[INFO DRT-0267] cpu time = 00:00:27, elapsed time = 00:00:08, memory = 1577.29 (MB), peak = 1577.29 (MB)
Total wire length = 50290 um.
Total wire length on LAYER metal1 = 0 um.
Total wire length on LAYER metal2 = 25112 um.
Total wire length on LAYER metal3 = 21470 um.
Total wire length on LAYER metal4 = 2713 um.
Total wire length on LAYER metal5 = 938 um.
Total wire length on LAYER metal6 = 56 um.
Total wire length on LAYER metal7 = 0 um.
Total wire length on LAYER metal8 = 0 um.
Total wire length on LAYER metal9 = 0 um.
Total wire length on LAYER metal10 = 0 um.
Total number of vias = 39585.
Up-via summary (total 39585):

----------------
 active        0
 metal1    23439
 metal2    15515
 metal3      430
 metal4      191
 metal5       10
 metal6        0
 metal7        0
 metal8        0
 metal9        0
----------------
       39585


[INFO DRT-0195] Start 3rd guides tiles iteration.
    Completing 10% with 40 violations.
    elapsed time = 00:00:00, memory = 1577.44 (MB).
    Completing 20% with 40 violations.
    elapsed time = 00:00:00, memory = 1577.44 (MB).
    Completing 30% with 40 violations.
    elapsed time = 00:00:00, memory = 1577.44 (MB).
    Completing 40% with 40 violations.
    elapsed time = 00:00:00, memory = 1577.44 (MB).
    Completing 50% with 15 violations.
    elapsed time = 00:00:00, memory = 1577.44 (MB).
    Completing 60% with 15 violations.
    elapsed time = 00:00:00, memory = 1577.44 (MB).
    Completing 70% with 15 violations.
    elapsed time = 00:00:00, memory = 1577.44 (MB).
    Completing 80% with 15 violations.
    elapsed time = 00:00:00, memory = 1577.44 (MB).
    Completing 90% with 2 violations.
    elapsed time = 00:00:00, memory = 1577.44 (MB).
    Completing 100% with 0 violations.
    elapsed time = 00:00:00, memory = 1577.44 (MB).
[INFO DRT-0199]   Number of violations = 0.
[INFO DRT-0267] cpu time = 00:00:02, elapsed time = 00:00:00, memory = 1577.44 (MB), peak = 1577.44 (MB)
Total wire length = 50292 um.
Total wire length on LAYER metal1 = 0 um.
Total wire length on LAYER metal2 = 25022 um.
Total wire length on LAYER metal3 = 21489 um.
Total wire length on LAYER metal4 = 2785 um.
Total wire length on LAYER metal5 = 938 um.
Total wire length on LAYER metal6 = 56 um.
Total wire length on LAYER metal7 = 0 um.
Total wire length on LAYER metal8 = 0 um.
Total wire length on LAYER metal9 = 0 um.
Total wire length on LAYER metal10 = 0 um.
Total number of vias = 39662.
Up-via summary (total 39662):

----------------
 active        0
 metal1    23441
 metal2    15562
 metal3      458
 metal4      191
 metal5       10
 metal6        0
 metal7        0
 metal8        0
 metal9        0
----------------
       39662


[INFO DRT-0198] Complete detail routing.
Total wire length = 50292 um.
Total wire length on LAYER metal1 = 0 um.
Total wire length on LAYER metal2 = 25022 um.
Total wire length on LAYER metal3 = 21489 um.
Total wire length on LAYER metal4 = 2785 um.
Total wire length on LAYER metal5 = 938 um.
Total wire length on LAYER metal6 = 56 um.
Total wire length on LAYER metal7 = 0 um.
Total wire length on LAYER metal8 = 0 um.
Total wire length on LAYER metal9 = 0 um.
Total wire length on LAYER metal10 = 0 um.
Total number of vias = 39662.
Up-via summary (total 39662):

----------------
 active        0
 metal1    23441
 metal2    15562
 metal3      458
 metal4      191
 metal5       10
 metal6        0
 metal7        0
 metal8        0
 metal9        0
----------------
       39662


[INFO DRT-0267] cpu time = 00:03:25, elapsed time = 00:00:28, memory = 1577.60 (MB), peak = 1577.60 (MB)

[INFO DRT-0180] Post processing.
Took 36 seconds: detailed_route -output_drc ./reports/nangate45/tf_lms_sv/base/5_route_drc.rpt -output_maze ./results/nangate45/tf_lms_sv/base/maze.log -droute_end_iter 64 -verbose 1 -drc_report_iter_step 5
[WARNING GRT-0246] No diode with LEF class CORE ANTENNACELL found.
[INFO ANT-0002] Found 0 net violations.
[INFO ANT-0001] Found 0 pin violations.
[INFO ANT-0002] Found 0 net violations.
[INFO ANT-0001] Found 0 pin violations.
write_db ./results/nangate45/tf_lms_sv/base/5_2_route.odb
Elapsed time: 0:37.23[h:]min:sec. CPU time: user 333.71 sys 2.80 (903%). Peak memory: 1615460KB.
Log                        Elapsed/s Peak Memory/MB  sha1sum .odb [0:20)
5_2_route                         37           1577 531f745cdf3299221e01
