KLayout 0.30.3
"polygons" in: FreePDK45_beol_noant.lydrc:42
    Polygons (raw): 24387 (flat)  107 (hierarchical)
    Elapsed: 0.020s  Memory: 438.00M
"polygons" in: FreePDK45_beol_noant.lydrc:43
    Polygons (raw): 18356 (flat)  51 (hierarchical)
    Elapsed: 0.020s  Memory: 438.00M
"polygons" in: FreePDK45_beol_noant.lydrc:44
    Polygons (raw): 18356 (flat)  51 (hierarchical)
    Elapsed: 0.010s  Memory: 439.00M
"polygons" in: FreePDK45_beol_noant.lydrc:45
    Polygons (raw): 18003 (flat)  50 (hierarchical)
    Elapsed: 0.010s  Memory: 439.00M
"polygons" in: FreePDK45_beol_noant.lydrc:46
    Polygons (raw): 18003 (flat)  50 (hierarchical)
    Elapsed: 0.010s  Memory: 439.00M
"polygons" in: FreePDK45_beol_noant.lydrc:47
    Polygons (raw): 0 (flat)  0 (hierarchical)
    Elapsed: 0.000s  Memory: 439.00M
"polygons" in: FreePDK45_beol_noant.lydrc:48
    Polygons (raw): 0 (flat)  0 (hierarchical)
    Elapsed: 0.000s  Memory: 439.00M
"polygons" in: FreePDK45_beol_noant.lydrc:49
    Polygons (raw): 0 (flat)  0 (hierarchical)
    Elapsed: 0.000s  Memory: 439.00M
"polygons" in: FreePDK45_beol_noant.lydrc:50
    Polygons (raw): 47843 (flat)  275 (hierarchical)
    Elapsed: 0.010s  Memory: 439.00M
"polygons" in: FreePDK45_beol_noant.lydrc:51
    Polygons (raw): 159282 (flat)  1138 (hierarchical)
    Elapsed: 0.020s  Memory: 439.00M
"polygons" in: FreePDK45_beol_noant.lydrc:52
    Polygons (raw): 130470 (flat)  659 (hierarchical)
    Elapsed: 0.010s  Memory: 439.00M
"polygons" in: FreePDK45_beol_noant.lydrc:53
    Polygons (raw): 24932 (flat)  5 (hierarchical)
    Elapsed: 0.020s  Memory: 439.00M
"polygons" in: FreePDK45_beol_noant.lydrc:54
    Polygons (raw): 62401 (flat)  22409 (hierarchical)
    Elapsed: 0.030s  Memory: 440.00M
"polygons" in: FreePDK45_beol_noant.lydrc:55
    Polygons (raw): 17053 (flat)  4 (hierarchical)
    Elapsed: 0.020s  Memory: 441.00M
"polygons" in: FreePDK45_beol_noant.lydrc:56
    Polygons (raw): 26450 (flat)  9440 (hierarchical)
    Elapsed: 0.020s  Memory: 441.00M
"polygons" in: FreePDK45_beol_noant.lydrc:57
    Polygons (raw): 1949 (flat)  4 (hierarchical)
    Elapsed: 0.040s  Memory: 441.00M
"polygons" in: FreePDK45_beol_noant.lydrc:58
    Polygons (raw): 1523 (flat)  332 (hierarchical)
    Elapsed: 0.010s  Memory: 441.00M
"polygons" in: FreePDK45_beol_noant.lydrc:59
    Polygons (raw): 681 (flat)  11 (hierarchical)
    Elapsed: 0.020s  Memory: 441.00M
"polygons" in: FreePDK45_beol_noant.lydrc:60
    Polygons (raw): 430 (flat)  135 (hierarchical)
    Elapsed: 0.010s  Memory: 441.00M
"polygons" in: FreePDK45_beol_noant.lydrc:61
    Polygons (raw): 500 (flat)  11 (hierarchical)
    Elapsed: 0.010s  Memory: 441.00M
"polygons" in: FreePDK45_beol_noant.lydrc:62
    Polygons (raw): 132 (flat)  27 (hierarchical)
    Elapsed: 0.010s  Memory: 441.00M
"polygons" in: FreePDK45_beol_noant.lydrc:63
    Polygons (raw): 196 (flat)  4 (hierarchical)
    Elapsed: 0.010s  Memory: 441.00M
"polygons" in: FreePDK45_beol_noant.lydrc:64
    Polygons (raw): 77 (flat)  29 (hierarchical)
    Elapsed: 0.020s  Memory: 441.00M
"polygons" in: FreePDK45_beol_noant.lydrc:65
    Polygons (raw): 0 (flat)  0 (hierarchical)
    Elapsed: 0.000s  Memory: 441.00M
"polygons" in: FreePDK45_beol_noant.lydrc:66
    Polygons (raw): 0 (flat)  0 (hierarchical)
    Elapsed: 0.000s  Memory: 441.00M
"polygons" in: FreePDK45_beol_noant.lydrc:67
    Polygons (raw): 0 (flat)  0 (hierarchical)
    Elapsed: 0.000s  Memory: 441.00M
"polygons" in: FreePDK45_beol_noant.lydrc:68
    Polygons (raw): 0 (flat)  0 (hierarchical)
    Elapsed: 0.000s  Memory: 441.00M
"polygons" in: FreePDK45_beol_noant.lydrc:69
    Polygons (raw): 0 (flat)  0 (hierarchical)
    Elapsed: 0.000s  Memory: 441.00M
"polygons" in: FreePDK45_beol_noant.lydrc:70
    Polygons (raw): 0 (flat)  0 (hierarchical)
    Elapsed: 0.000s  Memory: 441.00M
BEOL checks
"width" in: FreePDK45_beol_noant.lydrc:143
    Edge pairs: 0 (flat)  0 (hierarchical)
    Elapsed: 1.280s  Memory: 461.00M
"output" in: FreePDK45_beol_noant.lydrc:143
    Edge pairs: 0 (flat)  0 (hierarchical)
    Elapsed: 0.020s  Memory: 461.00M
"space" in: FreePDK45_beol_noant.lydrc:144
    Edge pairs: 0 (flat)  0 (hierarchical)
    Elapsed: 7.610s  Memory: 497.00M
"output" in: FreePDK45_beol_noant.lydrc:144
    Edge pairs: 0 (flat)  0 (hierarchical)
    Elapsed: 0.020s  Memory: 464.00M
"enclosing" in: FreePDK45_beol_noant.lydrc:145
    Edge pairs: 300519 (flat)  199559 (hierarchical)
    Elapsed: 2.940s  Memory: 499.00M
"second_edges" in: FreePDK45_beol_noant.lydrc:145
    Edges: 300519 (flat)  199559 (hierarchical)
    Elapsed: 0.020s  Memory: 505.00M
"width" in: FreePDK45_beol_noant.lydrc:146
    Edge pairs: 0 (flat)  0 (hierarchical)
    Elapsed: 0.860s  Memory: 564.00M
"polygons" in: FreePDK45_beol_noant.lydrc:147
    Polygons (raw): 0 (flat)  0 (hierarchical)
    Elapsed: 0.010s  Memory: 558.00M
"interacting" in: FreePDK45_beol_noant.lydrc:147
    Polygons (raw): 0 (flat)  0 (hierarchical)
    Elapsed: 0.010s  Memory: 558.00M
"output" in: FreePDK45_beol_noant.lydrc:147
    Polygons (raw): 0 (flat)  0 (hierarchical)
    Elapsed: 0.000s  Memory: 558.00M
"enclosing" in: FreePDK45_beol_noant.lydrc:148
    Edge pairs: 31220 (flat)  31220 (hierarchical)
    Elapsed: 0.490s  Memory: 569.00M
"second_edges" in: FreePDK45_beol_noant.lydrc:148
    Edges: 31220 (flat)  31220 (hierarchical)
    Elapsed: 0.020s  Memory: 569.00M
"width" in: FreePDK45_beol_noant.lydrc:149
    Edge pairs: 0 (flat)  0 (hierarchical)
    Elapsed: 0.080s  Memory: 572.00M
"polygons" in: FreePDK45_beol_noant.lydrc:150
    Polygons (raw): 0 (flat)  0 (hierarchical)
    Elapsed: 0.000s  Memory: 572.00M
"interacting" in: FreePDK45_beol_noant.lydrc:150
    Polygons (raw): 0 (flat)  0 (hierarchical)
    Elapsed: 0.010s  Memory: 572.00M
"output" in: FreePDK45_beol_noant.lydrc:150
    Polygons (raw): 0 (flat)  0 (hierarchical)
    Elapsed: 0.000s  Memory: 572.00M
"sized" in: FreePDK45_beol_noant.lydrc:78
    Polygons (raw): 18915 (flat)  15617 (hierarchical)
    Elapsed: 0.320s  Memory: 572.00M
"sized" in: FreePDK45_beol_noant.lydrc:78
    Polygons (raw): 18915 (flat)  15617 (hierarchical)
    Elapsed: 0.060s  Memory: 572.00M
"sized" in: FreePDK45_beol_noant.lydrc:78
    Polygons (raw): 1 (flat)  1 (hierarchical)
    Elapsed: 0.230s  Memory: 572.00M
"sized" in: FreePDK45_beol_noant.lydrc:78
    Polygons (raw): 1 (flat)  1 (hierarchical)
    Elapsed: 0.010s  Memory: 572.00M
"sized" in: FreePDK45_beol_noant.lydrc:78
    Polygons (raw): 0 (flat)  0 (hierarchical)
    Elapsed: 0.020s  Memory: 572.00M
"sized" in: FreePDK45_beol_noant.lydrc:78
    Polygons (raw): 0 (flat)  0 (hierarchical)
    Elapsed: 0.000s  Memory: 572.00M
"sized" in: FreePDK45_beol_noant.lydrc:78
    Polygons (raw): 0 (flat)  0 (hierarchical)
    Elapsed: 0.010s  Memory: 572.00M
"sized" in: FreePDK45_beol_noant.lydrc:78
    Polygons (raw): 0 (flat)  0 (hierarchical)
    Elapsed: 0.000s  Memory: 572.00M
"sized" in: FreePDK45_beol_noant.lydrc:78
    Polygons (raw): 0 (flat)  0 (hierarchical)
    Elapsed: 0.010s  Memory: 572.00M
"sized" in: FreePDK45_beol_noant.lydrc:78
    Polygons (raw): 0 (flat)  0 (hierarchical)
    Elapsed: 0.000s  Memory: 572.00M
"edges" in: FreePDK45_beol_noant.lydrc:152
    Edges: 89048 (flat)  75856 (hierarchical)
    Elapsed: 0.010s  Memory: 572.00M
"with_length" in: FreePDK45_beol_noant.lydrc:152
    Edges: 11384 (flat)  8102 (hierarchical)
    Elapsed: 0.010s  Memory: 572.00M
"space" in: FreePDK45_beol_noant.lydrc:152
    Edge pairs: 0 (flat)  0 (hierarchical)
    Elapsed: 0.030s  Memory: 572.00M
"output" in: FreePDK45_beol_noant.lydrc:152
    Edge pairs: 0 (flat)  0 (hierarchical)
    Elapsed: 0.010s  Memory: 572.00M
"edges" in: FreePDK45_beol_noant.lydrc:153
    Edges: 4 (flat)  4 (hierarchical)
    Elapsed: 0.020s  Memory: 572.00M
"with_length" in: FreePDK45_beol_noant.lydrc:153
    Edges: 0 (flat)  0 (hierarchical)
    Elapsed: 0.000s  Memory: 572.00M
"space" in: FreePDK45_beol_noant.lydrc:153
    Edge pairs: 0 (flat)  0 (hierarchical)
    Elapsed: 0.010s  Memory: 572.00M
"output" in: FreePDK45_beol_noant.lydrc:153
    Edge pairs: 0 (flat)  0 (hierarchical)
    Elapsed: 0.010s  Memory: 572.00M
"edges" in: FreePDK45_beol_noant.lydrc:154
    Edges: 0 (flat)  0 (hierarchical)
    Elapsed: 0.000s  Memory: 572.00M
"with_length" in: FreePDK45_beol_noant.lydrc:154
    Edges: 0 (flat)  0 (hierarchical)
    Elapsed: 0.010s  Memory: 572.00M
"space" in: FreePDK45_beol_noant.lydrc:154
    Edge pairs: 0 (flat)  0 (hierarchical)
    Elapsed: 0.020s  Memory: 572.00M
"output" in: FreePDK45_beol_noant.lydrc:154
    Edge pairs: 0 (flat)  0 (hierarchical)
    Elapsed: 0.010s  Memory: 572.00M
"edges" in: FreePDK45_beol_noant.lydrc:155
    Edges: 0 (flat)  0 (hierarchical)
    Elapsed: 0.010s  Memory: 572.00M
"with_length" in: FreePDK45_beol_noant.lydrc:155
    Edges: 0 (flat)  0 (hierarchical)
    Elapsed: 0.010s  Memory: 572.00M
"space" in: FreePDK45_beol_noant.lydrc:155
    Edge pairs: 0 (flat)  0 (hierarchical)
    Elapsed: 0.000s  Memory: 572.00M
"output" in: FreePDK45_beol_noant.lydrc:155
    Edge pairs: 0 (flat)  0 (hierarchical)
    Elapsed: 0.000s  Memory: 572.00M
"edges" in: FreePDK45_beol_noant.lydrc:156
    Edges: 0 (flat)  0 (hierarchical)
    Elapsed: 0.010s  Memory: 572.00M
"with_length" in: FreePDK45_beol_noant.lydrc:156
    Edges: 0 (flat)  0 (hierarchical)
    Elapsed: 0.020s  Memory: 572.00M
"space" in: FreePDK45_beol_noant.lydrc:156
    Edge pairs: 0 (flat)  0 (hierarchical)
    Elapsed: 0.010s  Memory: 572.00M
"output" in: FreePDK45_beol_noant.lydrc:156
    Edge pairs: 0 (flat)  0 (hierarchical)
    Elapsed: 0.010s  Memory: 572.00M
"width" in: FreePDK45_beol_noant.lydrc:159
    Edge pairs: 0 (flat)  0 (hierarchical)
    Elapsed: 0.050s  Memory: 572.00M
"output" in: FreePDK45_beol_noant.lydrc:159
    Edge pairs: 0 (flat)  0 (hierarchical)
    Elapsed: 0.000s  Memory: 572.00M
"space" in: FreePDK45_beol_noant.lydrc:160
    Edge pairs: 0 (flat)  0 (hierarchical)
    Elapsed: 0.090s  Memory: 579.00M
"output" in: FreePDK45_beol_noant.lydrc:160
    Edge pairs: 0 (flat)  0 (hierarchical)
    Elapsed: 0.010s  Memory: 579.00M
"-" in: FreePDK45_beol_noant.lydrc:161
    Polygons (raw): 0 (flat)  0 (hierarchical)
    Elapsed: 0.240s  Memory: 586.00M
"output" in: FreePDK45_beol_noant.lydrc:161
    Polygons (raw): 0 (flat)  0 (hierarchical)
    Elapsed: 0.020s  Memory: 586.00M
"-" in: FreePDK45_beol_noant.lydrc:162
    Polygons (raw): 0 (flat)  0 (hierarchical)
    Elapsed: 0.190s  Memory: 588.00M
"output" in: FreePDK45_beol_noant.lydrc:162
    Polygons (raw): 0 (flat)  0 (hierarchical)
    Elapsed: 0.010s  Memory: 588.00M
"width" in: FreePDK45_beol_noant.lydrc:165
    Edge pairs: 0 (flat)  0 (hierarchical)
    Elapsed: 0.570s  Memory: 588.00M
"output" in: FreePDK45_beol_noant.lydrc:165
    Edge pairs: 0 (flat)  0 (hierarchical)
    Elapsed: 0.020s  Memory: 588.00M
"space" in: FreePDK45_beol_noant.lydrc:166
    Edge pairs: 0 (flat)  0 (hierarchical)
    Elapsed: 0.910s  Memory: 609.00M
"output" in: FreePDK45_beol_noant.lydrc:166
    Edge pairs: 0 (flat)  0 (hierarchical)
    Elapsed: 0.000s  Memory: 609.00M
"enclosing" in: FreePDK45_beol_noant.lydrc:167
    Edge pairs: 41147 (flat)  41147 (hierarchical)
    Elapsed: 0.350s  Memory: 610.00M
"second_edges" in: FreePDK45_beol_noant.lydrc:167
    Edges: 41147 (flat)  41147 (hierarchical)
    Elapsed: 0.010s  Memory: 610.00M
"width" in: FreePDK45_beol_noant.lydrc:168
    Edge pairs: 0 (flat)  0 (hierarchical)
    Elapsed: 0.100s  Memory: 610.00M
"polygons" in: FreePDK45_beol_noant.lydrc:169
    Polygons (raw): 0 (flat)  0 (hierarchical)
    Elapsed: 0.000s  Memory: 610.00M
"interacting" in: FreePDK45_beol_noant.lydrc:169
    Polygons (raw): 0 (flat)  0 (hierarchical)
    Elapsed: 0.000s  Memory: 610.00M
"output" in: FreePDK45_beol_noant.lydrc:169
    Polygons (raw): 0 (flat)  0 (hierarchical)
    Elapsed: 0.000s  Memory: 610.00M
"enclosing" in: FreePDK45_beol_noant.lydrc:170
    Edge pairs: 30944 (flat)  30944 (hierarchical)
    Elapsed: 0.230s  Memory: 610.00M
"second_edges" in: FreePDK45_beol_noant.lydrc:170
    Edges: 30944 (flat)  30944 (hierarchical)
    Elapsed: 0.000s  Memory: 610.00M
"width" in: FreePDK45_beol_noant.lydrc:171
    Edge pairs: 0 (flat)  0 (hierarchical)
    Elapsed: 0.070s  Memory: 610.00M
"polygons" in: FreePDK45_beol_noant.lydrc:172
    Polygons (raw): 0 (flat)  0 (hierarchical)
    Elapsed: 0.000s  Memory: 610.00M
"interacting" in: FreePDK45_beol_noant.lydrc:172
    Polygons (raw): 0 (flat)  0 (hierarchical)
    Elapsed: 0.010s  Memory: 610.00M
"output" in: FreePDK45_beol_noant.lydrc:172
    Polygons (raw): 0 (flat)  0 (hierarchical)
    Elapsed: 0.010s  Memory: 610.00M
"sized" in: FreePDK45_beol_noant.lydrc:78
    Polygons (raw): 507 (flat)  507 (hierarchical)
    Elapsed: 0.100s  Memory: 610.00M
"sized" in: FreePDK45_beol_noant.lydrc:78
    Polygons (raw): 507 (flat)  507 (hierarchical)
    Elapsed: 0.010s  Memory: 610.00M
"sized" in: FreePDK45_beol_noant.lydrc:78
    Polygons (raw): 0 (flat)  0 (hierarchical)
    Elapsed: 0.020s  Memory: 610.00M
"sized" in: FreePDK45_beol_noant.lydrc:78
    Polygons (raw): 0 (flat)  0 (hierarchical)
    Elapsed: 0.010s  Memory: 610.00M
"sized" in: FreePDK45_beol_noant.lydrc:78
    Polygons (raw): 0 (flat)  0 (hierarchical)
    Elapsed: 0.000s  Memory: 610.00M
"sized" in: FreePDK45_beol_noant.lydrc:78
    Polygons (raw): 0 (flat)  0 (hierarchical)
    Elapsed: 0.010s  Memory: 610.00M
"sized" in: FreePDK45_beol_noant.lydrc:78
    Polygons (raw): 0 (flat)  0 (hierarchical)
    Elapsed: 0.000s  Memory: 610.00M
"sized" in: FreePDK45_beol_noant.lydrc:78
    Polygons (raw): 0 (flat)  0 (hierarchical)
    Elapsed: 0.010s  Memory: 610.00M
"sized" in: FreePDK45_beol_noant.lydrc:78
    Polygons (raw): 0 (flat)  0 (hierarchical)
    Elapsed: 0.000s  Memory: 610.00M
"sized" in: FreePDK45_beol_noant.lydrc:78
    Polygons (raw): 0 (flat)  0 (hierarchical)
    Elapsed: 0.010s  Memory: 610.00M
"edges" in: FreePDK45_beol_noant.lydrc:174
    Edges: 2028 (flat)  2028 (hierarchical)
    Elapsed: 0.000s  Memory: 610.00M
"with_length" in: FreePDK45_beol_noant.lydrc:174
    Edges: 994 (flat)  994 (hierarchical)
    Elapsed: 0.000s  Memory: 610.00M
"space" in: FreePDK45_beol_noant.lydrc:174
    Edge pairs: 0 (flat)  0 (hierarchical)
    Elapsed: 0.010s  Memory: 610.00M
"output" in: FreePDK45_beol_noant.lydrc:174
    Edge pairs: 0 (flat)  0 (hierarchical)
    Elapsed: 0.000s  Memory: 610.00M
"edges" in: FreePDK45_beol_noant.lydrc:175
    Edges: 0 (flat)  0 (hierarchical)
    Elapsed: 0.000s  Memory: 610.00M
"with_length" in: FreePDK45_beol_noant.lydrc:175
    Edges: 0 (flat)  0 (hierarchical)
    Elapsed: 0.010s  Memory: 610.00M
"space" in: FreePDK45_beol_noant.lydrc:175
    Edge pairs: 0 (flat)  0 (hierarchical)
    Elapsed: 0.010s  Memory: 610.00M
"output" in: FreePDK45_beol_noant.lydrc:175
    Edge pairs: 0 (flat)  0 (hierarchical)
    Elapsed: 0.000s  Memory: 610.00M
"edges" in: FreePDK45_beol_noant.lydrc:176
    Edges: 0 (flat)  0 (hierarchical)
    Elapsed: 0.010s  Memory: 610.00M
"with_length" in: FreePDK45_beol_noant.lydrc:176
    Edges: 0 (flat)  0 (hierarchical)
    Elapsed: 0.020s  Memory: 610.00M
"space" in: FreePDK45_beol_noant.lydrc:176
    Edge pairs: 0 (flat)  0 (hierarchical)
    Elapsed: 0.010s  Memory: 610.00M
"output" in: FreePDK45_beol_noant.lydrc:176
    Edge pairs: 0 (flat)  0 (hierarchical)
    Elapsed: 0.010s  Memory: 610.00M
"edges" in: FreePDK45_beol_noant.lydrc:177
    Edges: 0 (flat)  0 (hierarchical)
    Elapsed: 0.010s  Memory: 610.00M
"with_length" in: FreePDK45_beol_noant.lydrc:177
    Edges: 0 (flat)  0 (hierarchical)
    Elapsed: 0.010s  Memory: 610.00M
"space" in: FreePDK45_beol_noant.lydrc:177
    Edge pairs: 0 (flat)  0 (hierarchical)
    Elapsed: 0.010s  Memory: 610.00M
"output" in: FreePDK45_beol_noant.lydrc:177
    Edge pairs: 0 (flat)  0 (hierarchical)
    Elapsed: 0.010s  Memory: 610.00M
"edges" in: FreePDK45_beol_noant.lydrc:178
    Edges: 0 (flat)  0 (hierarchical)
    Elapsed: 0.000s  Memory: 610.00M
"with_length" in: FreePDK45_beol_noant.lydrc:178
    Edges: 0 (flat)  0 (hierarchical)
    Elapsed: 0.020s  Memory: 610.00M
"space" in: FreePDK45_beol_noant.lydrc:178
    Edge pairs: 0 (flat)  0 (hierarchical)
    Elapsed: 0.020s  Memory: 610.00M
"output" in: FreePDK45_beol_noant.lydrc:178
    Edge pairs: 0 (flat)  0 (hierarchical)
    Elapsed: 0.010s  Memory: 610.00M
"width" in: FreePDK45_beol_noant.lydrc:181
    Edge pairs: 0 (flat)  0 (hierarchical)
    Elapsed: 0.050s  Memory: 610.00M
"output" in: FreePDK45_beol_noant.lydrc:181
    Edge pairs: 0 (flat)  0 (hierarchical)
    Elapsed: 0.000s  Memory: 610.00M
"space" in: FreePDK45_beol_noant.lydrc:182
    Edge pairs: 0 (flat)  0 (hierarchical)
    Elapsed: 0.050s  Memory: 610.00M
"output" in: FreePDK45_beol_noant.lydrc:182
    Edge pairs: 0 (flat)  0 (hierarchical)
    Elapsed: 0.010s  Memory: 610.00M
"-" in: FreePDK45_beol_noant.lydrc:183
    Polygons (raw): 0 (flat)  0 (hierarchical)
    Elapsed: 0.140s  Memory: 610.00M
"output" in: FreePDK45_beol_noant.lydrc:183
    Polygons (raw): 0 (flat)  0 (hierarchical)
    Elapsed: 0.010s  Memory: 610.00M
"-" in: FreePDK45_beol_noant.lydrc:184
    Polygons (raw): 0 (flat)  0 (hierarchical)
    Elapsed: 0.130s  Memory: 610.00M
"output" in: FreePDK45_beol_noant.lydrc:184
    Polygons (raw): 0 (flat)  0 (hierarchical)
    Elapsed: 0.010s  Memory: 610.00M
"width" in: FreePDK45_beol_noant.lydrc:187
    Edge pairs: 0 (flat)  0 (hierarchical)
    Elapsed: 0.210s  Memory: 610.00M
"output" in: FreePDK45_beol_noant.lydrc:187
    Edge pairs: 0 (flat)  0 (hierarchical)
    Elapsed: 0.020s  Memory: 610.00M
"space" in: FreePDK45_beol_noant.lydrc:188
    Edge pairs: 0 (flat)  0 (hierarchical)
    Elapsed: 0.310s  Memory: 611.00M
"output" in: FreePDK45_beol_noant.lydrc:188
    Edge pairs: 0 (flat)  0 (hierarchical)
    Elapsed: 0.010s  Memory: 611.00M
"enclosing" in: FreePDK45_beol_noant.lydrc:189
    Edge pairs: 30950 (flat)  30950 (hierarchical)
    Elapsed: 0.200s  Memory: 611.00M
"second_edges" in: FreePDK45_beol_noant.lydrc:189
    Edges: 30950 (flat)  30950 (hierarchical)
    Elapsed: 0.020s  Memory: 611.00M
"width" in: FreePDK45_beol_noant.lydrc:190
    Edge pairs: 0 (flat)  0 (hierarchical)
    Elapsed: 0.080s  Memory: 611.00M
"polygons" in: FreePDK45_beol_noant.lydrc:191
    Polygons (raw): 0 (flat)  0 (hierarchical)
    Elapsed: 0.000s  Memory: 611.00M
"interacting" in: FreePDK45_beol_noant.lydrc:191
    Polygons (raw): 0 (flat)  0 (hierarchical)
    Elapsed: 0.010s  Memory: 611.00M
"output" in: FreePDK45_beol_noant.lydrc:191
    Polygons (raw): 0 (flat)  0 (hierarchical)
    Elapsed: 0.010s  Memory: 611.00M
"enclosing" in: FreePDK45_beol_noant.lydrc:192
    Edge pairs: 910 (flat)  910 (hierarchical)
    Elapsed: 0.030s  Memory: 611.00M
"second_edges" in: FreePDK45_beol_noant.lydrc:192
    Edges: 910 (flat)  910 (hierarchical)
    Elapsed: 0.000s  Memory: 611.00M
"width" in: FreePDK45_beol_noant.lydrc:193
    Edge pairs: 0 (flat)  0 (hierarchical)
    Elapsed: 0.020s  Memory: 611.00M
"polygons" in: FreePDK45_beol_noant.lydrc:194
    Polygons (raw): 0 (flat)  0 (hierarchical)
    Elapsed: 0.000s  Memory: 611.00M
"interacting" in: FreePDK45_beol_noant.lydrc:194
    Polygons (raw): 0 (flat)  0 (hierarchical)
    Elapsed: 0.010s  Memory: 611.00M
"output" in: FreePDK45_beol_noant.lydrc:194
    Polygons (raw): 0 (flat)  0 (hierarchical)
    Elapsed: 0.010s  Memory: 611.00M
"sized" in: FreePDK45_beol_noant.lydrc:78
    Polygons (raw): 499 (flat)  499 (hierarchical)
    Elapsed: 0.040s  Memory: 611.00M
"sized" in: FreePDK45_beol_noant.lydrc:78
    Polygons (raw): 499 (flat)  499 (hierarchical)
    Elapsed: 0.000s  Memory: 611.00M
"sized" in: FreePDK45_beol_noant.lydrc:78
    Polygons (raw): 0 (flat)  0 (hierarchical)
    Elapsed: 0.020s  Memory: 611.00M
"sized" in: FreePDK45_beol_noant.lydrc:78
    Polygons (raw): 0 (flat)  0 (hierarchical)
    Elapsed: 0.000s  Memory: 611.00M
"sized" in: FreePDK45_beol_noant.lydrc:78
    Polygons (raw): 0 (flat)  0 (hierarchical)
    Elapsed: 0.010s  Memory: 611.00M
"sized" in: FreePDK45_beol_noant.lydrc:78
    Polygons (raw): 0 (flat)  0 (hierarchical)
    Elapsed: 0.000s  Memory: 611.00M
"sized" in: FreePDK45_beol_noant.lydrc:78
    Polygons (raw): 0 (flat)  0 (hierarchical)
    Elapsed: 0.010s  Memory: 611.00M
"sized" in: FreePDK45_beol_noant.lydrc:78
    Polygons (raw): 0 (flat)  0 (hierarchical)
    Elapsed: 0.000s  Memory: 611.00M
"sized" in: FreePDK45_beol_noant.lydrc:78
    Polygons (raw): 0 (flat)  0 (hierarchical)
    Elapsed: 0.010s  Memory: 611.00M
"sized" in: FreePDK45_beol_noant.lydrc:78
    Polygons (raw): 0 (flat)  0 (hierarchical)
    Elapsed: 0.000s  Memory: 611.00M
"edges" in: FreePDK45_beol_noant.lydrc:196
    Edges: 1996 (flat)  1996 (hierarchical)
    Elapsed: 0.000s  Memory: 611.00M
"with_length" in: FreePDK45_beol_noant.lydrc:196
    Edges: 994 (flat)  994 (hierarchical)
    Elapsed: 0.000s  Memory: 611.00M
"space" in: FreePDK45_beol_noant.lydrc:196
    Edge pairs: 0 (flat)  0 (hierarchical)
    Elapsed: 0.020s  Memory: 611.00M
"output" in: FreePDK45_beol_noant.lydrc:196
    Edge pairs: 0 (flat)  0 (hierarchical)
    Elapsed: 0.000s  Memory: 611.00M
"edges" in: FreePDK45_beol_noant.lydrc:197
    Edges: 0 (flat)  0 (hierarchical)
    Elapsed: 0.000s  Memory: 611.00M
"with_length" in: FreePDK45_beol_noant.lydrc:197
    Edges: 0 (flat)  0 (hierarchical)
    Elapsed: 0.010s  Memory: 611.00M
"space" in: FreePDK45_beol_noant.lydrc:197
    Edge pairs: 0 (flat)  0 (hierarchical)
    Elapsed: 0.020s  Memory: 611.00M
"output" in: FreePDK45_beol_noant.lydrc:197
    Edge pairs: 0 (flat)  0 (hierarchical)
    Elapsed: 0.010s  Memory: 611.00M
"edges" in: FreePDK45_beol_noant.lydrc:198
    Edges: 0 (flat)  0 (hierarchical)
    Elapsed: 0.010s  Memory: 611.00M
"with_length" in: FreePDK45_beol_noant.lydrc:198
    Edges: 0 (flat)  0 (hierarchical)
    Elapsed: 0.010s  Memory: 611.00M
"space" in: FreePDK45_beol_noant.lydrc:198
    Edge pairs: 0 (flat)  0 (hierarchical)
    Elapsed: 0.000s  Memory: 611.00M
"output" in: FreePDK45_beol_noant.lydrc:198
    Edge pairs: 0 (flat)  0 (hierarchical)
    Elapsed: 0.000s  Memory: 611.00M
"edges" in: FreePDK45_beol_noant.lydrc:199
    Edges: 0 (flat)  0 (hierarchical)
    Elapsed: 0.010s  Memory: 611.00M
"with_length" in: FreePDK45_beol_noant.lydrc:199
    Edges: 0 (flat)  0 (hierarchical)
    Elapsed: 0.020s  Memory: 611.00M
"space" in: FreePDK45_beol_noant.lydrc:199
    Edge pairs: 0 (flat)  0 (hierarchical)
    Elapsed: 0.010s  Memory: 611.00M
"output" in: FreePDK45_beol_noant.lydrc:199
    Edge pairs: 0 (flat)  0 (hierarchical)
    Elapsed: 0.010s  Memory: 611.00M
"edges" in: FreePDK45_beol_noant.lydrc:200
    Edges: 0 (flat)  0 (hierarchical)
    Elapsed: 0.010s  Memory: 611.00M
"with_length" in: FreePDK45_beol_noant.lydrc:200
    Edges: 0 (flat)  0 (hierarchical)
    Elapsed: 0.010s  Memory: 611.00M
"space" in: FreePDK45_beol_noant.lydrc:200
    Edge pairs: 0 (flat)  0 (hierarchical)
    Elapsed: 0.010s  Memory: 611.00M
"output" in: FreePDK45_beol_noant.lydrc:200
    Edge pairs: 0 (flat)  0 (hierarchical)
    Elapsed: 0.010s  Memory: 611.00M
"width" in: FreePDK45_beol_noant.lydrc:203
    Edge pairs: 0 (flat)  0 (hierarchical)
    Elapsed: 0.020s  Memory: 611.00M
"output" in: FreePDK45_beol_noant.lydrc:203
    Edge pairs: 0 (flat)  0 (hierarchical)
    Elapsed: 0.000s  Memory: 611.00M
"space" in: FreePDK45_beol_noant.lydrc:204
    Edge pairs: 0 (flat)  0 (hierarchical)
    Elapsed: 0.020s  Memory: 611.00M
"output" in: FreePDK45_beol_noant.lydrc:204
    Edge pairs: 0 (flat)  0 (hierarchical)
    Elapsed: 0.000s  Memory: 611.00M
"-" in: FreePDK45_beol_noant.lydrc:205
    Polygons (raw): 0 (flat)  0 (hierarchical)
    Elapsed: 0.040s  Memory: 611.00M
"output" in: FreePDK45_beol_noant.lydrc:205
    Polygons (raw): 0 (flat)  0 (hierarchical)
    Elapsed: 0.010s  Memory: 611.00M
"-" in: FreePDK45_beol_noant.lydrc:206
    Polygons (raw): 0 (flat)  0 (hierarchical)
    Elapsed: 0.030s  Memory: 611.00M
"output" in: FreePDK45_beol_noant.lydrc:206
    Polygons (raw): 0 (flat)  0 (hierarchical)
    Elapsed: 0.010s  Memory: 611.00M
"width" in: FreePDK45_beol_noant.lydrc:209
    Edge pairs: 0 (flat)  0 (hierarchical)
    Elapsed: 0.030s  Memory: 611.00M
"output" in: FreePDK45_beol_noant.lydrc:209
    Edge pairs: 0 (flat)  0 (hierarchical)
    Elapsed: 0.010s  Memory: 611.00M
"space" in: FreePDK45_beol_noant.lydrc:210
    Edge pairs: 0 (flat)  0 (hierarchical)
    Elapsed: 0.040s  Memory: 611.00M
"output" in: FreePDK45_beol_noant.lydrc:210
    Edge pairs: 0 (flat)  0 (hierarchical)
    Elapsed: 0.020s  Memory: 611.00M
"sized" in: FreePDK45_beol_noant.lydrc:78
    Polygons (raw): 7 (flat)  7 (hierarchical)
    Elapsed: 0.010s  Memory: 611.00M
"sized" in: FreePDK45_beol_noant.lydrc:78
    Polygons (raw): 7 (flat)  7 (hierarchical)
    Elapsed: 0.010s  Memory: 611.00M
"sized" in: FreePDK45_beol_noant.lydrc:78
    Polygons (raw): 0 (flat)  0 (hierarchical)
    Elapsed: 0.020s  Memory: 611.00M
"sized" in: FreePDK45_beol_noant.lydrc:78
    Polygons (raw): 0 (flat)  0 (hierarchical)
    Elapsed: 0.000s  Memory: 611.00M
"sized" in: FreePDK45_beol_noant.lydrc:78
    Polygons (raw): 0 (flat)  0 (hierarchical)
    Elapsed: 0.000s  Memory: 611.00M
"sized" in: FreePDK45_beol_noant.lydrc:78
    Polygons (raw): 0 (flat)  0 (hierarchical)
    Elapsed: 0.010s  Memory: 611.00M
"edges" in: FreePDK45_beol_noant.lydrc:212
    Edges: 28 (flat)  28 (hierarchical)
    Elapsed: 0.000s  Memory: 611.00M
"with_length" in: FreePDK45_beol_noant.lydrc:212
    Edges: 14 (flat)  14 (hierarchical)
    Elapsed: 0.010s  Memory: 611.00M
"space" in: FreePDK45_beol_noant.lydrc:212
    Edge pairs: 0 (flat)  0 (hierarchical)
    Elapsed: 0.020s  Memory: 611.00M
"output" in: FreePDK45_beol_noant.lydrc:212
    Edge pairs: 0 (flat)  0 (hierarchical)
    Elapsed: 0.010s  Memory: 611.00M
"edges" in: FreePDK45_beol_noant.lydrc:213
    Edges: 0 (flat)  0 (hierarchical)
    Elapsed: 0.010s  Memory: 611.00M
"with_length" in: FreePDK45_beol_noant.lydrc:213
    Edges: 0 (flat)  0 (hierarchical)
    Elapsed: 0.010s  Memory: 611.00M
"space" in: FreePDK45_beol_noant.lydrc:213
    Edge pairs: 0 (flat)  0 (hierarchical)
    Elapsed: 0.010s  Memory: 611.00M
"output" in: FreePDK45_beol_noant.lydrc:213
    Edge pairs: 0 (flat)  0 (hierarchical)
    Elapsed: 0.010s  Memory: 611.00M
"edges" in: FreePDK45_beol_noant.lydrc:214
    Edges: 0 (flat)  0 (hierarchical)
    Elapsed: 0.010s  Memory: 611.00M
"with_length" in: FreePDK45_beol_noant.lydrc:214
    Edges: 0 (flat)  0 (hierarchical)
    Elapsed: 0.020s  Memory: 611.00M
"space" in: FreePDK45_beol_noant.lydrc:214
    Edge pairs: 0 (flat)  0 (hierarchical)
    Elapsed: 0.010s  Memory: 611.00M
"output" in: FreePDK45_beol_noant.lydrc:214
    Edge pairs: 0 (flat)  0 (hierarchical)
    Elapsed: 0.000s  Memory: 611.00M
"width" in: FreePDK45_beol_noant.lydrc:217
    Edge pairs: 0 (flat)  0 (hierarchical)
    Elapsed: 0.020s  Memory: 611.00M
"output" in: FreePDK45_beol_noant.lydrc:217
    Edge pairs: 0 (flat)  0 (hierarchical)
    Elapsed: 0.010s  Memory: 611.00M
"space" in: FreePDK45_beol_noant.lydrc:218
    Edge pairs: 0 (flat)  0 (hierarchical)
    Elapsed: 0.010s  Memory: 611.00M
"output" in: FreePDK45_beol_noant.lydrc:218
    Edge pairs: 0 (flat)  0 (hierarchical)
    Elapsed: 0.000s  Memory: 611.00M
"-" in: FreePDK45_beol_noant.lydrc:219
    Polygons (raw): 0 (flat)  0 (hierarchical)
    Elapsed: 0.020s  Memory: 611.00M
"output" in: FreePDK45_beol_noant.lydrc:219
    Polygons (raw): 0 (flat)  0 (hierarchical)
    Elapsed: 0.010s  Memory: 611.00M
"-" in: FreePDK45_beol_noant.lydrc:220
    Polygons (raw): 0 (flat)  0 (hierarchical)
    Elapsed: 0.020s  Memory: 611.00M
"output" in: FreePDK45_beol_noant.lydrc:220
    Polygons (raw): 0 (flat)  0 (hierarchical)
    Elapsed: 0.010s  Memory: 611.00M
"width" in: FreePDK45_beol_noant.lydrc:223
    Edge pairs: 0 (flat)  0 (hierarchical)
    Elapsed: 0.030s  Memory: 611.00M
"output" in: FreePDK45_beol_noant.lydrc:223
    Edge pairs: 0 (flat)  0 (hierarchical)
    Elapsed: 0.020s  Memory: 611.00M
"space" in: FreePDK45_beol_noant.lydrc:224
    Edge pairs: 0 (flat)  0 (hierarchical)
    Elapsed: 0.010s  Memory: 611.00M
"output" in: FreePDK45_beol_noant.lydrc:224
    Edge pairs: 0 (flat)  0 (hierarchical)
    Elapsed: 0.000s  Memory: 611.00M
"sized" in: FreePDK45_beol_noant.lydrc:78
    Polygons (raw): 49 (flat)  49 (hierarchical)
    Elapsed: 0.000s  Memory: 611.00M
"sized" in: FreePDK45_beol_noant.lydrc:78
    Polygons (raw): 49 (flat)  49 (hierarchical)
    Elapsed: 0.000s  Memory: 611.00M
"sized" in: FreePDK45_beol_noant.lydrc:78
    Polygons (raw): 0 (flat)  0 (hierarchical)
    Elapsed: 0.020s  Memory: 611.00M
"sized" in: FreePDK45_beol_noant.lydrc:78
    Polygons (raw): 0 (flat)  0 (hierarchical)
    Elapsed: 0.000s  Memory: 611.00M
"sized" in: FreePDK45_beol_noant.lydrc:78
    Polygons (raw): 0 (flat)  0 (hierarchical)
    Elapsed: 0.010s  Memory: 611.00M
"sized" in: FreePDK45_beol_noant.lydrc:78
    Polygons (raw): 0 (flat)  0 (hierarchical)
    Elapsed: 0.000s  Memory: 611.00M
"edges" in: FreePDK45_beol_noant.lydrc:226
    Edges: 196 (flat)  196 (hierarchical)
    Elapsed: 0.000s  Memory: 611.00M
"with_length" in: FreePDK45_beol_noant.lydrc:226
    Edges: 98 (flat)  98 (hierarchical)
    Elapsed: 0.000s  Memory: 611.00M
"space" in: FreePDK45_beol_noant.lydrc:226
    Edge pairs: 0 (flat)  0 (hierarchical)
    Elapsed: 0.010s  Memory: 611.00M
"output" in: FreePDK45_beol_noant.lydrc:226
    Edge pairs: 0 (flat)  0 (hierarchical)
    Elapsed: 0.010s  Memory: 611.00M
"edges" in: FreePDK45_beol_noant.lydrc:227
    Edges: 0 (flat)  0 (hierarchical)
    Elapsed: 0.010s  Memory: 611.00M
"with_length" in: FreePDK45_beol_noant.lydrc:227
    Edges: 0 (flat)  0 (hierarchical)
    Elapsed: 0.010s  Memory: 611.00M
"space" in: FreePDK45_beol_noant.lydrc:227
    Edge pairs: 0 (flat)  0 (hierarchical)
    Elapsed: 0.010s  Memory: 611.00M
"output" in: FreePDK45_beol_noant.lydrc:227
    Edge pairs: 0 (flat)  0 (hierarchical)
    Elapsed: 0.010s  Memory: 611.00M
"edges" in: FreePDK45_beol_noant.lydrc:228
    Edges: 0 (flat)  0 (hierarchical)
    Elapsed: 0.000s  Memory: 611.00M
"with_length" in: FreePDK45_beol_noant.lydrc:228
    Edges: 0 (flat)  0 (hierarchical)
    Elapsed: 0.010s  Memory: 611.00M
"space" in: FreePDK45_beol_noant.lydrc:228
    Edge pairs: 0 (flat)  0 (hierarchical)
    Elapsed: 0.010s  Memory: 611.00M
"output" in: FreePDK45_beol_noant.lydrc:228
    Edge pairs: 0 (flat)  0 (hierarchical)
    Elapsed: 0.000s  Memory: 611.00M
"width" in: FreePDK45_beol_noant.lydrc:231
    Edge pairs: 0 (flat)  0 (hierarchical)
    Elapsed: 0.020s  Memory: 611.00M
"output" in: FreePDK45_beol_noant.lydrc:231
    Edge pairs: 0 (flat)  0 (hierarchical)
    Elapsed: 0.010s  Memory: 611.00M
"space" in: FreePDK45_beol_noant.lydrc:232
    Edge pairs: 0 (flat)  0 (hierarchical)
    Elapsed: 0.010s  Memory: 611.00M
"output" in: FreePDK45_beol_noant.lydrc:232
    Edge pairs: 0 (flat)  0 (hierarchical)
    Elapsed: 0.000s  Memory: 611.00M
"-" in: FreePDK45_beol_noant.lydrc:233
    Polygons (raw): 0 (flat)  0 (hierarchical)
    Elapsed: 0.020s  Memory: 611.00M
"output" in: FreePDK45_beol_noant.lydrc:233
    Polygons (raw): 0 (flat)  0 (hierarchical)
    Elapsed: 0.010s  Memory: 611.00M
"-" in: FreePDK45_beol_noant.lydrc:234
    Polygons (raw): 0 (flat)  0 (hierarchical)
    Elapsed: 0.010s  Memory: 611.00M
"output" in: FreePDK45_beol_noant.lydrc:234
    Polygons (raw): 0 (flat)  0 (hierarchical)
    Elapsed: 0.010s  Memory: 611.00M
"width" in: FreePDK45_beol_noant.lydrc:237
    Edge pairs: 0 (flat)  0 (hierarchical)
    Elapsed: 0.010s  Memory: 611.00M
"output" in: FreePDK45_beol_noant.lydrc:237
    Edge pairs: 0 (flat)  0 (hierarchical)
    Elapsed: 0.020s  Memory: 611.00M
"space" in: FreePDK45_beol_noant.lydrc:238
    Edge pairs: 0 (flat)  0 (hierarchical)
    Elapsed: 0.010s  Memory: 611.00M
"output" in: FreePDK45_beol_noant.lydrc:238
    Edge pairs: 0 (flat)  0 (hierarchical)
    Elapsed: 0.010s  Memory: 611.00M
"sized" in: FreePDK45_beol_noant.lydrc:78
    Polygons (raw): 49 (flat)  49 (hierarchical)
    Elapsed: 0.010s  Memory: 611.00M
"sized" in: FreePDK45_beol_noant.lydrc:78
    Polygons (raw): 49 (flat)  49 (hierarchical)
    Elapsed: 0.000s  Memory: 611.00M
"sized" in: FreePDK45_beol_noant.lydrc:78
    Polygons (raw): 0 (flat)  0 (hierarchical)
    Elapsed: 0.010s  Memory: 611.00M
"sized" in: FreePDK45_beol_noant.lydrc:78
    Polygons (raw): 0 (flat)  0 (hierarchical)
    Elapsed: 0.010s  Memory: 611.00M
"sized" in: FreePDK45_beol_noant.lydrc:78
    Polygons (raw): 0 (flat)  0 (hierarchical)
    Elapsed: 0.000s  Memory: 611.00M
"sized" in: FreePDK45_beol_noant.lydrc:78
    Polygons (raw): 0 (flat)  0 (hierarchical)
    Elapsed: 0.010s  Memory: 611.00M
"edges" in: FreePDK45_beol_noant.lydrc:240
    Edges: 196 (flat)  196 (hierarchical)
    Elapsed: 0.000s  Memory: 611.00M
"with_length" in: FreePDK45_beol_noant.lydrc:240
    Edges: 98 (flat)  98 (hierarchical)
    Elapsed: 0.000s  Memory: 611.00M
"space" in: FreePDK45_beol_noant.lydrc:240
    Edge pairs: 0 (flat)  0 (hierarchical)
    Elapsed: 0.000s  Memory: 611.00M
"output" in: FreePDK45_beol_noant.lydrc:240
    Edge pairs: 0 (flat)  0 (hierarchical)
    Elapsed: 0.000s  Memory: 611.00M
"edges" in: FreePDK45_beol_noant.lydrc:241
    Edges: 0 (flat)  0 (hierarchical)
    Elapsed: 0.000s  Memory: 611.00M
"with_length" in: FreePDK45_beol_noant.lydrc:241
    Edges: 0 (flat)  0 (hierarchical)
    Elapsed: 0.020s  Memory: 611.00M
"space" in: FreePDK45_beol_noant.lydrc:241
    Edge pairs: 0 (flat)  0 (hierarchical)
    Elapsed: 0.010s  Memory: 611.00M
"output" in: FreePDK45_beol_noant.lydrc:241
    Edge pairs: 0 (flat)  0 (hierarchical)
    Elapsed: 0.010s  Memory: 611.00M
"edges" in: FreePDK45_beol_noant.lydrc:242
    Edges: 0 (flat)  0 (hierarchical)
    Elapsed: 0.010s  Memory: 611.00M
"with_length" in: FreePDK45_beol_noant.lydrc:242
    Edges: 0 (flat)  0 (hierarchical)
    Elapsed: 0.020s  Memory: 611.00M
"space" in: FreePDK45_beol_noant.lydrc:242
    Edge pairs: 0 (flat)  0 (hierarchical)
    Elapsed: 0.010s  Memory: 611.00M
"output" in: FreePDK45_beol_noant.lydrc:242
    Edge pairs: 0 (flat)  0 (hierarchical)
    Elapsed: 0.010s  Memory: 611.00M
"width" in: FreePDK45_beol_noant.lydrc:245
    Edge pairs: 0 (flat)  0 (hierarchical)
    Elapsed: 0.030s  Memory: 611.00M
"output" in: FreePDK45_beol_noant.lydrc:245
    Edge pairs: 0 (flat)  0 (hierarchical)
    Elapsed: 0.010s  Memory: 611.00M
"space" in: FreePDK45_beol_noant.lydrc:246
    Edge pairs: 0 (flat)  0 (hierarchical)
    Elapsed: 0.010s  Memory: 611.00M
"output" in: FreePDK45_beol_noant.lydrc:246
    Edge pairs: 0 (flat)  0 (hierarchical)
    Elapsed: 0.010s  Memory: 611.00M
"-" in: FreePDK45_beol_noant.lydrc:247
    Polygons (raw): 0 (flat)  0 (hierarchical)
    Elapsed: 0.020s  Memory: 611.00M
"output" in: FreePDK45_beol_noant.lydrc:247
    Polygons (raw): 0 (flat)  0 (hierarchical)
    Elapsed: 0.000s  Memory: 611.00M
"-" in: FreePDK45_beol_noant.lydrc:248
    Polygons (raw): 0 (flat)  0 (hierarchical)
    Elapsed: 0.020s  Memory: 611.00M
"output" in: FreePDK45_beol_noant.lydrc:248
    Polygons (raw): 0 (flat)  0 (hierarchical)
    Elapsed: 0.010s  Memory: 611.00M
"width" in: FreePDK45_beol_noant.lydrc:251
    Edge pairs: 0 (flat)  0 (hierarchical)
    Elapsed: 0.010s  Memory: 611.00M
"output" in: FreePDK45_beol_noant.lydrc:251
    Edge pairs: 0 (flat)  0 (hierarchical)
    Elapsed: 0.000s  Memory: 611.00M
"space" in: FreePDK45_beol_noant.lydrc:252
    Edge pairs: 0 (flat)  0 (hierarchical)
    Elapsed: 0.010s  Memory: 611.00M
"output" in: FreePDK45_beol_noant.lydrc:252
    Edge pairs: 0 (flat)  0 (hierarchical)
    Elapsed: 0.010s  Memory: 611.00M
"sized" in: FreePDK45_beol_noant.lydrc:78
    Polygons (raw): 14 (flat)  14 (hierarchical)
    Elapsed: 0.020s  Memory: 611.00M
"sized" in: FreePDK45_beol_noant.lydrc:78
    Polygons (raw): 14 (flat)  14 (hierarchical)
    Elapsed: 0.010s  Memory: 611.00M
"sized" in: FreePDK45_beol_noant.lydrc:78
    Polygons (raw): 14 (flat)  14 (hierarchical)
    Elapsed: 0.020s  Memory: 611.00M
"sized" in: FreePDK45_beol_noant.lydrc:78
    Polygons (raw): 14 (flat)  14 (hierarchical)
    Elapsed: 0.000s  Memory: 611.00M
"sized" in: FreePDK45_beol_noant.lydrc:78
    Polygons (raw): 0 (flat)  0 (hierarchical)
    Elapsed: 0.010s  Memory: 611.00M
"sized" in: FreePDK45_beol_noant.lydrc:78
    Polygons (raw): 0 (flat)  0 (hierarchical)
    Elapsed: 0.000s  Memory: 611.00M
"edges" in: FreePDK45_beol_noant.lydrc:254
    Edges: 56 (flat)  56 (hierarchical)
    Elapsed: 0.000s  Memory: 611.00M
"with_length" in: FreePDK45_beol_noant.lydrc:254
    Edges: 28 (flat)  28 (hierarchical)
    Elapsed: 0.000s  Memory: 611.00M
"space" in: FreePDK45_beol_noant.lydrc:254
    Edge pairs: 0 (flat)  0 (hierarchical)
    Elapsed: 0.010s  Memory: 611.00M
"output" in: FreePDK45_beol_noant.lydrc:254
    Edge pairs: 0 (flat)  0 (hierarchical)
    Elapsed: 0.010s  Memory: 611.00M
"edges" in: FreePDK45_beol_noant.lydrc:255
    Edges: 56 (flat)  56 (hierarchical)
    Elapsed: 0.000s  Memory: 611.00M
"with_length" in: FreePDK45_beol_noant.lydrc:255
    Edges: 28 (flat)  28 (hierarchical)
    Elapsed: 0.010s  Memory: 611.00M
"space" in: FreePDK45_beol_noant.lydrc:255
    Edge pairs: 0 (flat)  0 (hierarchical)
    Elapsed: 0.010s  Memory: 611.00M
"output" in: FreePDK45_beol_noant.lydrc:255
    Edge pairs: 0 (flat)  0 (hierarchical)
    Elapsed: 0.010s  Memory: 611.00M
"edges" in: FreePDK45_beol_noant.lydrc:256
    Edges: 0 (flat)  0 (hierarchical)
    Elapsed: 0.010s  Memory: 611.00M
"with_length" in: FreePDK45_beol_noant.lydrc:256
    Edges: 0 (flat)  0 (hierarchical)
    Elapsed: 0.020s  Memory: 611.00M
"space" in: FreePDK45_beol_noant.lydrc:256
    Edge pairs: 0 (flat)  0 (hierarchical)
    Elapsed: 0.010s  Memory: 611.00M
"output" in: FreePDK45_beol_noant.lydrc:256
    Edge pairs: 0 (flat)  0 (hierarchical)
    Elapsed: 0.010s  Memory: 611.00M
"width" in: FreePDK45_beol_noant.lydrc:259
    Edge pairs: 0 (flat)  0 (hierarchical)
    Elapsed: 0.010s  Memory: 611.00M
"output" in: FreePDK45_beol_noant.lydrc:259
    Edge pairs: 0 (flat)  0 (hierarchical)
    Elapsed: 0.010s  Memory: 611.00M
"space" in: FreePDK45_beol_noant.lydrc:260
    Edge pairs: 0 (flat)  0 (hierarchical)
    Elapsed: 0.000s  Memory: 611.00M
"output" in: FreePDK45_beol_noant.lydrc:260
    Edge pairs: 0 (flat)  0 (hierarchical)
    Elapsed: 0.000s  Memory: 611.00M
"-" in: FreePDK45_beol_noant.lydrc:261
    Polygons (raw): 0 (flat)  0 (hierarchical)
    Elapsed: 0.000s  Memory: 611.00M
"output" in: FreePDK45_beol_noant.lydrc:261
    Polygons (raw): 0 (flat)  0 (hierarchical)
    Elapsed: 0.010s  Memory: 611.00M
"-" in: FreePDK45_beol_noant.lydrc:262
    Polygons (raw): 0 (flat)  0 (hierarchical)
    Elapsed: 0.000s  Memory: 611.00M
"output" in: FreePDK45_beol_noant.lydrc:262
    Polygons (raw): 0 (flat)  0 (hierarchical)
    Elapsed: 0.010s  Memory: 611.00M
"width" in: FreePDK45_beol_noant.lydrc:265
    Edge pairs: 0 (flat)  0 (hierarchical)
    Elapsed: 0.000s  Memory: 611.00M
"output" in: FreePDK45_beol_noant.lydrc:265
    Edge pairs: 0 (flat)  0 (hierarchical)
    Elapsed: 0.000s  Memory: 611.00M
"space" in: FreePDK45_beol_noant.lydrc:266
    Edge pairs: 0 (flat)  0 (hierarchical)
    Elapsed: 0.000s  Memory: 611.00M
"output" in: FreePDK45_beol_noant.lydrc:266
    Edge pairs: 0 (flat)  0 (hierarchical)
    Elapsed: 0.010s  Memory: 611.00M
"sized" in: FreePDK45_beol_noant.lydrc:78
    Polygons (raw): 0 (flat)  0 (hierarchical)
    Elapsed: 0.010s  Memory: 611.00M
"sized" in: FreePDK45_beol_noant.lydrc:78
    Polygons (raw): 0 (flat)  0 (hierarchical)
    Elapsed: 0.000s  Memory: 611.00M
"sized" in: FreePDK45_beol_noant.lydrc:78
    Polygons (raw): 0 (flat)  0 (hierarchical)
    Elapsed: 0.010s  Memory: 611.00M
"sized" in: FreePDK45_beol_noant.lydrc:78
    Polygons (raw): 0 (flat)  0 (hierarchical)
    Elapsed: 0.000s  Memory: 611.00M
"sized" in: FreePDK45_beol_noant.lydrc:78
    Polygons (raw): 0 (flat)  0 (hierarchical)
    Elapsed: 0.010s  Memory: 611.00M
"sized" in: FreePDK45_beol_noant.lydrc:78
    Polygons (raw): 0 (flat)  0 (hierarchical)
    Elapsed: 0.000s  Memory: 611.00M
"edges" in: FreePDK45_beol_noant.lydrc:268
    Edges: 0 (flat)  0 (hierarchical)
    Elapsed: 0.010s  Memory: 611.00M
"with_length" in: FreePDK45_beol_noant.lydrc:268
    Edges: 0 (flat)  0 (hierarchical)
    Elapsed: 0.020s  Memory: 611.00M
"space" in: FreePDK45_beol_noant.lydrc:268
    Edge pairs: 0 (flat)  0 (hierarchical)
    Elapsed: 0.030s  Memory: 611.00M
"output" in: FreePDK45_beol_noant.lydrc:268
    Edge pairs: 0 (flat)  0 (hierarchical)
    Elapsed: 0.010s  Memory: 611.00M
"edges" in: FreePDK45_beol_noant.lydrc:269
    Edges: 0 (flat)  0 (hierarchical)
    Elapsed: 0.010s  Memory: 611.00M
"with_length" in: FreePDK45_beol_noant.lydrc:269
    Edges: 0 (flat)  0 (hierarchical)
    Elapsed: 0.020s  Memory: 611.00M
"space" in: FreePDK45_beol_noant.lydrc:269
    Edge pairs: 0 (flat)  0 (hierarchical)
    Elapsed: 0.010s  Memory: 611.00M
"output" in: FreePDK45_beol_noant.lydrc:269
    Edge pairs: 0 (flat)  0 (hierarchical)
    Elapsed: 0.000s  Memory: 611.00M
"edges" in: FreePDK45_beol_noant.lydrc:270
    Edges: 0 (flat)  0 (hierarchical)
    Elapsed: 0.000s  Memory: 611.00M
"with_length" in: FreePDK45_beol_noant.lydrc:270
    Edges: 0 (flat)  0 (hierarchical)
    Elapsed: 0.010s  Memory: 611.00M
"space" in: FreePDK45_beol_noant.lydrc:270
    Edge pairs: 0 (flat)  0 (hierarchical)
    Elapsed: 0.010s  Memory: 611.00M
"output" in: FreePDK45_beol_noant.lydrc:270
    Edge pairs: 0 (flat)  0 (hierarchical)
    Elapsed: 0.000s  Memory: 611.00M
"width" in: FreePDK45_beol_noant.lydrc:273
    Edge pairs: 0 (flat)  0 (hierarchical)
    Elapsed: 0.000s  Memory: 611.00M
"output" in: FreePDK45_beol_noant.lydrc:273
    Edge pairs: 0 (flat)  0 (hierarchical)
    Elapsed: 0.010s  Memory: 611.00M
"space" in: FreePDK45_beol_noant.lydrc:274
    Edge pairs: 0 (flat)  0 (hierarchical)
    Elapsed: 0.010s  Memory: 611.00M
"output" in: FreePDK45_beol_noant.lydrc:274
    Edge pairs: 0 (flat)  0 (hierarchical)
    Elapsed: 0.010s  Memory: 611.00M
"-" in: FreePDK45_beol_noant.lydrc:275
    Polygons (raw): 0 (flat)  0 (hierarchical)
    Elapsed: 0.010s  Memory: 611.00M
"output" in: FreePDK45_beol_noant.lydrc:275
    Polygons (raw): 0 (flat)  0 (hierarchical)
    Elapsed: 0.000s  Memory: 611.00M
"-" in: FreePDK45_beol_noant.lydrc:276
    Polygons (raw): 0 (flat)  0 (hierarchical)
    Elapsed: 0.010s  Memory: 611.00M
"output" in: FreePDK45_beol_noant.lydrc:276
    Polygons (raw): 0 (flat)  0 (hierarchical)
    Elapsed: 0.010s  Memory: 611.00M
"width" in: FreePDK45_beol_noant.lydrc:279
    Edge pairs: 0 (flat)  0 (hierarchical)
    Elapsed: 0.000s  Memory: 611.00M
"output" in: FreePDK45_beol_noant.lydrc:279
    Edge pairs: 0 (flat)  0 (hierarchical)
    Elapsed: 0.010s  Memory: 611.00M
"space" in: FreePDK45_beol_noant.lydrc:280
    Edge pairs: 0 (flat)  0 (hierarchical)
    Elapsed: 0.010s  Memory: 611.00M
"output" in: FreePDK45_beol_noant.lydrc:280
    Edge pairs: 0 (flat)  0 (hierarchical)
    Elapsed: 0.010s  Memory: 611.00M
"sized" in: FreePDK45_beol_noant.lydrc:78
    Polygons (raw): 0 (flat)  0 (hierarchical)
    Elapsed: 0.000s  Memory: 611.00M
"sized" in: FreePDK45_beol_noant.lydrc:78
    Polygons (raw): 0 (flat)  0 (hierarchical)
    Elapsed: 0.000s  Memory: 611.00M
"sized" in: FreePDK45_beol_noant.lydrc:78
    Polygons (raw): 0 (flat)  0 (hierarchical)
    Elapsed: 0.010s  Memory: 611.00M
"sized" in: FreePDK45_beol_noant.lydrc:78
    Polygons (raw): 0 (flat)  0 (hierarchical)
    Elapsed: 0.000s  Memory: 611.00M
"sized" in: FreePDK45_beol_noant.lydrc:78
    Polygons (raw): 0 (flat)  0 (hierarchical)
    Elapsed: 0.010s  Memory: 611.00M
"sized" in: FreePDK45_beol_noant.lydrc:78
    Polygons (raw): 0 (flat)  0 (hierarchical)
    Elapsed: 0.000s  Memory: 611.00M
"edges" in: FreePDK45_beol_noant.lydrc:282
    Edges: 0 (flat)  0 (hierarchical)
    Elapsed: 0.010s  Memory: 611.00M
"with_length" in: FreePDK45_beol_noant.lydrc:282
    Edges: 0 (flat)  0 (hierarchical)
    Elapsed: 0.020s  Memory: 611.00M
"space" in: FreePDK45_beol_noant.lydrc:282
    Edge pairs: 0 (flat)  0 (hierarchical)
    Elapsed: 0.000s  Memory: 611.00M
"output" in: FreePDK45_beol_noant.lydrc:282
    Edge pairs: 0 (flat)  0 (hierarchical)
    Elapsed: 0.010s  Memory: 611.00M
"edges" in: FreePDK45_beol_noant.lydrc:283
    Edges: 0 (flat)  0 (hierarchical)
    Elapsed: 0.010s  Memory: 611.00M
"with_length" in: FreePDK45_beol_noant.lydrc:283
    Edges: 0 (flat)  0 (hierarchical)
    Elapsed: 0.020s  Memory: 611.00M
"space" in: FreePDK45_beol_noant.lydrc:283
    Edge pairs: 0 (flat)  0 (hierarchical)
    Elapsed: 0.010s  Memory: 611.00M
"output" in: FreePDK45_beol_noant.lydrc:283
    Edge pairs: 0 (flat)  0 (hierarchical)
    Elapsed: 0.010s  Memory: 611.00M
"edges" in: FreePDK45_beol_noant.lydrc:284
    Edges: 0 (flat)  0 (hierarchical)
    Elapsed: 0.010s  Memory: 611.00M
"with_length" in: FreePDK45_beol_noant.lydrc:284
    Edges: 0 (flat)  0 (hierarchical)
    Elapsed: 0.010s  Memory: 611.00M
"space" in: FreePDK45_beol_noant.lydrc:284
    Edge pairs: 0 (flat)  0 (hierarchical)
    Elapsed: 0.020s  Memory: 611.00M
"output" in: FreePDK45_beol_noant.lydrc:284
    Edge pairs: 0 (flat)  0 (hierarchical)
    Elapsed: 0.010s  Memory: 611.00M
"width" in: FreePDK45_beol_noant.lydrc:287
    Edge pairs: 0 (flat)  0 (hierarchical)
    Elapsed: 0.010s  Memory: 611.00M
"output" in: FreePDK45_beol_noant.lydrc:287
    Edge pairs: 0 (flat)  0 (hierarchical)
    Elapsed: 0.010s  Memory: 611.00M
"space" in: FreePDK45_beol_noant.lydrc:288
    Edge pairs: 0 (flat)  0 (hierarchical)
    Elapsed: 0.000s  Memory: 611.00M
"output" in: FreePDK45_beol_noant.lydrc:288
    Edge pairs: 0 (flat)  0 (hierarchical)
    Elapsed: 0.000s  Memory: 611.00M
"-" in: FreePDK45_beol_noant.lydrc:289
    Polygons (raw): 0 (flat)  0 (hierarchical)
    Elapsed: 0.000s  Memory: 611.00M
"output" in: FreePDK45_beol_noant.lydrc:289
    Polygons (raw): 0 (flat)  0 (hierarchical)
    Elapsed: 0.010s  Memory: 611.00M
"-" in: FreePDK45_beol_noant.lydrc:290
    Polygons (raw): 0 (flat)  0 (hierarchical)
    Elapsed: 0.000s  Memory: 611.00M
"output" in: FreePDK45_beol_noant.lydrc:290
    Polygons (raw): 0 (flat)  0 (hierarchical)
    Elapsed: 0.010s  Memory: 611.00M
"width" in: FreePDK45_beol_noant.lydrc:293
    Edge pairs: 0 (flat)  0 (hierarchical)
    Elapsed: 0.000s  Memory: 611.00M
"output" in: FreePDK45_beol_noant.lydrc:293
    Edge pairs: 0 (flat)  0 (hierarchical)
    Elapsed: 0.020s  Memory: 611.00M
"space" in: FreePDK45_beol_noant.lydrc:294
    Edge pairs: 0 (flat)  0 (hierarchical)
    Elapsed: 0.000s  Memory: 611.00M
"output" in: FreePDK45_beol_noant.lydrc:294
    Edge pairs: 0 (flat)  0 (hierarchical)
    Elapsed: 0.010s  Memory: 611.00M
"sized" in: FreePDK45_beol_noant.lydrc:78
    Polygons (raw): 0 (flat)  0 (hierarchical)
    Elapsed: 0.010s  Memory: 611.00M
"sized" in: FreePDK45_beol_noant.lydrc:78
    Polygons (raw): 0 (flat)  0 (hierarchical)
    Elapsed: 0.000s  Memory: 611.00M
"sized" in: FreePDK45_beol_noant.lydrc:78
    Polygons (raw): 0 (flat)  0 (hierarchical)
    Elapsed: 0.010s  Memory: 611.00M
"sized" in: FreePDK45_beol_noant.lydrc:78
    Polygons (raw): 0 (flat)  0 (hierarchical)
    Elapsed: 0.000s  Memory: 611.00M
"sized" in: FreePDK45_beol_noant.lydrc:78
    Polygons (raw): 0 (flat)  0 (hierarchical)
    Elapsed: 0.010s  Memory: 611.00M
"sized" in: FreePDK45_beol_noant.lydrc:78
    Polygons (raw): 0 (flat)  0 (hierarchical)
    Elapsed: 0.000s  Memory: 611.00M
"edges" in: FreePDK45_beol_noant.lydrc:296
    Edges: 0 (flat)  0 (hierarchical)
    Elapsed: 0.010s  Memory: 611.00M
"with_length" in: FreePDK45_beol_noant.lydrc:296
    Edges: 0 (flat)  0 (hierarchical)
    Elapsed: 0.020s  Memory: 611.00M
"space" in: FreePDK45_beol_noant.lydrc:296
    Edge pairs: 0 (flat)  0 (hierarchical)
    Elapsed: 0.000s  Memory: 611.00M
"output" in: FreePDK45_beol_noant.lydrc:296
    Edge pairs: 0 (flat)  0 (hierarchical)
    Elapsed: 0.000s  Memory: 611.00M
"edges" in: FreePDK45_beol_noant.lydrc:297
    Edges: 0 (flat)  0 (hierarchical)
    Elapsed: 0.000s  Memory: 611.00M
"with_length" in: FreePDK45_beol_noant.lydrc:297
    Edges: 0 (flat)  0 (hierarchical)
    Elapsed: 0.010s  Memory: 611.00M
"space" in: FreePDK45_beol_noant.lydrc:297
    Edge pairs: 0 (flat)  0 (hierarchical)
    Elapsed: 0.020s  Memory: 611.00M
"output" in: FreePDK45_beol_noant.lydrc:297
    Edge pairs: 0 (flat)  0 (hierarchical)
    Elapsed: 0.010s  Memory: 611.00M
"edges" in: FreePDK45_beol_noant.lydrc:298
    Edges: 0 (flat)  0 (hierarchical)
    Elapsed: 0.000s  Memory: 611.00M
"with_length" in: FreePDK45_beol_noant.lydrc:298
    Edges: 0 (flat)  0 (hierarchical)
    Elapsed: 0.010s  Memory: 611.00M
"space" in: FreePDK45_beol_noant.lydrc:298
    Edge pairs: 0 (flat)  0 (hierarchical)
    Elapsed: 0.010s  Memory: 611.00M
"output" in: FreePDK45_beol_noant.lydrc:298
    Edge pairs: 0 (flat)  0 (hierarchical)
    Elapsed: 0.010s  Memory: 611.00M
Off-grid checks
Writing report database: /home/chuongvo/OpenROAD-flow-scripts/flow/reports/nangate45/tf_lms_sv/base/6_drc.lyrdb ..
Total elapsed: 23.980s  Memory: 611.00M
Elapsed time: 0:20.51[h:]min:sec. CPU time: user 25.00 sys 0.65 (125%). Peak memory: 626444KB.
