KLayout 0.30.3
"input" in: FreePDK45_orfs3.lylvs:58
    Polygons (raw): 24387 (flat)  107 (hierarchical)
    Elapsed: 0.030s  Memory: 451.00M
"input" in: FreePDK45_orfs3.lylvs:59
    Polygons (raw): 18356 (flat)  51 (hierarchical)
    Elapsed: 0.010s  Memory: 452.00M
"input" in: FreePDK45_orfs3.lylvs:60
    Polygons (raw): 18356 (flat)  51 (hierarchical)
    Elapsed: 0.010s  Memory: 452.00M
"input" in: FreePDK45_orfs3.lylvs:61
    Polygons (raw): 18003 (flat)  50 (hierarchical)
    Elapsed: 0.010s  Memory: 452.00M
"input" in: FreePDK45_orfs3.lylvs:62
    Polygons (raw): 18003 (flat)  50 (hierarchical)
    Elapsed: 0.020s  Memory: 452.00M
"input" in: FreePDK45_orfs3.lylvs:63
    Polygons (raw): 0 (flat)  0 (hierarchical)
    Elapsed: 0.010s  Memory: 452.00M
"input" in: FreePDK45_orfs3.lylvs:64
    Polygons (raw): 0 (flat)  0 (hierarchical)
    Elapsed: 0.000s  Memory: 452.00M
"input" in: FreePDK45_orfs3.lylvs:65
    Polygons (raw): 0 (flat)  0 (hierarchical)
    Elapsed: 0.000s  Memory: 452.00M
"input" in: FreePDK45_orfs3.lylvs:66
    Polygons (raw): 47843 (flat)  275 (hierarchical)
    Elapsed: 0.010s  Memory: 452.00M
"input" in: FreePDK45_orfs3.lylvs:67
    Polygons (raw): 159282 (flat)  1138 (hierarchical)
    Elapsed: 0.020s  Memory: 452.00M
"input" in: FreePDK45_orfs3.lylvs:68
    Polygons (raw): 191193 (flat)  915 (hierarchical)
    Elapsed: 0.010s  Memory: 452.00M
"input" in: FreePDK45_orfs3.lylvs:69
    Polygons (raw): 0 (flat)  0 (hierarchical)
    Elapsed: 0.000s  Memory: 452.00M
"input" in: FreePDK45_orfs3.lylvs:70
    Polygons (raw): 0 (flat)  0 (hierarchical)
    Elapsed: 0.030s  Memory: 452.00M
"input" in: FreePDK45_orfs3.lylvs:71
    Polygons (raw): 24932 (flat)  5 (hierarchical)
    Elapsed: 0.010s  Memory: 452.00M
"input" in: FreePDK45_orfs3.lylvs:72
    Polygons (raw): 62401 (flat)  22409 (hierarchical)
    Elapsed: 0.040s  Memory: 452.00M
"input" in: FreePDK45_orfs3.lylvs:73
    Polygons (raw): 0 (flat)  0 (hierarchical)
    Elapsed: 0.000s  Memory: 452.00M
"input" in: FreePDK45_orfs3.lylvs:74
    Polygons (raw): 0 (flat)  0 (hierarchical)
    Elapsed: 0.000s  Memory: 452.00M
"input" in: FreePDK45_orfs3.lylvs:75
    Polygons (raw): 17053 (flat)  4 (hierarchical)
    Elapsed: 0.020s  Memory: 452.00M
"input" in: FreePDK45_orfs3.lylvs:76
    Polygons (raw): 26450 (flat)  9440 (hierarchical)
    Elapsed: 0.020s  Memory: 452.00M
"input" in: FreePDK45_orfs3.lylvs:77
    Polygons (raw): 0 (flat)  0 (hierarchical)
    Elapsed: 0.000s  Memory: 452.00M
"input" in: FreePDK45_orfs3.lylvs:78
    Polygons (raw): 0 (flat)  0 (hierarchical)
    Elapsed: 0.000s  Memory: 452.00M
"input" in: FreePDK45_orfs3.lylvs:79
    Polygons (raw): 1949 (flat)  4 (hierarchical)
    Elapsed: 0.010s  Memory: 452.00M
"input" in: FreePDK45_orfs3.lylvs:80
    Polygons (raw): 1523 (flat)  332 (hierarchical)
    Elapsed: 0.010s  Memory: 452.00M
"input" in: FreePDK45_orfs3.lylvs:81
    Polygons (raw): 0 (flat)  0 (hierarchical)
    Elapsed: 0.000s  Memory: 452.00M
"input" in: FreePDK45_orfs3.lylvs:82
    Polygons (raw): 0 (flat)  0 (hierarchical)
    Elapsed: 0.000s  Memory: 452.00M
"input" in: FreePDK45_orfs3.lylvs:83
    Polygons (raw): 681 (flat)  11 (hierarchical)
    Elapsed: 0.020s  Memory: 452.00M
"input" in: FreePDK45_orfs3.lylvs:84
    Polygons (raw): 455 (flat)  160 (hierarchical)
    Elapsed: 0.010s  Memory: 452.00M
"input" in: FreePDK45_orfs3.lylvs:85
    Polygons (raw): 0 (flat)  0 (hierarchical)
    Elapsed: 0.000s  Memory: 452.00M
"input" in: FreePDK45_orfs3.lylvs:86
    Polygons (raw): 0 (flat)  0 (hierarchical)
    Elapsed: 0.000s  Memory: 452.00M
"input" in: FreePDK45_orfs3.lylvs:87
    Polygons (raw): 500 (flat)  11 (hierarchical)
    Elapsed: 0.020s  Memory: 452.00M
"input" in: FreePDK45_orfs3.lylvs:88
    Polygons (raw): 142 (flat)  37 (hierarchical)
    Elapsed: 0.010s  Memory: 452.00M
"input" in: FreePDK45_orfs3.lylvs:89
    Polygons (raw): 0 (flat)  0 (hierarchical)
    Elapsed: 0.010s  Memory: 452.00M
"input" in: FreePDK45_orfs3.lylvs:90
    Polygons (raw): 0 (flat)  0 (hierarchical)
    Elapsed: 0.000s  Memory: 452.00M
"input" in: FreePDK45_orfs3.lylvs:91
    Polygons (raw): 196 (flat)  4 (hierarchical)
    Elapsed: 0.010s  Memory: 452.00M
"input" in: FreePDK45_orfs3.lylvs:92
    Polygons (raw): 79 (flat)  31 (hierarchical)
    Elapsed: 0.020s  Memory: 452.00M
"input" in: FreePDK45_orfs3.lylvs:93
    Polygons (raw): 0 (flat)  0 (hierarchical)
    Elapsed: 0.020s  Memory: 452.00M
"input" in: FreePDK45_orfs3.lylvs:94
    Polygons (raw): 0 (flat)  0 (hierarchical)
    Elapsed: 0.000s  Memory: 452.00M
"input" in: FreePDK45_orfs3.lylvs:95
    Polygons (raw): 0 (flat)  0 (hierarchical)
    Elapsed: 0.000s  Memory: 452.00M
"input" in: FreePDK45_orfs3.lylvs:96
    Polygons (raw): 0 (flat)  0 (hierarchical)
    Elapsed: 0.000s  Memory: 452.00M
"input" in: FreePDK45_orfs3.lylvs:97
    Polygons (raw): 0 (flat)  0 (hierarchical)
    Elapsed: 0.000s  Memory: 452.00M
"input" in: FreePDK45_orfs3.lylvs:98
    Polygons (raw): 0 (flat)  0 (hierarchical)
    Elapsed: 0.000s  Memory: 452.00M
"input" in: FreePDK45_orfs3.lylvs:99
    Polygons (raw): 0 (flat)  0 (hierarchical)
    Elapsed: 0.000s  Memory: 452.00M
"input" in: FreePDK45_orfs3.lylvs:100
    Polygons (raw): 0 (flat)  0 (hierarchical)
    Elapsed: 0.000s  Memory: 452.00M
"input" in: FreePDK45_orfs3.lylvs:101
    Polygons (raw): 0 (flat)  0 (hierarchical)
    Elapsed: 0.000s  Memory: 452.00M
"input" in: FreePDK45_orfs3.lylvs:102
    Polygons (raw): 0 (flat)  0 (hierarchical)
    Elapsed: 0.000s  Memory: 452.00M
"input" in: FreePDK45_orfs3.lylvs:103
    Polygons (raw): 0 (flat)  0 (hierarchical)
    Elapsed: 0.000s  Memory: 452.00M
"input" in: FreePDK45_orfs3.lylvs:104
    Polygons (raw): 0 (flat)  0 (hierarchical)
    Elapsed: 0.000s  Memory: 452.00M
"input" in: FreePDK45_orfs3.lylvs:105
    Polygons (raw): 0 (flat)  0 (hierarchical)
    Elapsed: 0.000s  Memory: 452.00M
"input" in: FreePDK45_orfs3.lylvs:106
    Polygons (raw): 0 (flat)  0 (hierarchical)
    Elapsed: 0.000s  Memory: 452.00M
"&" in: FreePDK45_orfs3.lylvs:112
    Polygons (raw): 12193 (flat)  53 (hierarchical)
    Elapsed: 0.530s  Memory: 462.00M
"&" in: FreePDK45_orfs3.lylvs:113
    Polygons (raw): 11840 (flat)  52 (hierarchical)
    Elapsed: 0.060s  Memory: 458.00M
"&" in: FreePDK45_orfs3.lylvs:114
    Polygons (raw): 0 (flat)  0 (hierarchical)
    Elapsed: 0.070s  Memory: 458.00M
"&" in: FreePDK45_orfs3.lylvs:115
    Polygons (raw): 36846 (flat)  280 (hierarchical)
    Elapsed: 0.050s  Memory: 458.00M
"-" in: FreePDK45_orfs3.lylvs:116
    Polygons (raw): 48686 (flat)  332 (hierarchical)
    Elapsed: 0.060s  Memory: 460.00M
"-" in: FreePDK45_orfs3.lylvs:117
    Polygons (raw): 36846 (flat)  280 (hierarchical)
    Elapsed: 0.010s  Memory: 460.00M
"-" in: FreePDK45_orfs3.lylvs:117
    Polygons (raw): 36846 (flat)  280 (hierarchical)
    Elapsed: 0.000s  Memory: 460.00M
"-" in: FreePDK45_orfs3.lylvs:118
    Polygons (raw): 0 (flat)  0 (hierarchical)
    Elapsed: 0.010s  Memory: 460.00M
"-" in: FreePDK45_orfs3.lylvs:118
    Polygons (raw): 0 (flat)  0 (hierarchical)
    Elapsed: 0.000s  Memory: 460.00M
"&" in: FreePDK45_orfs3.lylvs:118
    Polygons (raw): 0 (flat)  0 (hierarchical)
    Elapsed: 0.000s  Memory: 460.00M
"-" in: FreePDK45_orfs3.lylvs:119
    Polygons (raw): 36846 (flat)  280 (hierarchical)
    Elapsed: 0.010s  Memory: 460.00M
"-" in: FreePDK45_orfs3.lylvs:119
    Polygons (raw): 36846 (flat)  280 (hierarchical)
    Elapsed: 0.010s  Memory: 460.00M
"&" in: FreePDK45_orfs3.lylvs:119
    Polygons (raw): 0 (flat)  0 (hierarchical)
    Elapsed: 0.000s  Memory: 460.00M
"&" in: FreePDK45_orfs3.lylvs:121
    Polygons (raw): 12194 (flat)  54 (hierarchical)
    Elapsed: 0.400s  Memory: 466.00M
"&" in: FreePDK45_orfs3.lylvs:122
    Polygons (raw): 11841 (flat)  53 (hierarchical)
    Elapsed: 0.090s  Memory: 462.00M
"&" in: FreePDK45_orfs3.lylvs:123
    Polygons (raw): 0 (flat)  0 (hierarchical)
    Elapsed: 0.050s  Memory: 462.00M
"&" in: FreePDK45_orfs3.lylvs:124
    Polygons (raw): 36846 (flat)  280 (hierarchical)
    Elapsed: 0.050s  Memory: 462.00M
"-" in: FreePDK45_orfs3.lylvs:125
    Polygons (raw): 48687 (flat)  333 (hierarchical)
    Elapsed: 0.060s  Memory: 462.00M
"-" in: FreePDK45_orfs3.lylvs:126
    Polygons (raw): 36846 (flat)  280 (hierarchical)
    Elapsed: 0.000s  Memory: 462.00M
"-" in: FreePDK45_orfs3.lylvs:126
    Polygons (raw): 36846 (flat)  280 (hierarchical)
    Elapsed: 0.010s  Memory: 462.00M
"-" in: FreePDK45_orfs3.lylvs:127
    Polygons (raw): 0 (flat)  0 (hierarchical)
    Elapsed: 0.000s  Memory: 462.00M
"-" in: FreePDK45_orfs3.lylvs:127
    Polygons (raw): 0 (flat)  0 (hierarchical)
    Elapsed: 0.010s  Memory: 462.00M
"&" in: FreePDK45_orfs3.lylvs:127
    Polygons (raw): 0 (flat)  0 (hierarchical)
    Elapsed: 0.000s  Memory: 462.00M
"-" in: FreePDK45_orfs3.lylvs:128
    Polygons (raw): 36846 (flat)  280 (hierarchical)
    Elapsed: 0.010s  Memory: 462.00M
"-" in: FreePDK45_orfs3.lylvs:128
    Polygons (raw): 36846 (flat)  280 (hierarchical)
    Elapsed: 0.000s  Memory: 462.00M
"&" in: FreePDK45_orfs3.lylvs:128
    Polygons (raw): 0 (flat)  0 (hierarchical)
    Elapsed: 0.010s  Memory: 462.00M
"cheat" in: FreePDK45_orfs3.lylvs:133
    Elapsed: 0.100s  Memory: 464.00M
"cheat" in: FreePDK45_orfs3.lylvs:134
    Elapsed: 0.080s  Memory: 463.00M
"cheat" in: FreePDK45_orfs3.lylvs:135
    Elapsed: 0.040s  Memory: 463.00M
"cheat" in: FreePDK45_orfs3.lylvs:138
    Elapsed: 0.050s  Memory: 463.00M
"cheat" in: FreePDK45_orfs3.lylvs:139
    Elapsed: 0.050s  Memory: 463.00M
"cheat" in: FreePDK45_orfs3.lylvs:140
    Elapsed: 0.040s  Memory: 463.00M
"netlist" in: FreePDK45_orfs3.lylvs:488
    Elapsed: 2.250s  Memory: 533.00M
Flatten layout cell (no schematic): VIA_via1_4
Flatten layout cell (no schematic): VIA_via2_5
Flatten layout cell (no schematic): VIA_via1_7
Flatten layout cell (no schematic): VIA_via3_2
Flatten layout cell (no schematic): VIA_via1_2_960_340_1_3_300_300
Flatten layout cell (no schematic): VIA_via3_4_960_340_1_3_320_320
Flatten layout cell (no schematic): VIA_via2_3_960_340_1_3_320_320
Flatten layout cell (no schematic): VIA_via6_7_960_2800_4_1_600_600
Flatten layout cell (no schematic): VIA_via5_6_960_2800_5_2_600_600
Flatten layout cell (no schematic): VIA_via4_5_960_2800_5_2_600_600
Flatten layout cell (no schematic): VIA_via4_0
Flatten layout cell (no schematic): VIA_via5_0
Flatten layout cell (no schematic): FILLCELL_X32
Flatten layout cell (no schematic): FILLCELL_X16
Flatten layout cell (no schematic): FILLCELL_X8
Flatten layout cell (no schematic): FILLCELL_X1
Flatten layout cell (no schematic): FILLCELL_X2
Flatten layout cell (no schematic): FILLCELL_X4
Flatten layout cell (no schematic): TAPCELL_X1
Flatten schematic circuit (no layout): AND2_X2
Flatten schematic circuit (no layout): AND3_X2
Flatten schematic circuit (no layout): AND3_X4
Flatten schematic circuit (no layout): AND4_X2
Flatten schematic circuit (no layout): AND4_X4
Flatten schematic circuit (no layout): AOI211_X1
Flatten schematic circuit (no layout): AOI211_X2
Flatten schematic circuit (no layout): AOI211_X4
Flatten schematic circuit (no layout): AOI21_X2
Flatten schematic circuit (no layout): AOI221_X1
Flatten schematic circuit (no layout): AOI221_X2
Flatten schematic circuit (no layout): AOI221_X4
Flatten schematic circuit (no layout): AOI222_X1
Flatten schematic circuit (no layout): AOI222_X2
Flatten schematic circuit (no layout): AOI222_X4
Flatten schematic circuit (no layout): AOI22_X1
Flatten schematic circuit (no layout): AOI22_X2
Flatten schematic circuit (no layout): AOI22_X4
Flatten schematic circuit (no layout): BUF_X16
Flatten schematic circuit (no layout): BUF_X32
Flatten schematic circuit (no layout): BUF_X8
Flatten schematic circuit (no layout): CLKBUF_X2
Flatten schematic circuit (no layout): CLKGATETST_X1
Flatten schematic circuit (no layout): CLKGATETST_X2
Flatten schematic circuit (no layout): CLKGATETST_X4
Flatten schematic circuit (no layout): CLKGATETST_X8
Flatten schematic circuit (no layout): CLKGATE_X1
Flatten schematic circuit (no layout): CLKGATE_X2
Flatten schematic circuit (no layout): CLKGATE_X4
Flatten schematic circuit (no layout): CLKGATE_X8
Flatten schematic circuit (no layout): DFFRS_X1
Flatten schematic circuit (no layout): DFFRS_X2
Flatten schematic circuit (no layout): DFFR_X2
Flatten schematic circuit (no layout): DFFS_X1
Flatten schematic circuit (no layout): DFFS_X2
Flatten schematic circuit (no layout): DFF_X1
Flatten schematic circuit (no layout): DFF_X2
Flatten schematic circuit (no layout): DLH_X1
Flatten schematic circuit (no layout): DLH_X2
Flatten schematic circuit (no layout): DLL_X1
Flatten schematic circuit (no layout): DLL_X2
Flatten schematic circuit (no layout): INV_X16
Flatten schematic circuit (no layout): INV_X32
Flatten schematic circuit (no layout): LOGIC0_X1
Flatten schematic circuit (no layout): LOGIC1_X1
Flatten schematic circuit (no layout): MUX2_X1
Flatten schematic circuit (no layout): MUX2_X2
Flatten schematic circuit (no layout): NAND4_X2
Flatten schematic circuit (no layout): NOR3_X2
Flatten schematic circuit (no layout): OAI211_X1
Flatten schematic circuit (no layout): OAI211_X2
Flatten schematic circuit (no layout): OAI211_X4
Flatten schematic circuit (no layout): OAI221_X2
Flatten schematic circuit (no layout): OAI221_X4
Flatten schematic circuit (no layout): OAI222_X1
Flatten schematic circuit (no layout): OAI222_X2
Flatten schematic circuit (no layout): OAI222_X4
Flatten schematic circuit (no layout): OAI22_X1
Flatten schematic circuit (no layout): OAI22_X2
Flatten schematic circuit (no layout): OAI22_X4
Flatten schematic circuit (no layout): OAI33_X1
Flatten schematic circuit (no layout): OR2_X2
Flatten schematic circuit (no layout): OR3_X1
Flatten schematic circuit (no layout): OR3_X2
Flatten schematic circuit (no layout): OR3_X4
Flatten schematic circuit (no layout): OR4_X1
Flatten schematic circuit (no layout): OR4_X2
Flatten schematic circuit (no layout): OR4_X4
Flatten schematic circuit (no layout): SDFFRS_X1
Flatten schematic circuit (no layout): SDFFRS_X2
Flatten schematic circuit (no layout): SDFFR_X1
Flatten schematic circuit (no layout): SDFFR_X2
Flatten schematic circuit (no layout): SDFFS_X1
Flatten schematic circuit (no layout): SDFFS_X2
Flatten schematic circuit (no layout): SDFF_X1
Flatten schematic circuit (no layout): SDFF_X2
Flatten schematic circuit (no layout): TBUF_X1
Flatten schematic circuit (no layout): TBUF_X16
Flatten schematic circuit (no layout): TBUF_X2
Flatten schematic circuit (no layout): TBUF_X4
Flatten schematic circuit (no layout): TBUF_X8
Flatten schematic circuit (no layout): TINV_X1
Flatten schematic circuit (no layout): TLAT_X1
Writing netlist: /home/chuongvo/OpenROAD-flow-scripts/flow/results/nangate45/tf_lms_sv/base/tf_lms_sv_extracted.cir ..
Writing LVS database: /home/chuongvo/OpenROAD-flow-scripts/flow/results/nangate45/tf_lms_sv/base/6_lvs.lvsdb ..
Total elapsed: 7.860s  Memory: 532.00M
CONGRATULATIONS! Netlists match.
LVS finished at : 12:21:6  -  LVS duration =  0 hrs. 0 min. 4 sec.
Elapsed time: 0:07.28[h:]min:sec. CPU time: user 9.00 sys 0.45 (129%). Peak memory: 555512KB.
