OpenROAD 26Q1-342-g7c57b1b222 
Features included (+) or not (-): +GPU +GUI +Python
This program is licensed under the BSD-3 license. See the LICENSE file for details.
Components of this program may be licensed under more restrictive licenses which must be honored.
[INFO ORD-0030] Using 20 thread(s).
read_liberty /home/chuongvo/OpenROAD-flow-scripts/flow/platforms/nangate45/lib/NangateOpenCellLibrary_typical.lib
read_db ./results/nangate45/tf_lms_sv/base/6_1_fill.odb
source /home/chuongvo/OpenROAD-flow-scripts/flow/platforms/nangate45/setRC.tcl
write_db ./results/nangate45/tf_lms_sv/base/6_final.odb
Deleted 0 routing obstructions
[INFO RCX-0431] Defined process_corner X with ext_model_index 0
[INFO RCX-0029] Defined extraction corner X
[INFO RCX-0435] Reading extraction model file /home/chuongvo/OpenROAD-flow-scripts/flow/platforms/nangate45/rcx_patterns.rules ...
[INFO RCX-0436] RC segment generation tf_lms_sv (max_merge_res 50.0) ...
[INFO RCX-0040] Final 18500 rc segments
[INFO RCX-0439] Coupling Cap extraction tf_lms_sv ...
[INFO RCX-0440] Coupling threshhold is 0.1000 fF, coupling capacitance less than 0.1000 fF will be grounded.
[INFO RCX-0442] 50% of 33374 wires extracted
[INFO RCX-0442] 100% of 33374 wires extracted
[INFO RCX-0045] Extract 10251 nets, 28036 rsegs, 28036 caps, 41994 ccs
[INFO RCX-0443] 10251 nets finished
[INFO PSM-0040] All shapes on net VDD are connected.
########## IR report #################
Net              : VDD
Corner           : default
Total power      : 5.63e-03 W
Supply voltage   : 1.10e+00 V
Worstcase voltage: 1.09e+00 V
Average voltage  : 1.10e+00 V
Average IR drop  : 1.04e-03 V
Worstcase IR drop: 6.08e-03 V
Percentage drop  : 0.55 %
######################################
[INFO PSM-0040] All shapes on net VSS are connected.
########## IR report #################
Net              : VSS
Corner           : default
Total power      : 5.63e-03 W
Supply voltage   : 0.00e+00 V
Worstcase voltage: 3.71e-03 V
Average voltage  : 8.72e-04 V
Average IR drop  : 8.72e-04 V
Worstcase IR drop: 3.71e-03 V
Percentage drop  : 0.34 %
######################################
Cell type report:                       Count       Area
  Fill cell                              9322   26036.61
  Tap cell                                353      93.90
  Clock buffer                            172     208.54
  Timing Repair Buffer                   3763    3010.32
  Inverter                               1444     773.26
  Clock inverter                           51      46.28
  Sequential cell                         756    4021.92
  Multi-Input combinational cell         2495    4890.41
  Total                                 18356   39081.25
Report metrics stage 6, finish...

==========================================================================
finish report_design_area
--------------------------------------------------------------------------
Design area 12951 um^2 33% utilization.
[WARNING GUI-0076] QStandardPaths: wrong permissions on runtime directory /run/user/1000/, 0755 instead of 0700
Elapsed time: 0:08.07[h:]min:sec. CPU time: user 10.98 sys 4.01 (185%). Peak memory: 402108KB.
Log                        Elapsed/s Peak Memory/MB  sha1sum .odb [0:20)
6_report                           8            392                  N/A
