 
****************************************
Report : area
Design : tf_lms_sv
Version: L-2016.03-SP1
Date   : Thu Mar 26 01:26:00 2026
****************************************

Library(s) Used:

    NangateOpenCellLibrary_typ (File: /home/hoangtrang/IC_design/code/Tool/PDK/Nangate45_icc/icc_lab/logical_lib/NangateOpenCellLibrary_typical.db)

Number of ports:                           34
Number of nets:                          2858
Number of cells:                         2401
Number of combinational cells:           1655
Number of sequential cells:               746
Number of macros/black boxes:               0
Number of buf/inv:                        341
Number of references:                      23

Combinational area:               2770.390026
Buf/Inv area:                      181.412002
Noncombinational area:            3373.411878
Macro/Black Box area:                0.000000
Net Interconnect area:      undefined  (Wire load has zero net area)

Total cell area:                  6143.801904
Total area:                 undefined

Hierarchical area distribution
------------------------------

                                  Global cell area          Local cell area
                                  ------------------  ---------------------------- 
Hierarchical cell                 Absolute   Percent  Combi-     Noncombi-  Black-
                                  Total      Total    national   national   boxes   Design
--------------------------------  ---------  -------  ---------  ---------  ------  ---------
tf_lms_sv                         6143.8019    100.0  2770.3900  3373.4119  0.0000  tf_lms_sv
--------------------------------  ---------  -------  ---------  ---------  ------  ---------
Total                                                 2770.3900  3373.4119  0.0000

1
